2020-05-26 09:24:33:210		进入 iutlwrx4oek340ezjn5gh1jx /adnim/areaChart.aspx

2020-05-26 09:24:33:211		离开 iutlwrx4oek340ezjn5gh1jx /adnim/areaChart.aspx

2020-05-26 09:25:00:291		进入 iutlwrx4oek340ezjn5gh1jx /adnim/handler/GobalHandler.ashx?_op=loginform:[{username:admin},{password:111111},]

2020-05-26 09:25:00:400		离开 iutlwrx4oek340ezjn5gh1jx /adnim/handler/GobalHandler.ashx?_op=login

2020-05-26 09:25:01:330		进入 iutlwrx4oek340ezjn5gh1jx /adnim/handler/information.ashx?_op=V_VedioQuery&name=&_search=false&nd=1590456301323&rows=10&page=1&sidx=Sort&sord=desc

2020-05-26 09:25:01:331		离开 iutlwrx4oek340ezjn5gh1jx /adnim/handler/information.ashx?_op=V_VedioQuery&name=&_search=false&nd=1590456301323&rows=10&page=1&sidx=Sort&sord=desc

2020-05-26 09:25:01:382		进入 iutlwrx4oek340ezjn5gh1jx /adnim/handler/gobalhandler.ashx?_op=getmenu

2020-05-26 09:25:01:388		离开 iutlwrx4oek340ezjn5gh1jx /adnim/handler/gobalhandler.ashx?_op=getmenu

2020-05-26 09:25:01:895		进入 iutlwrx4oek340ezjn5gh1jx /adnim/handler/GobalHandler.ashx?_op=userinfo

2020-05-26 09:25:01:901		离开 iutlwrx4oek340ezjn5gh1jx /adnim/handler/GobalHandler.ashx?_op=userinfo

2020-05-26 09:25:16:253		进入 iutlwrx4oek340ezjn5gh1jx /adnim/handler/gobalhandler.ashx?_op=getmenu

2020-05-26 09:25:16:254		离开 iutlwrx4oek340ezjn5gh1jx /adnim/handler/gobalhandler.ashx?_op=getmenu

2020-05-26 09:25:16:768		进入 iutlwrx4oek340ezjn5gh1jx /adnim/handler/GobalHandler.ashx?_op=userinfo

2020-05-26 09:25:16:769		离开 iutlwrx4oek340ezjn5gh1jx /adnim/handler/GobalHandler.ashx?_op=userinfo

2020-05-26 09:25:18:421		进入 iutlwrx4oek340ezjn5gh1jx /adnim/handler/gobalhandler.ashx?_op=getmenu

2020-05-26 09:25:18:422		离开 iutlwrx4oek340ezjn5gh1jx /adnim/handler/gobalhandler.ashx?_op=getmenu

2020-05-26 09:25:18:924		进入 iutlwrx4oek340ezjn5gh1jx /adnim/handler/GobalHandler.ashx?_op=userinfo

2020-05-26 09:25:18:924		离开 iutlwrx4oek340ezjn5gh1jx /adnim/handler/GobalHandler.ashx?_op=userinfo

2020-05-26 09:25:26:474		进入 iutlwrx4oek340ezjn5gh1jx /adnim/handler/gobalhandler.ashx?_op=getmenu

2020-05-26 09:25:26:476		离开 iutlwrx4oek340ezjn5gh1jx /adnim/handler/gobalhandler.ashx?_op=getmenu

2020-05-26 09:25:26:976		进入 iutlwrx4oek340ezjn5gh1jx /adnim/handler/GobalHandler.ashx?_op=userinfo

2020-05-26 09:25:26:976		离开 iutlwrx4oek340ezjn5gh1jx /adnim/handler/GobalHandler.ashx?_op=userinfo

2020-05-26 09:28:28:362		进入 iutlwrx4oek340ezjn5gh1jx /adnim/handler/gobalhandler.ashx?_op=getmenu

2020-05-26 09:28:28:363		离开 iutlwrx4oek340ezjn5gh1jx /adnim/handler/gobalhandler.ashx?_op=getmenu

2020-05-26 09:28:28:864		进入 iutlwrx4oek340ezjn5gh1jx /adnim/handler/GobalHandler.ashx?_op=userinfo

2020-05-26 09:28:28:864		离开 iutlwrx4oek340ezjn5gh1jx /adnim/handler/GobalHandler.ashx?_op=userinfo

2020-05-26 09:28:30:173		进入 iutlwrx4oek340ezjn5gh1jx /adnim/handler/gobalhandler.ashx?_op=getmenu

2020-05-26 09:28:30:174		离开 iutlwrx4oek340ezjn5gh1jx /adnim/handler/gobalhandler.ashx?_op=getmenu

2020-05-26 09:28:30:675		进入 iutlwrx4oek340ezjn5gh1jx /adnim/handler/GobalHandler.ashx?_op=userinfo

2020-05-26 09:28:30:676		离开 iutlwrx4oek340ezjn5gh1jx /adnim/handler/GobalHandler.ashx?_op=userinfo

2020-05-26 09:28:35:445		进入 iutlwrx4oek340ezjn5gh1jx /adnim/handler/gobalhandler.ashx?_op=getmenu

2020-05-26 09:28:35:446		离开 iutlwrx4oek340ezjn5gh1jx /adnim/handler/gobalhandler.ashx?_op=getmenu

2020-05-26 09:28:35:949		进入 iutlwrx4oek340ezjn5gh1jx /adnim/handler/GobalHandler.ashx?_op=userinfo

2020-05-26 09:28:35:950		离开 iutlwrx4oek340ezjn5gh1jx /adnim/handler/GobalHandler.ashx?_op=userinfo

2020-05-26 09:39:05:331		进入 iutlwrx4oek340ezjn5gh1jx /adnim/handler/gobalhandler.ashx?_op=getmenu

2020-05-26 09:39:05:332		离开 iutlwrx4oek340ezjn5gh1jx /adnim/handler/gobalhandler.ashx?_op=getmenu

2020-05-26 09:39:05:834		进入 iutlwrx4oek340ezjn5gh1jx /adnim/handler/GobalHandler.ashx?_op=userinfo

2020-05-26 09:39:05:835		离开 iutlwrx4oek340ezjn5gh1jx /adnim/handler/GobalHandler.ashx?_op=userinfo

2020-05-26 09:39:16:325		进入 iutlwrx4oek340ezjn5gh1jx /adnim/handler/gobalhandler.ashx?_op=getmenu

2020-05-26 09:39:16:326		离开 iutlwrx4oek340ezjn5gh1jx /adnim/handler/gobalhandler.ashx?_op=getmenu

2020-05-26 09:39:16:827		进入 iutlwrx4oek340ezjn5gh1jx /adnim/handler/GobalHandler.ashx?_op=userinfo

2020-05-26 09:39:16:828		离开 iutlwrx4oek340ezjn5gh1jx /adnim/handler/GobalHandler.ashx?_op=userinfo

2020-05-26 09:39:48:472		进入 iutlwrx4oek340ezjn5gh1jx /adnim/handler/gobalhandler.ashx?_op=getmenu

2020-05-26 09:39:48:559		离开 iutlwrx4oek340ezjn5gh1jx /adnim/handler/gobalhandler.ashx?_op=getmenu

2020-05-26 09:39:48:961		进入 iutlwrx4oek340ezjn5gh1jx /adnim/handler/GobalHandler.ashx?_op=userinfo

2020-05-26 09:39:48:980		离开 iutlwrx4oek340ezjn5gh1jx /adnim/handler/GobalHandler.ashx?_op=userinfo

2020-05-26 09:53:13:804		进入 iutlwrx4oek340ezjn5gh1jx /adnim/handler/gobalhandler.ashx?_op=getmenu

2020-05-26 09:53:13:894		离开 iutlwrx4oek340ezjn5gh1jx /adnim/handler/gobalhandler.ashx?_op=getmenu

2020-05-26 09:53:14:316		进入 iutlwrx4oek340ezjn5gh1jx /adnim/handler/GobalHandler.ashx?_op=userinfo

2020-05-26 09:53:14:403		离开 iutlwrx4oek340ezjn5gh1jx /adnim/handler/GobalHandler.ashx?_op=userinfo

2020-05-26 09:53:25:375		进入 iutlwrx4oek340ezjn5gh1jx /adnim/handler/gobalhandler.ashx?_op=getmenu

2020-05-26 09:53:25:389		离开 iutlwrx4oek340ezjn5gh1jx /adnim/handler/gobalhandler.ashx?_op=getmenu

2020-05-26 09:53:25:880		进入 iutlwrx4oek340ezjn5gh1jx /adnim/handler/GobalHandler.ashx?_op=userinfo

2020-05-26 09:53:25:887		离开 iutlwrx4oek340ezjn5gh1jx /adnim/handler/GobalHandler.ashx?_op=userinfo

2020-05-26 09:53:29:24		进入 iutlwrx4oek340ezjn5gh1jx /adnim/handler/gobalhandler.ashx?_op=getmenu

2020-05-26 09:53:29:35		离开 iutlwrx4oek340ezjn5gh1jx /adnim/handler/gobalhandler.ashx?_op=getmenu

2020-05-26 09:53:29:525		进入 iutlwrx4oek340ezjn5gh1jx /adnim/handler/GobalHandler.ashx?_op=userinfo

2020-05-26 09:53:29:526		离开 iutlwrx4oek340ezjn5gh1jx /adnim/handler/GobalHandler.ashx?_op=userinfo

2020-05-26 09:53:32:512		进入 iutlwrx4oek340ezjn5gh1jx /adnim/handler/gobalhandler.ashx?_op=getmenu

2020-05-26 09:53:32:522		离开 iutlwrx4oek340ezjn5gh1jx /adnim/handler/gobalhandler.ashx?_op=getmenu

2020-05-26 09:53:33:18		进入 iutlwrx4oek340ezjn5gh1jx /adnim/handler/GobalHandler.ashx?_op=userinfo

2020-05-26 09:53:33:83		离开 iutlwrx4oek340ezjn5gh1jx /adnim/handler/GobalHandler.ashx?_op=userinfo

2020-05-26 09:53:38:415		进入 iutlwrx4oek340ezjn5gh1jx /adnim/handler/gobalhandler.ashx?_op=getmenu

2020-05-26 09:53:38:424		离开 iutlwrx4oek340ezjn5gh1jx /adnim/handler/gobalhandler.ashx?_op=getmenu

2020-05-26 09:53:38:916		进入 iutlwrx4oek340ezjn5gh1jx /adnim/handler/GobalHandler.ashx?_op=userinfo

2020-05-26 09:53:38:926		离开 iutlwrx4oek340ezjn5gh1jx /adnim/handler/GobalHandler.ashx?_op=userinfo

2020-05-26 09:53:41:249		进入 iutlwrx4oek340ezjn5gh1jx /adnim/handler/gobalhandler.ashx?_op=getmenu

2020-05-26 09:53:41:251		离开 iutlwrx4oek340ezjn5gh1jx /adnim/handler/gobalhandler.ashx?_op=getmenu

2020-05-26 09:53:41:750		进入 iutlwrx4oek340ezjn5gh1jx /adnim/handler/GobalHandler.ashx?_op=userinfo

2020-05-26 09:53:41:750		离开 iutlwrx4oek340ezjn5gh1jx /adnim/handler/GobalHandler.ashx?_op=userinfo

2020-05-26 09:54:01:242		进入 iutlwrx4oek340ezjn5gh1jx /adnim/handler/gobalhandler.ashx?_op=getmenu

2020-05-26 09:54:01:261		离开 iutlwrx4oek340ezjn5gh1jx /adnim/handler/gobalhandler.ashx?_op=getmenu

2020-05-26 09:54:01:744		进入 iutlwrx4oek340ezjn5gh1jx /adnim/handler/GobalHandler.ashx?_op=userinfo

2020-05-26 09:54:01:753		离开 iutlwrx4oek340ezjn5gh1jx /adnim/handler/GobalHandler.ashx?_op=userinfo

2020-05-26 09:59:16:328		进入 iutlwrx4oek340ezjn5gh1jx /adnim/handler/gobalhandler.ashx?_op=getmenu

2020-05-26 09:59:16:412		离开 iutlwrx4oek340ezjn5gh1jx /adnim/handler/gobalhandler.ashx?_op=getmenu

2020-05-26 09:59:16:853		进入 iutlwrx4oek340ezjn5gh1jx /adnim/handler/GobalHandler.ashx?_op=userinfo

2020-05-26 09:59:16:872		离开 iutlwrx4oek340ezjn5gh1jx /adnim/handler/GobalHandler.ashx?_op=userinfo

2020-05-26 10:29:13:491		进入 iutlwrx4oek340ezjn5gh1jx /adnim/handler/gobalhandler.ashx?_op=getmenu

2020-05-26 10:29:13:846		离开 iutlwrx4oek340ezjn5gh1jx /adnim/handler/gobalhandler.ashx?_op=getmenu

2020-05-26 10:29:13:984		进入 iutlwrx4oek340ezjn5gh1jx /adnim/handler/GobalHandler.ashx?_op=userinfo

2020-05-26 10:29:14:117		离开 iutlwrx4oek340ezjn5gh1jx /adnim/handler/GobalHandler.ashx?_op=userinfo

2020-05-26 10:55:39:302		进入 iutlwrx4oek340ezjn5gh1jx /adnim/handler/gobalhandler.ashx?_op=getmenu

2020-05-26 10:55:39:303		离开 iutlwrx4oek340ezjn5gh1jx /adnim/handler/gobalhandler.ashx?_op=getmenu

2020-05-26 10:55:39:823		进入 iutlwrx4oek340ezjn5gh1jx /adnim/handler/GobalHandler.ashx?_op=userinfo

2020-05-26 10:55:39:833		离开 iutlwrx4oek340ezjn5gh1jx /adnim/handler/GobalHandler.ashx?_op=userinfo

2020-05-26 10:56:18:992		进入 iutlwrx4oek340ezjn5gh1jx /adnim/handler/gobalhandler.ashx?_op=getmenu

2020-05-26 10:56:19:1		离开 iutlwrx4oek340ezjn5gh1jx /adnim/handler/gobalhandler.ashx?_op=getmenu

2020-05-26 10:56:19:507		进入 iutlwrx4oek340ezjn5gh1jx /adnim/handler/GobalHandler.ashx?_op=userinfo

2020-05-26 10:56:19:519		离开 iutlwrx4oek340ezjn5gh1jx /adnim/handler/GobalHandler.ashx?_op=userinfo

2020-05-26 10:56:22:43		进入 iutlwrx4oek340ezjn5gh1jx /adnim/handler/gobalhandler.ashx?_op=getmenu

2020-05-26 10:56:22:59		离开 iutlwrx4oek340ezjn5gh1jx /adnim/handler/gobalhandler.ashx?_op=getmenu

2020-05-26 10:56:22:544		进入 iutlwrx4oek340ezjn5gh1jx /adnim/handler/GobalHandler.ashx?_op=userinfo

2020-05-26 10:56:22:557		离开 iutlwrx4oek340ezjn5gh1jx /adnim/handler/GobalHandler.ashx?_op=userinfo

2020-05-26 10:56:23:609		进入 iutlwrx4oek340ezjn5gh1jx /adnim/handler/gobalhandler.ashx?_op=getmenu

2020-05-26 10:56:23:618		离开 iutlwrx4oek340ezjn5gh1jx /adnim/handler/gobalhandler.ashx?_op=getmenu

2020-05-26 10:56:24:110		进入 iutlwrx4oek340ezjn5gh1jx /adnim/handler/GobalHandler.ashx?_op=userinfo

2020-05-26 10:56:24:124		离开 iutlwrx4oek340ezjn5gh1jx /adnim/handler/GobalHandler.ashx?_op=userinfo

2020-05-26 10:56:41:57		进入 iutlwrx4oek340ezjn5gh1jx /adnim/handler/gobalhandler.ashx?_op=getmenu

2020-05-26 10:56:41:66		离开 iutlwrx4oek340ezjn5gh1jx /adnim/handler/gobalhandler.ashx?_op=getmenu

2020-05-26 10:56:41:582		进入 iutlwrx4oek340ezjn5gh1jx /adnim/handler/GobalHandler.ashx?_op=userinfo

2020-05-26 10:56:41:591		离开 iutlwrx4oek340ezjn5gh1jx /adnim/handler/GobalHandler.ashx?_op=userinfo

2020-05-26 10:56:44:264		进入 iutlwrx4oek340ezjn5gh1jx /adnim/handler/gobalhandler.ashx?_op=getmenu

2020-05-26 10:56:44:274		离开 iutlwrx4oek340ezjn5gh1jx /adnim/handler/gobalhandler.ashx?_op=getmenu

2020-05-26 10:56:44:284		进入 iutlwrx4oek340ezjn5gh1jx /adnim/handler/GobalHandler.ashx?_op=userinfo

2020-05-26 10:56:44:285		离开 iutlwrx4oek340ezjn5gh1jx /adnim/handler/GobalHandler.ashx?_op=userinfo

2020-05-26 10:56:47:257		进入 iutlwrx4oek340ezjn5gh1jx /adnim/handler/gobalhandler.ashx?_op=getmenu

2020-05-26 10:56:47:266		离开 iutlwrx4oek340ezjn5gh1jx /adnim/handler/gobalhandler.ashx?_op=getmenu

2020-05-26 10:56:47:771		进入 iutlwrx4oek340ezjn5gh1jx /adnim/handler/GobalHandler.ashx?_op=userinfo

2020-05-26 10:56:47:779		离开 iutlwrx4oek340ezjn5gh1jx /adnim/handler/GobalHandler.ashx?_op=userinfo

2020-05-26 10:56:49:292		进入 iutlwrx4oek340ezjn5gh1jx /adnim/handler/gobalhandler.ashx?_op=getmenu

2020-05-26 10:56:49:300		离开 iutlwrx4oek340ezjn5gh1jx /adnim/handler/gobalhandler.ashx?_op=getmenu

2020-05-26 10:56:49:793		进入 iutlwrx4oek340ezjn5gh1jx /adnim/handler/GobalHandler.ashx?_op=userinfo

2020-05-26 10:56:49:803		离开 iutlwrx4oek340ezjn5gh1jx /adnim/handler/GobalHandler.ashx?_op=userinfo

2020-05-26 10:56:51:177		进入 iutlwrx4oek340ezjn5gh1jx /adnim/handler/gobalhandler.ashx?_op=getmenu

2020-05-26 10:56:51:186		离开 iutlwrx4oek340ezjn5gh1jx /adnim/handler/gobalhandler.ashx?_op=getmenu

2020-05-26 10:56:51:681		进入 iutlwrx4oek340ezjn5gh1jx /adnim/handler/GobalHandler.ashx?_op=userinfo

2020-05-26 10:56:51:691		离开 iutlwrx4oek340ezjn5gh1jx /adnim/handler/GobalHandler.ashx?_op=userinfo

2020-05-26 10:57:15:825		进入 iutlwrx4oek340ezjn5gh1jx /adnim/handler/gobalhandler.ashx?_op=getmenu

2020-05-26 10:57:15:837		离开 iutlwrx4oek340ezjn5gh1jx /adnim/handler/gobalhandler.ashx?_op=getmenu

2020-05-26 10:57:16:334		进入 iutlwrx4oek340ezjn5gh1jx /adnim/handler/GobalHandler.ashx?_op=userinfo

2020-05-26 10:57:16:348		离开 iutlwrx4oek340ezjn5gh1jx /adnim/handler/GobalHandler.ashx?_op=userinfo

2020-05-26 10:57:58:851		进入 iutlwrx4oek340ezjn5gh1jx /adnim/handler/gobalhandler.ashx?_op=getmenu

2020-05-26 10:57:58:863		离开 iutlwrx4oek340ezjn5gh1jx /adnim/handler/gobalhandler.ashx?_op=getmenu

2020-05-26 10:57:59:357		进入 iutlwrx4oek340ezjn5gh1jx /adnim/handler/GobalHandler.ashx?_op=userinfo

2020-05-26 10:57:59:358		离开 iutlwrx4oek340ezjn5gh1jx /adnim/handler/GobalHandler.ashx?_op=userinfo

2020-05-26 10:58:39:280		进入 iutlwrx4oek340ezjn5gh1jx /adnim/handler/gobalhandler.ashx?_op=getmenu

2020-05-26 10:58:39:288		离开 iutlwrx4oek340ezjn5gh1jx /adnim/handler/gobalhandler.ashx?_op=getmenu

2020-05-26 10:58:39:784		进入 iutlwrx4oek340ezjn5gh1jx /adnim/handler/GobalHandler.ashx?_op=userinfo

2020-05-26 10:58:39:798		离开 iutlwrx4oek340ezjn5gh1jx /adnim/handler/GobalHandler.ashx?_op=userinfo

2020-05-26 10:58:45:256		进入 iutlwrx4oek340ezjn5gh1jx /adnim/handler/gobalhandler.ashx?_op=getmenu

2020-05-26 10:58:45:266		离开 iutlwrx4oek340ezjn5gh1jx /adnim/handler/gobalhandler.ashx?_op=getmenu

2020-05-26 10:58:45:759		进入 iutlwrx4oek340ezjn5gh1jx /adnim/handler/GobalHandler.ashx?_op=userinfo

2020-05-26 10:58:45:772		离开 iutlwrx4oek340ezjn5gh1jx /adnim/handler/GobalHandler.ashx?_op=userinfo

2020-05-26 10:58:48:430		进入 iutlwrx4oek340ezjn5gh1jx /adnim/handler/gobalhandler.ashx?_op=getmenu

2020-05-26 10:58:48:440		离开 iutlwrx4oek340ezjn5gh1jx /adnim/handler/gobalhandler.ashx?_op=getmenu

2020-05-26 10:58:48:944		进入 iutlwrx4oek340ezjn5gh1jx /adnim/handler/GobalHandler.ashx?_op=userinfo

2020-05-26 10:58:48:974		离开 iutlwrx4oek340ezjn5gh1jx /adnim/handler/GobalHandler.ashx?_op=userinfo

2020-05-26 10:59:03:97		进入 iutlwrx4oek340ezjn5gh1jx /adnim/handler/gobalhandler.ashx?_op=getmenu

2020-05-26 10:59:03:103		离开 iutlwrx4oek340ezjn5gh1jx /adnim/handler/gobalhandler.ashx?_op=getmenu

2020-05-26 10:59:03:637		进入 iutlwrx4oek340ezjn5gh1jx /adnim/handler/GobalHandler.ashx?_op=userinfo

2020-05-26 10:59:03:647		离开 iutlwrx4oek340ezjn5gh1jx /adnim/handler/GobalHandler.ashx?_op=userinfo

2020-05-26 10:59:10:604		进入 iutlwrx4oek340ezjn5gh1jx /adnim/handler/gobalhandler.ashx?_op=getmenu

2020-05-26 10:59:10:615		离开 iutlwrx4oek340ezjn5gh1jx /adnim/handler/gobalhandler.ashx?_op=getmenu

2020-05-26 10:59:11:105		进入 iutlwrx4oek340ezjn5gh1jx /adnim/handler/GobalHandler.ashx?_op=userinfo

2020-05-26 10:59:11:116		离开 iutlwrx4oek340ezjn5gh1jx /adnim/handler/GobalHandler.ashx?_op=userinfo

2020-05-26 10:59:12:451		进入 iutlwrx4oek340ezjn5gh1jx /adnim/handler/gobalhandler.ashx?_op=getmenu

2020-05-26 10:59:12:468		离开 iutlwrx4oek340ezjn5gh1jx /adnim/handler/gobalhandler.ashx?_op=getmenu

2020-05-26 10:59:12:952		进入 iutlwrx4oek340ezjn5gh1jx /adnim/handler/GobalHandler.ashx?_op=userinfo

2020-05-26 10:59:12:963		离开 iutlwrx4oek340ezjn5gh1jx /adnim/handler/GobalHandler.ashx?_op=userinfo

2020-05-26 10:59:46:440		进入 iutlwrx4oek340ezjn5gh1jx /adnim/handler/gobalhandler.ashx?_op=getmenu

2020-05-26 10:59:46:457		离开 iutlwrx4oek340ezjn5gh1jx /adnim/handler/gobalhandler.ashx?_op=getmenu

2020-05-26 10:59:46:945		进入 iutlwrx4oek340ezjn5gh1jx /adnim/handler/GobalHandler.ashx?_op=userinfo

2020-05-26 10:59:46:956		离开 iutlwrx4oek340ezjn5gh1jx /adnim/handler/GobalHandler.ashx?_op=userinfo

2020-05-26 11:08:30:896		进入 iutlwrx4oek340ezjn5gh1jx /adnim/handler/gobalhandler.ashx?_op=getmenu

2020-05-26 11:08:30:897		离开 iutlwrx4oek340ezjn5gh1jx /adnim/handler/gobalhandler.ashx?_op=getmenu

2020-05-26 11:08:31:399		进入 iutlwrx4oek340ezjn5gh1jx /adnim/handler/GobalHandler.ashx?_op=userinfo

2020-05-26 11:08:31:409		离开 iutlwrx4oek340ezjn5gh1jx /adnim/handler/GobalHandler.ashx?_op=userinfo

2020-05-26 11:09:29:251		进入 iutlwrx4oek340ezjn5gh1jx /adnim/handler/gobalhandler.ashx?_op=getmenu

2020-05-26 11:09:29:256		离开 iutlwrx4oek340ezjn5gh1jx /adnim/handler/gobalhandler.ashx?_op=getmenu

2020-05-26 11:09:29:765		进入 iutlwrx4oek340ezjn5gh1jx /adnim/handler/GobalHandler.ashx?_op=userinfo

2020-05-26 11:09:29:778		离开 iutlwrx4oek340ezjn5gh1jx /adnim/handler/GobalHandler.ashx?_op=userinfo

2020-05-26 11:11:16:44		进入 iutlwrx4oek340ezjn5gh1jx /adnim/handler/gobalhandler.ashx?_op=getmenu

2020-05-26 11:11:16:57		离开 iutlwrx4oek340ezjn5gh1jx /adnim/handler/gobalhandler.ashx?_op=getmenu

2020-05-26 11:11:16:548		进入 iutlwrx4oek340ezjn5gh1jx /adnim/handler/GobalHandler.ashx?_op=userinfo

2020-05-26 11:11:16:566		离开 iutlwrx4oek340ezjn5gh1jx /adnim/handler/GobalHandler.ashx?_op=userinfo

2020-05-26 11:12:27:643		进入 iutlwrx4oek340ezjn5gh1jx /adnim/handler/gobalhandler.ashx?_op=getmenu

2020-05-26 11:12:27:657		离开 iutlwrx4oek340ezjn5gh1jx /adnim/handler/gobalhandler.ashx?_op=getmenu

2020-05-26 11:12:28:149		进入 iutlwrx4oek340ezjn5gh1jx /adnim/handler/GobalHandler.ashx?_op=userinfo

2020-05-26 11:12:28:176		离开 iutlwrx4oek340ezjn5gh1jx /adnim/handler/GobalHandler.ashx?_op=userinfo

2020-05-26 11:14:15:389		进入 iutlwrx4oek340ezjn5gh1jx /adnim/handler/gobalhandler.ashx?_op=getmenu

2020-05-26 11:14:15:399		离开 iutlwrx4oek340ezjn5gh1jx /adnim/handler/gobalhandler.ashx?_op=getmenu

2020-05-26 11:14:15:895		进入 iutlwrx4oek340ezjn5gh1jx /adnim/handler/GobalHandler.ashx?_op=userinfo

2020-05-26 11:14:15:899		离开 iutlwrx4oek340ezjn5gh1jx /adnim/handler/GobalHandler.ashx?_op=userinfo

2020-05-26 11:19:06:757		进入 iutlwrx4oek340ezjn5gh1jx /adnim/handler/gobalhandler.ashx?_op=getmenu

2020-05-26 11:19:06:759		离开 iutlwrx4oek340ezjn5gh1jx /adnim/handler/gobalhandler.ashx?_op=getmenu

2020-05-26 11:19:07:259		进入 iutlwrx4oek340ezjn5gh1jx /adnim/handler/GobalHandler.ashx?_op=userinfo

2020-05-26 11:19:07:273		离开 iutlwrx4oek340ezjn5gh1jx /adnim/handler/GobalHandler.ashx?_op=userinfo

2020-05-26 11:26:12:138		进入 iutlwrx4oek340ezjn5gh1jx /adnim/handler/gobalhandler.ashx?_op=getmenu

2020-05-26 11:26:12:149		离开 iutlwrx4oek340ezjn5gh1jx /adnim/handler/gobalhandler.ashx?_op=getmenu

2020-05-26 11:26:12:638		进入 iutlwrx4oek340ezjn5gh1jx /adnim/handler/GobalHandler.ashx?_op=userinfo

2020-05-26 11:26:12:651		离开 iutlwrx4oek340ezjn5gh1jx /adnim/handler/GobalHandler.ashx?_op=userinfo

2020-05-26 11:39:35:376		进入 iutlwrx4oek340ezjn5gh1jx /adnim/handler/GobalHandler.ashx?_op=userinfo

2020-05-26 11:39:35:474		离开 iutlwrx4oek340ezjn5gh1jx /adnim/handler/GobalHandler.ashx?_op=userinfo

2020-05-26 11:39:35:876		进入 iutlwrx4oek340ezjn5gh1jx /adnim/handler/gobalhandler.ashx?_op=getmenu

2020-05-26 11:39:35:886		离开 iutlwrx4oek340ezjn5gh1jx /adnim/handler/gobalhandler.ashx?_op=getmenu

2020-05-26 11:39:43:542		进入 iutlwrx4oek340ezjn5gh1jx /adnim/handler/gobalhandler.ashx?_op=getmenu

2020-05-26 11:39:43:552		离开 iutlwrx4oek340ezjn5gh1jx /adnim/handler/gobalhandler.ashx?_op=getmenu

2020-05-26 11:39:44:54		进入 iutlwrx4oek340ezjn5gh1jx /adnim/handler/GobalHandler.ashx?_op=userinfo

2020-05-26 11:39:44:61		离开 iutlwrx4oek340ezjn5gh1jx /adnim/handler/GobalHandler.ashx?_op=userinfo

2020-05-26 11:40:14:363		进入 iutlwrx4oek340ezjn5gh1jx /adnim/handler/gobalhandler.ashx?_op=getmenu

2020-05-26 11:40:14:375		离开 iutlwrx4oek340ezjn5gh1jx /adnim/handler/gobalhandler.ashx?_op=getmenu

2020-05-26 11:40:14:866		进入 iutlwrx4oek340ezjn5gh1jx /adnim/handler/GobalHandler.ashx?_op=userinfo

2020-05-26 11:40:14:887		离开 iutlwrx4oek340ezjn5gh1jx /adnim/handler/GobalHandler.ashx?_op=userinfo

2020-05-26 11:40:49:477		进入 iutlwrx4oek340ezjn5gh1jx /adnim/handler/gobalhandler.ashx?_op=getmenu

2020-05-26 11:40:49:489		离开 iutlwrx4oek340ezjn5gh1jx /adnim/handler/gobalhandler.ashx?_op=getmenu

2020-05-26 11:40:49:989		进入 iutlwrx4oek340ezjn5gh1jx /adnim/handler/GobalHandler.ashx?_op=userinfo

2020-05-26 11:40:50:7		离开 iutlwrx4oek340ezjn5gh1jx /adnim/handler/GobalHandler.ashx?_op=userinfo

2020-05-26 11:40:52:932		进入 iutlwrx4oek340ezjn5gh1jx /adnim/handler/gobalhandler.ashx?_op=getmenu

2020-05-26 11:40:52:943		离开 iutlwrx4oek340ezjn5gh1jx /adnim/handler/gobalhandler.ashx?_op=getmenu

2020-05-26 11:40:53:434		进入 iutlwrx4oek340ezjn5gh1jx /adnim/handler/GobalHandler.ashx?_op=userinfo

2020-05-26 11:40:53:456		离开 iutlwrx4oek340ezjn5gh1jx /adnim/handler/GobalHandler.ashx?_op=userinfo

2020-05-26 11:40:54:968		进入 iutlwrx4oek340ezjn5gh1jx /adnim/handler/gobalhandler.ashx?_op=getmenu

2020-05-26 11:40:54:977		离开 iutlwrx4oek340ezjn5gh1jx /adnim/handler/gobalhandler.ashx?_op=getmenu

2020-05-26 11:40:55:470		进入 iutlwrx4oek340ezjn5gh1jx /adnim/handler/GobalHandler.ashx?_op=userinfo

2020-05-26 11:40:55:484		离开 iutlwrx4oek340ezjn5gh1jx /adnim/handler/GobalHandler.ashx?_op=userinfo

2020-05-26 11:41:25:95		进入 iutlwrx4oek340ezjn5gh1jx /adnim/handler/gobalhandler.ashx?_op=getmenu

2020-05-26 11:41:25:104		离开 iutlwrx4oek340ezjn5gh1jx /adnim/handler/gobalhandler.ashx?_op=getmenu

2020-05-26 11:41:25:597		进入 iutlwrx4oek340ezjn5gh1jx /adnim/handler/GobalHandler.ashx?_op=userinfo

2020-05-26 11:41:25:610		离开 iutlwrx4oek340ezjn5gh1jx /adnim/handler/GobalHandler.ashx?_op=userinfo

2020-05-26 11:42:30:491		进入 iutlwrx4oek340ezjn5gh1jx /adnim/handler/gobalhandler.ashx?_op=getmenu

2020-05-26 11:42:30:502		离开 iutlwrx4oek340ezjn5gh1jx /adnim/handler/gobalhandler.ashx?_op=getmenu

2020-05-26 11:42:30:994		进入 iutlwrx4oek340ezjn5gh1jx /adnim/handler/GobalHandler.ashx?_op=userinfo

2020-05-26 11:42:31:25		离开 iutlwrx4oek340ezjn5gh1jx /adnim/handler/GobalHandler.ashx?_op=userinfo

2020-05-26 11:44:34:0		进入 iutlwrx4oek340ezjn5gh1jx /adnim/handler/gobalhandler.ashx?_op=getmenu

2020-05-26 11:44:34:14		离开 iutlwrx4oek340ezjn5gh1jx /adnim/handler/gobalhandler.ashx?_op=getmenu

2020-05-26 11:44:34:500		进入 iutlwrx4oek340ezjn5gh1jx /adnim/handler/GobalHandler.ashx?_op=userinfo

2020-05-26 11:44:34:508		离开 iutlwrx4oek340ezjn5gh1jx /adnim/handler/GobalHandler.ashx?_op=userinfo

2020-05-26 11:44:43:612		进入 iutlwrx4oek340ezjn5gh1jx /adnim/handler/gobalhandler.ashx?_op=getmenu

2020-05-26 11:44:43:622		离开 iutlwrx4oek340ezjn5gh1jx /adnim/handler/gobalhandler.ashx?_op=getmenu

2020-05-26 11:44:44:128		进入 iutlwrx4oek340ezjn5gh1jx /adnim/handler/GobalHandler.ashx?_op=userinfo

2020-05-26 11:44:44:138		离开 iutlwrx4oek340ezjn5gh1jx /adnim/handler/GobalHandler.ashx?_op=userinfo

2020-05-26 11:46:01:793		进入 iutlwrx4oek340ezjn5gh1jx /adnim/handler/gobalhandler.ashx?_op=getmenu

2020-05-26 11:46:01:803		离开 iutlwrx4oek340ezjn5gh1jx /adnim/handler/gobalhandler.ashx?_op=getmenu

2020-05-26 11:46:02:317		进入 iutlwrx4oek340ezjn5gh1jx /adnim/handler/GobalHandler.ashx?_op=userinfo

2020-05-26 11:46:02:319		离开 iutlwrx4oek340ezjn5gh1jx /adnim/handler/GobalHandler.ashx?_op=userinfo

2020-05-26 11:46:15:195		进入 iutlwrx4oek340ezjn5gh1jx /adnim/handler/gobalhandler.ashx?_op=getmenu

2020-05-26 11:46:15:204		离开 iutlwrx4oek340ezjn5gh1jx /adnim/handler/gobalhandler.ashx?_op=getmenu

2020-05-26 11:46:15:702		进入 iutlwrx4oek340ezjn5gh1jx /adnim/handler/GobalHandler.ashx?_op=userinfo

2020-05-26 11:46:15:730		离开 iutlwrx4oek340ezjn5gh1jx /adnim/handler/GobalHandler.ashx?_op=userinfo

2020-05-26 11:47:01:790		进入 iutlwrx4oek340ezjn5gh1jx /adnim/handler/gobalhandler.ashx?_op=getmenu

2020-05-26 11:47:01:799		离开 iutlwrx4oek340ezjn5gh1jx /adnim/handler/gobalhandler.ashx?_op=getmenu

2020-05-26 11:47:02:301		进入 iutlwrx4oek340ezjn5gh1jx /adnim/handler/GobalHandler.ashx?_op=userinfo

2020-05-26 11:47:02:326		离开 iutlwrx4oek340ezjn5gh1jx /adnim/handler/GobalHandler.ashx?_op=userinfo

2020-05-26 11:47:07:566		进入 iutlwrx4oek340ezjn5gh1jx /adnim/handler/gobalhandler.ashx?_op=getmenu

2020-05-26 11:47:07:574		离开 iutlwrx4oek340ezjn5gh1jx /adnim/handler/gobalhandler.ashx?_op=getmenu

2020-05-26 11:47:08:68		进入 iutlwrx4oek340ezjn5gh1jx /adnim/handler/GobalHandler.ashx?_op=userinfo

2020-05-26 11:47:08:76		离开 iutlwrx4oek340ezjn5gh1jx /adnim/handler/GobalHandler.ashx?_op=userinfo

2020-05-26 11:47:11:879		进入 iutlwrx4oek340ezjn5gh1jx /adnim/handler/gobalhandler.ashx?_op=getmenu

2020-05-26 11:47:11:887		离开 iutlwrx4oek340ezjn5gh1jx /adnim/handler/gobalhandler.ashx?_op=getmenu

2020-05-26 11:47:12:381		进入 iutlwrx4oek340ezjn5gh1jx /adnim/handler/GobalHandler.ashx?_op=userinfo

2020-05-26 11:47:12:390		离开 iutlwrx4oek340ezjn5gh1jx /adnim/handler/GobalHandler.ashx?_op=userinfo

2020-05-26 11:47:47:835		进入 iutlwrx4oek340ezjn5gh1jx /adnim/handler/gobalhandler.ashx?_op=getmenu

2020-05-26 11:47:47:845		离开 iutlwrx4oek340ezjn5gh1jx /adnim/handler/gobalhandler.ashx?_op=getmenu

2020-05-26 11:47:48:347		进入 iutlwrx4oek340ezjn5gh1jx /adnim/handler/GobalHandler.ashx?_op=userinfo

2020-05-26 11:47:48:363		离开 iutlwrx4oek340ezjn5gh1jx /adnim/handler/GobalHandler.ashx?_op=userinfo

2020-05-26 11:48:58:871		进入 iutlwrx4oek340ezjn5gh1jx /adnim/handler/gobalhandler.ashx?_op=getmenu

2020-05-26 11:48:58:908		离开 iutlwrx4oek340ezjn5gh1jx /adnim/handler/gobalhandler.ashx?_op=getmenu

2020-05-26 11:48:59:384		进入 iutlwrx4oek340ezjn5gh1jx /adnim/handler/GobalHandler.ashx?_op=userinfo

2020-05-26 11:48:59:401		离开 iutlwrx4oek340ezjn5gh1jx /adnim/handler/GobalHandler.ashx?_op=userinfo

2020-05-26 11:49:54:263		进入 iutlwrx4oek340ezjn5gh1jx /adnim/handler/gobalhandler.ashx?_op=getmenu

2020-05-26 11:49:54:273		离开 iutlwrx4oek340ezjn5gh1jx /adnim/handler/gobalhandler.ashx?_op=getmenu

2020-05-26 11:49:54:781		进入 iutlwrx4oek340ezjn5gh1jx /adnim/handler/GobalHandler.ashx?_op=userinfo

2020-05-26 11:49:54:795		离开 iutlwrx4oek340ezjn5gh1jx /adnim/handler/GobalHandler.ashx?_op=userinfo

2020-05-26 11:49:58:384		进入 iutlwrx4oek340ezjn5gh1jx /adnim/handler/gobalhandler.ashx?_op=getmenu

2020-05-26 11:49:58:393		离开 iutlwrx4oek340ezjn5gh1jx /adnim/handler/gobalhandler.ashx?_op=getmenu

2020-05-26 11:49:58:895		进入 iutlwrx4oek340ezjn5gh1jx /adnim/handler/GobalHandler.ashx?_op=userinfo

2020-05-26 11:49:58:896		离开 iutlwrx4oek340ezjn5gh1jx /adnim/handler/GobalHandler.ashx?_op=userinfo

2020-05-26 11:50:03:779		进入 iutlwrx4oek340ezjn5gh1jx /adnim/handler/gobalhandler.ashx?_op=getmenu

2020-05-26 11:50:03:789		离开 iutlwrx4oek340ezjn5gh1jx /adnim/handler/gobalhandler.ashx?_op=getmenu

2020-05-26 11:50:04:293		进入 iutlwrx4oek340ezjn5gh1jx /adnim/handler/GobalHandler.ashx?_op=userinfo

2020-05-26 11:50:04:302		离开 iutlwrx4oek340ezjn5gh1jx /adnim/handler/GobalHandler.ashx?_op=userinfo

2020-05-26 11:50:19:147		进入 iutlwrx4oek340ezjn5gh1jx /adnim/handler/gobalhandler.ashx?_op=getmenu

2020-05-26 11:50:19:176		离开 iutlwrx4oek340ezjn5gh1jx /adnim/handler/gobalhandler.ashx?_op=getmenu

2020-05-26 11:50:19:648		进入 iutlwrx4oek340ezjn5gh1jx /adnim/handler/GobalHandler.ashx?_op=userinfo

2020-05-26 11:50:19:648		离开 iutlwrx4oek340ezjn5gh1jx /adnim/handler/GobalHandler.ashx?_op=userinfo

2020-05-26 11:51:15:518		进入 iutlwrx4oek340ezjn5gh1jx /adnim/handler/gobalhandler.ashx?_op=getmenu

2020-05-26 11:51:15:529		离开 iutlwrx4oek340ezjn5gh1jx /adnim/handler/gobalhandler.ashx?_op=getmenu

2020-05-26 11:51:16:22		进入 iutlwrx4oek340ezjn5gh1jx /adnim/handler/GobalHandler.ashx?_op=userinfo

2020-05-26 11:51:16:35		离开 iutlwrx4oek340ezjn5gh1jx /adnim/handler/GobalHandler.ashx?_op=userinfo

2020-05-26 11:51:26:422		进入 iutlwrx4oek340ezjn5gh1jx /adnim/handler/gobalhandler.ashx?_op=getmenu

2020-05-26 11:51:26:432		离开 iutlwrx4oek340ezjn5gh1jx /adnim/handler/gobalhandler.ashx?_op=getmenu

2020-05-26 11:51:26:924		进入 iutlwrx4oek340ezjn5gh1jx /adnim/handler/GobalHandler.ashx?_op=userinfo

2020-05-26 11:51:26:925		离开 iutlwrx4oek340ezjn5gh1jx /adnim/handler/GobalHandler.ashx?_op=userinfo

2020-05-26 11:51:28:460		进入 iutlwrx4oek340ezjn5gh1jx /adnim/handler/gobalhandler.ashx?_op=getmenu

2020-05-26 11:51:28:462		离开 iutlwrx4oek340ezjn5gh1jx /adnim/handler/gobalhandler.ashx?_op=getmenu

2020-05-26 11:51:28:970		进入 iutlwrx4oek340ezjn5gh1jx /adnim/handler/GobalHandler.ashx?_op=userinfo

2020-05-26 11:51:28:979		离开 iutlwrx4oek340ezjn5gh1jx /adnim/handler/GobalHandler.ashx?_op=userinfo

2020-05-26 11:53:58:993		进入 iutlwrx4oek340ezjn5gh1jx /adnim/handler/gobalhandler.ashx?_op=getmenu

2020-05-26 11:53:59:4		离开 iutlwrx4oek340ezjn5gh1jx /adnim/handler/gobalhandler.ashx?_op=getmenu

2020-05-26 11:53:59:503		进入 iutlwrx4oek340ezjn5gh1jx /adnim/handler/GobalHandler.ashx?_op=userinfo

2020-05-26 11:53:59:518		离开 iutlwrx4oek340ezjn5gh1jx /adnim/handler/GobalHandler.ashx?_op=userinfo

2020-05-26 13:11:33:22		进入 iutlwrx4oek340ezjn5gh1jx /adnim/handler/gobalhandler.ashx?_op=getmenu

2020-05-26 13:11:33:37		离开 iutlwrx4oek340ezjn5gh1jx /adnim/handler/gobalhandler.ashx?_op=getmenu

2020-05-26 13:11:33:539		进入 iutlwrx4oek340ezjn5gh1jx /adnim/handler/GobalHandler.ashx?_op=userinfo

2020-05-26 13:11:33:540		离开 iutlwrx4oek340ezjn5gh1jx /adnim/handler/GobalHandler.ashx?_op=userinfo

2020-05-26 13:12:29:158		进入 iutlwrx4oek340ezjn5gh1jx /adnim/handler/gobalhandler.ashx?_op=getmenu

2020-05-26 13:12:29:159		离开 iutlwrx4oek340ezjn5gh1jx /adnim/handler/gobalhandler.ashx?_op=getmenu

2020-05-26 13:12:29:175		进入 iutlwrx4oek340ezjn5gh1jx /adnim/handler/GobalHandler.ashx?_op=userinfo

2020-05-26 13:12:29:176		离开 iutlwrx4oek340ezjn5gh1jx /adnim/handler/GobalHandler.ashx?_op=userinfo

2020-05-26 13:14:36:566		进入 iutlwrx4oek340ezjn5gh1jx /adnim/handler/gobalhandler.ashx?_op=getmenu

2020-05-26 13:14:36:583		离开 iutlwrx4oek340ezjn5gh1jx /adnim/handler/gobalhandler.ashx?_op=getmenu

2020-05-26 13:14:37:69		进入 iutlwrx4oek340ezjn5gh1jx /adnim/handler/GobalHandler.ashx?_op=userinfo

2020-05-26 13:14:37:78		离开 iutlwrx4oek340ezjn5gh1jx /adnim/handler/GobalHandler.ashx?_op=userinfo

2020-05-26 13:14:42:545		进入 iutlwrx4oek340ezjn5gh1jx /adnim/handler/gobalhandler.ashx?_op=getmenu

2020-05-26 13:14:42:554		离开 iutlwrx4oek340ezjn5gh1jx /adnim/handler/gobalhandler.ashx?_op=getmenu

2020-05-26 13:14:43:50		进入 iutlwrx4oek340ezjn5gh1jx /adnim/handler/GobalHandler.ashx?_op=userinfo

2020-05-26 13:14:43:53		离开 iutlwrx4oek340ezjn5gh1jx /adnim/handler/GobalHandler.ashx?_op=userinfo

2020-05-26 13:15:06:426		进入 iutlwrx4oek340ezjn5gh1jx /adnim/handler/gobalhandler.ashx?_op=getmenu

2020-05-26 13:15:06:437		离开 iutlwrx4oek340ezjn5gh1jx /adnim/handler/gobalhandler.ashx?_op=getmenu

2020-05-26 13:15:06:931		进入 iutlwrx4oek340ezjn5gh1jx /adnim/handler/GobalHandler.ashx?_op=userinfo

2020-05-26 13:15:06:932		离开 iutlwrx4oek340ezjn5gh1jx /adnim/handler/GobalHandler.ashx?_op=userinfo

2020-05-26 13:15:25:728		进入 iutlwrx4oek340ezjn5gh1jx /adnim/handler/gobalhandler.ashx?_op=getmenu

2020-05-26 13:15:25:804		离开 iutlwrx4oek340ezjn5gh1jx /adnim/handler/gobalhandler.ashx?_op=getmenu

2020-05-26 13:15:26:214		进入 iutlwrx4oek340ezjn5gh1jx /adnim/handler/GobalHandler.ashx?_op=userinfo

2020-05-26 13:15:26:242		离开 iutlwrx4oek340ezjn5gh1jx /adnim/handler/GobalHandler.ashx?_op=userinfo

2020-05-26 13:21:49:454		进入 iutlwrx4oek340ezjn5gh1jx /adnim/handler/gobalhandler.ashx?_op=getmenu

2020-05-26 13:21:49:462		离开 iutlwrx4oek340ezjn5gh1jx /adnim/handler/gobalhandler.ashx?_op=getmenu

2020-05-26 13:21:49:951		进入 iutlwrx4oek340ezjn5gh1jx /adnim/handler/GobalHandler.ashx?_op=userinfo

2020-05-26 13:21:49:959		离开 iutlwrx4oek340ezjn5gh1jx /adnim/handler/GobalHandler.ashx?_op=userinfo

2020-05-26 13:22:09:263		进入 iutlwrx4oek340ezjn5gh1jx /adnim/handler/gobalhandler.ashx?_op=getmenu

2020-05-26 13:22:09:272		离开 iutlwrx4oek340ezjn5gh1jx /adnim/handler/gobalhandler.ashx?_op=getmenu

2020-05-26 13:22:09:765		进入 iutlwrx4oek340ezjn5gh1jx /adnim/handler/GobalHandler.ashx?_op=userinfo

2020-05-26 13:22:09:766		离开 iutlwrx4oek340ezjn5gh1jx /adnim/handler/GobalHandler.ashx?_op=userinfo

2020-05-26 13:29:34:814		进入 iutlwrx4oek340ezjn5gh1jx /adnim/handler/gobalhandler.ashx?_op=getmenu

2020-05-26 13:29:34:828		离开 iutlwrx4oek340ezjn5gh1jx /adnim/handler/gobalhandler.ashx?_op=getmenu

2020-05-26 13:29:35:316		进入 iutlwrx4oek340ezjn5gh1jx /adnim/handler/GobalHandler.ashx?_op=userinfo

2020-05-26 13:29:35:327		离开 iutlwrx4oek340ezjn5gh1jx /adnim/handler/GobalHandler.ashx?_op=userinfo

2020-05-26 14:23:53:190		进入 iutlwrx4oek340ezjn5gh1jx /adnim/handler/gobalhandler.ashx?_op=getmenu

2020-05-26 14:23:53:193		离开 iutlwrx4oek340ezjn5gh1jx /adnim/handler/gobalhandler.ashx?_op=getmenu

2020-05-26 14:23:53:227		进入 iutlwrx4oek340ezjn5gh1jx /adnim/handler/GobalHandler.ashx?_op=userinfo

2020-05-26 14:23:53:228		离开 iutlwrx4oek340ezjn5gh1jx /adnim/handler/GobalHandler.ashx?_op=userinfo

2020-05-26 14:24:15:20		进入 iutlwrx4oek340ezjn5gh1jx /adnim/handler/gobalhandler.ashx?_op=getmenu

2020-05-26 14:24:15:30		离开 iutlwrx4oek340ezjn5gh1jx /adnim/handler/gobalhandler.ashx?_op=getmenu

2020-05-26 14:24:15:523		进入 iutlwrx4oek340ezjn5gh1jx /adnim/handler/GobalHandler.ashx?_op=userinfo

2020-05-26 14:24:15:533		离开 iutlwrx4oek340ezjn5gh1jx /adnim/handler/GobalHandler.ashx?_op=userinfo

2020-05-26 14:27:51:392		进入 iutlwrx4oek340ezjn5gh1jx /adnim/handler/gobalhandler.ashx?_op=getmenu

2020-05-26 14:27:51:394		离开 iutlwrx4oek340ezjn5gh1jx /adnim/handler/gobalhandler.ashx?_op=getmenu

2020-05-26 14:27:51:400		进入 iutlwrx4oek340ezjn5gh1jx /adnim/handler/GobalHandler.ashx?_op=userinfo

2020-05-26 14:27:51:409		离开 iutlwrx4oek340ezjn5gh1jx /adnim/handler/GobalHandler.ashx?_op=userinfo

2020-05-26 14:28:40:723		进入 iutlwrx4oek340ezjn5gh1jx /adnim/handler/gobalhandler.ashx?_op=getmenu

2020-05-26 14:28:40:762		离开 iutlwrx4oek340ezjn5gh1jx /adnim/handler/gobalhandler.ashx?_op=getmenu

2020-05-26 14:28:41:264		进入 iutlwrx4oek340ezjn5gh1jx /adnim/handler/GobalHandler.ashx?_op=userinfo

2020-05-26 14:28:41:281		离开 iutlwrx4oek340ezjn5gh1jx /adnim/handler/GobalHandler.ashx?_op=userinfo

2020-05-26 14:29:21:860		进入 iutlwrx4oek340ezjn5gh1jx /adnim/handler/gobalhandler.ashx?_op=getmenu

2020-05-26 14:29:21:875		离开 iutlwrx4oek340ezjn5gh1jx /adnim/handler/gobalhandler.ashx?_op=getmenu

2020-05-26 14:29:22:378		进入 iutlwrx4oek340ezjn5gh1jx /adnim/handler/GobalHandler.ashx?_op=userinfo

2020-05-26 14:29:22:388		离开 iutlwrx4oek340ezjn5gh1jx /adnim/handler/GobalHandler.ashx?_op=userinfo

2020-05-26 14:29:36:100		进入 iutlwrx4oek340ezjn5gh1jx /adnim/handler/gobalhandler.ashx?_op=getmenu

2020-05-26 14:29:36:111		离开 iutlwrx4oek340ezjn5gh1jx /adnim/handler/gobalhandler.ashx?_op=getmenu

2020-05-26 14:29:36:603		进入 iutlwrx4oek340ezjn5gh1jx /adnim/handler/GobalHandler.ashx?_op=userinfo

2020-05-26 14:29:36:622		离开 iutlwrx4oek340ezjn5gh1jx /adnim/handler/GobalHandler.ashx?_op=userinfo

2020-05-26 14:29:59:798		进入 iutlwrx4oek340ezjn5gh1jx /adnim/handler/gobalhandler.ashx?_op=getmenu

2020-05-26 14:29:59:806		离开 iutlwrx4oek340ezjn5gh1jx /adnim/handler/gobalhandler.ashx?_op=getmenu

2020-05-26 14:30:00:315		进入 iutlwrx4oek340ezjn5gh1jx /adnim/handler/GobalHandler.ashx?_op=userinfo

2020-05-26 14:30:00:324		离开 iutlwrx4oek340ezjn5gh1jx /adnim/handler/GobalHandler.ashx?_op=userinfo

2020-05-26 14:32:09:613		进入 iutlwrx4oek340ezjn5gh1jx /adnim/handler/gobalhandler.ashx?_op=getmenu

2020-05-26 14:32:09:623		离开 iutlwrx4oek340ezjn5gh1jx /adnim/handler/gobalhandler.ashx?_op=getmenu

2020-05-26 14:32:10:119		进入 iutlwrx4oek340ezjn5gh1jx /adnim/handler/GobalHandler.ashx?_op=userinfo

2020-05-26 14:32:10:141		离开 iutlwrx4oek340ezjn5gh1jx /adnim/handler/GobalHandler.ashx?_op=userinfo

2020-05-26 14:32:46:799		进入 iutlwrx4oek340ezjn5gh1jx /adnim/handler/gobalhandler.ashx?_op=getmenu

2020-05-26 14:32:46:808		离开 iutlwrx4oek340ezjn5gh1jx /adnim/handler/gobalhandler.ashx?_op=getmenu

2020-05-26 14:32:47:303		进入 iutlwrx4oek340ezjn5gh1jx /adnim/handler/GobalHandler.ashx?_op=userinfo

2020-05-26 14:32:47:310		离开 iutlwrx4oek340ezjn5gh1jx /adnim/handler/GobalHandler.ashx?_op=userinfo

2020-05-26 14:33:00:690		进入 iutlwrx4oek340ezjn5gh1jx /adnim/handler/gobalhandler.ashx?_op=getmenu

2020-05-26 14:33:00:699		离开 iutlwrx4oek340ezjn5gh1jx /adnim/handler/gobalhandler.ashx?_op=getmenu

2020-05-26 14:33:01:202		进入 iutlwrx4oek340ezjn5gh1jx /adnim/handler/GobalHandler.ashx?_op=userinfo

2020-05-26 14:33:01:210		离开 iutlwrx4oek340ezjn5gh1jx /adnim/handler/GobalHandler.ashx?_op=userinfo

2020-05-26 14:33:48:243		进入 iutlwrx4oek340ezjn5gh1jx /adnim/handler/gobalhandler.ashx?_op=getmenu

2020-05-26 14:33:48:255		离开 iutlwrx4oek340ezjn5gh1jx /adnim/handler/gobalhandler.ashx?_op=getmenu

2020-05-26 14:33:48:749		进入 iutlwrx4oek340ezjn5gh1jx /adnim/handler/GobalHandler.ashx?_op=userinfo

2020-05-26 14:33:48:757		离开 iutlwrx4oek340ezjn5gh1jx /adnim/handler/GobalHandler.ashx?_op=userinfo

2020-05-26 14:35:47:820		进入 iutlwrx4oek340ezjn5gh1jx /adnim/handler/gobalhandler.ashx?_op=getmenu

2020-05-26 14:35:47:832		离开 iutlwrx4oek340ezjn5gh1jx /adnim/handler/gobalhandler.ashx?_op=getmenu

2020-05-26 14:35:48:325		进入 iutlwrx4oek340ezjn5gh1jx /adnim/handler/GobalHandler.ashx?_op=userinfo

2020-05-26 14:35:48:339		离开 iutlwrx4oek340ezjn5gh1jx /adnim/handler/GobalHandler.ashx?_op=userinfo

2020-05-26 14:37:24:791		进入 iutlwrx4oek340ezjn5gh1jx /adnim/handler/gobalhandler.ashx?_op=getmenu

2020-05-26 14:37:24:810		离开 iutlwrx4oek340ezjn5gh1jx /adnim/handler/gobalhandler.ashx?_op=getmenu

2020-05-26 14:37:25:297		进入 iutlwrx4oek340ezjn5gh1jx /adnim/handler/GobalHandler.ashx?_op=userinfo

2020-05-26 14:37:25:322		离开 iutlwrx4oek340ezjn5gh1jx /adnim/handler/GobalHandler.ashx?_op=userinfo

2020-05-26 14:37:46:845		进入 iutlwrx4oek340ezjn5gh1jx /adnim/handler/gobalhandler.ashx?_op=getmenu

2020-05-26 14:37:46:855		离开 iutlwrx4oek340ezjn5gh1jx /adnim/handler/gobalhandler.ashx?_op=getmenu

2020-05-26 14:37:47:348		进入 iutlwrx4oek340ezjn5gh1jx /adnim/handler/GobalHandler.ashx?_op=userinfo

2020-05-26 14:37:47:359		离开 iutlwrx4oek340ezjn5gh1jx /adnim/handler/GobalHandler.ashx?_op=userinfo

2020-05-26 14:38:15:541		进入 iutlwrx4oek340ezjn5gh1jx /adnim/handler/gobalhandler.ashx?_op=getmenu

2020-05-26 14:38:15:552		离开 iutlwrx4oek340ezjn5gh1jx /adnim/handler/gobalhandler.ashx?_op=getmenu

2020-05-26 14:38:16:53		进入 iutlwrx4oek340ezjn5gh1jx /adnim/handler/GobalHandler.ashx?_op=userinfo

2020-05-26 14:38:16:60		离开 iutlwrx4oek340ezjn5gh1jx /adnim/handler/GobalHandler.ashx?_op=userinfo

2020-05-26 14:38:34:655		进入 iutlwrx4oek340ezjn5gh1jx /adnim/handler/gobalhandler.ashx?_op=getmenu

2020-05-26 14:38:34:668		离开 iutlwrx4oek340ezjn5gh1jx /adnim/handler/gobalhandler.ashx?_op=getmenu

2020-05-26 14:38:35:156		进入 iutlwrx4oek340ezjn5gh1jx /adnim/handler/GobalHandler.ashx?_op=userinfo

2020-05-26 14:38:35:158		离开 iutlwrx4oek340ezjn5gh1jx /adnim/handler/GobalHandler.ashx?_op=userinfo

2020-05-26 14:47:24:965		进入 iutlwrx4oek340ezjn5gh1jx /adnim/handler/gobalhandler.ashx?_op=getmenu

2020-05-26 14:47:24:980		离开 iutlwrx4oek340ezjn5gh1jx /adnim/handler/gobalhandler.ashx?_op=getmenu

2020-05-26 14:47:25:466		进入 iutlwrx4oek340ezjn5gh1jx /adnim/handler/GobalHandler.ashx?_op=userinfo

2020-05-26 14:47:25:474		离开 iutlwrx4oek340ezjn5gh1jx /adnim/handler/GobalHandler.ashx?_op=userinfo

2020-05-26 14:48:10:748		进入 iutlwrx4oek340ezjn5gh1jx /adnim/handler/gobalhandler.ashx?_op=getmenu

2020-05-26 14:48:10:759		离开 iutlwrx4oek340ezjn5gh1jx /adnim/handler/gobalhandler.ashx?_op=getmenu

2020-05-26 14:48:11:253		进入 iutlwrx4oek340ezjn5gh1jx /adnim/handler/GobalHandler.ashx?_op=userinfo

2020-05-26 14:48:11:256		离开 iutlwrx4oek340ezjn5gh1jx /adnim/handler/GobalHandler.ashx?_op=userinfo

2020-05-26 14:48:28:2		进入 iutlwrx4oek340ezjn5gh1jx /adnim/handler/gobalhandler.ashx?_op=getmenu

2020-05-26 14:48:28:11		离开 iutlwrx4oek340ezjn5gh1jx /adnim/handler/gobalhandler.ashx?_op=getmenu

2020-05-26 14:48:28:503		进入 iutlwrx4oek340ezjn5gh1jx /adnim/handler/GobalHandler.ashx?_op=userinfo

2020-05-26 14:48:28:515		离开 iutlwrx4oek340ezjn5gh1jx /adnim/handler/GobalHandler.ashx?_op=userinfo

2020-05-26 16:13:35:999		进入 iutlwrx4oek340ezjn5gh1jx /adnim/handler/GobalHandler.ashx?_op=userinfo

2020-05-26 16:13:36:7		离开 iutlwrx4oek340ezjn5gh1jx /adnim/handler/GobalHandler.ashx?_op=userinfo

2020-05-26 16:13:36:501		进入 iutlwrx4oek340ezjn5gh1jx /adnim/handler/gobalhandler.ashx?_op=getmenu

2020-05-26 16:13:36:511		离开 iutlwrx4oek340ezjn5gh1jx /adnim/handler/gobalhandler.ashx?_op=getmenu

2020-05-26 16:20:38:651		进入 iutlwrx4oek340ezjn5gh1jx /adnim/handler/gobalhandler.ashx?_op=getmenu

2020-05-26 16:20:38:661		离开 iutlwrx4oek340ezjn5gh1jx /adnim/handler/gobalhandler.ashx?_op=getmenu

2020-05-26 16:20:39:335		进入 iutlwrx4oek340ezjn5gh1jx /adnim/handler/GobalHandler.ashx?_op=userinfo

2020-05-26 16:20:39:336		离开 iutlwrx4oek340ezjn5gh1jx /adnim/handler/GobalHandler.ashx?_op=userinfo

2020-05-26 16:21:52:45		进入 iutlwrx4oek340ezjn5gh1jx /adnim/handler/gobalhandler.ashx?_op=getmenu

2020-05-26 16:21:52:80		离开 iutlwrx4oek340ezjn5gh1jx /adnim/handler/gobalhandler.ashx?_op=getmenu

2020-05-26 16:21:52:546		进入 iutlwrx4oek340ezjn5gh1jx /adnim/handler/GobalHandler.ashx?_op=userinfo

2020-05-26 16:21:52:566		离开 iutlwrx4oek340ezjn5gh1jx /adnim/handler/GobalHandler.ashx?_op=userinfo

2020-05-26 16:22:50:696		进入 iutlwrx4oek340ezjn5gh1jx /adnim/handler/gobalhandler.ashx?_op=getmenu

2020-05-26 16:22:50:775		离开 iutlwrx4oek340ezjn5gh1jx /adnim/handler/gobalhandler.ashx?_op=getmenu

2020-05-26 16:22:51:190		进入 iutlwrx4oek340ezjn5gh1jx /adnim/handler/GobalHandler.ashx?_op=userinfo

2020-05-26 16:22:51:207		离开 iutlwrx4oek340ezjn5gh1jx /adnim/handler/GobalHandler.ashx?_op=userinfo

2020-05-26 16:23:23:542		进入 iutlwrx4oek340ezjn5gh1jx /adnim/handler/gobalhandler.ashx?_op=getmenu

2020-05-26 16:23:23:547		离开 iutlwrx4oek340ezjn5gh1jx /adnim/handler/gobalhandler.ashx?_op=getmenu

2020-05-26 16:23:24:59		进入 iutlwrx4oek340ezjn5gh1jx /adnim/handler/GobalHandler.ashx?_op=userinfo

2020-05-26 16:23:24:108		离开 iutlwrx4oek340ezjn5gh1jx /adnim/handler/GobalHandler.ashx?_op=userinfo

2020-05-26 16:27:36:692		进入 iutlwrx4oek340ezjn5gh1jx /adnim/handler/gobalhandler.ashx?_op=getmenu

2020-05-26 16:27:36:704		离开 iutlwrx4oek340ezjn5gh1jx /adnim/handler/gobalhandler.ashx?_op=getmenu

2020-05-26 16:27:37:198		进入 iutlwrx4oek340ezjn5gh1jx /adnim/handler/GobalHandler.ashx?_op=userinfo

2020-05-26 16:27:37:212		离开 iutlwrx4oek340ezjn5gh1jx /adnim/handler/GobalHandler.ashx?_op=userinfo

2020-05-26 16:27:40:429		进入 iutlwrx4oek340ezjn5gh1jx /adnim/handler/gobalhandler.ashx?_op=getmenu

2020-05-26 16:27:40:438		离开 iutlwrx4oek340ezjn5gh1jx /adnim/handler/gobalhandler.ashx?_op=getmenu

2020-05-26 16:27:40:931		进入 iutlwrx4oek340ezjn5gh1jx /adnim/handler/GobalHandler.ashx?_op=userinfo

2020-05-26 16:27:40:932		离开 iutlwrx4oek340ezjn5gh1jx /adnim/handler/GobalHandler.ashx?_op=userinfo

2020-05-26 16:27:46:307		进入 iutlwrx4oek340ezjn5gh1jx /adnim/handler/gobalhandler.ashx?_op=getmenu

2020-05-26 16:27:46:318		离开 iutlwrx4oek340ezjn5gh1jx /adnim/handler/gobalhandler.ashx?_op=getmenu

2020-05-26 16:27:46:820		进入 iutlwrx4oek340ezjn5gh1jx /adnim/handler/GobalHandler.ashx?_op=userinfo

2020-05-26 16:27:46:829		离开 iutlwrx4oek340ezjn5gh1jx /adnim/handler/GobalHandler.ashx?_op=userinfo

2020-05-26 16:28:53:391		进入 iutlwrx4oek340ezjn5gh1jx /adnim/handler/gobalhandler.ashx?_op=getmenu

2020-05-26 16:28:53:400		离开 iutlwrx4oek340ezjn5gh1jx /adnim/handler/gobalhandler.ashx?_op=getmenu

2020-05-26 16:28:53:892		进入 iutlwrx4oek340ezjn5gh1jx /adnim/handler/GobalHandler.ashx?_op=userinfo

2020-05-26 16:28:53:900		离开 iutlwrx4oek340ezjn5gh1jx /adnim/handler/GobalHandler.ashx?_op=userinfo

2020-05-26 16:29:07:732		进入 iutlwrx4oek340ezjn5gh1jx /adnim/handler/gobalhandler.ashx?_op=getmenu

2020-05-26 16:29:07:740		离开 iutlwrx4oek340ezjn5gh1jx /adnim/handler/gobalhandler.ashx?_op=getmenu

2020-05-26 16:29:08:246		进入 iutlwrx4oek340ezjn5gh1jx /adnim/handler/GobalHandler.ashx?_op=userinfo

2020-05-26 16:29:08:255		离开 iutlwrx4oek340ezjn5gh1jx /adnim/handler/GobalHandler.ashx?_op=userinfo

2020-05-26 16:34:40:609		进入 iutlwrx4oek340ezjn5gh1jx /adnim/login.aspx?loginout=true

2020-05-26 16:34:40:610		离开 iutlwrx4oek340ezjn5gh1jx /adnim/login.aspx?loginout=true

2020-05-26 16:34:45:601		进入 iutlwrx4oek340ezjn5gh1jx /adnim/handler/GobalHandler.ashx?_op=loginform:[{username:admin},{password:111111},]

2020-05-26 16:34:45:745		离开 iutlwrx4oek340ezjn5gh1jx /adnim/handler/GobalHandler.ashx?_op=login

2020-05-26 16:34:46:552		进入 iutlwrx4oek340ezjn5gh1jx /adnim/handler/information.ashx?_op=V_VedioQuery&name=&_search=false&nd=1590482086541&rows=10&page=1&sidx=Sort&sord=desc

2020-05-26 16:34:46:560		离开 iutlwrx4oek340ezjn5gh1jx /adnim/handler/information.ashx?_op=V_VedioQuery&name=&_search=false&nd=1590482086541&rows=10&page=1&sidx=Sort&sord=desc

2020-05-26 16:34:46:614		进入 iutlwrx4oek340ezjn5gh1jx /adnim/handler/gobalhandler.ashx?_op=getmenu

2020-05-26 16:34:46:625		离开 iutlwrx4oek340ezjn5gh1jx /adnim/handler/gobalhandler.ashx?_op=getmenu

2020-05-26 16:34:46:637		进入 iutlwrx4oek340ezjn5gh1jx /adnim/handler/GobalHandler.ashx?_op=userinfo

2020-05-26 16:34:46:649		离开 iutlwrx4oek340ezjn5gh1jx /adnim/handler/GobalHandler.ashx?_op=userinfo

2020-05-26 16:35:05:842		进入 iutlwrx4oek340ezjn5gh1jx /adnim/handler/newshandler.ashx?_op=userquery&name=&_search=false&nd=1590482105816&rows=10&page=1&sidx=&sord=asc

2020-05-26 16:35:06:12		离开 iutlwrx4oek340ezjn5gh1jx /adnim/handler/newshandler.ashx?_op=userquery&name=&_search=false&nd=1590482105816&rows=10&page=1&sidx=&sord=asc

2020-05-26 16:35:09:854		进入 iutlwrx4oek340ezjn5gh1jx /adnim/handler/information.ashx?_op=V_VedioQuery&name=&_search=false&nd=1590482109846&rows=10&page=1&sidx=Sort&sord=desc

2020-05-26 16:35:09:864		离开 iutlwrx4oek340ezjn5gh1jx /adnim/handler/information.ashx?_op=V_VedioQuery&name=&_search=false&nd=1590482109846&rows=10&page=1&sidx=Sort&sord=desc

2020-05-26 16:35:09:917		进入 iutlwrx4oek340ezjn5gh1jx /adnim/handler/gobalhandler.ashx?_op=getmenu

2020-05-26 16:35:09:930		离开 iutlwrx4oek340ezjn5gh1jx /adnim/handler/gobalhandler.ashx?_op=getmenu

2020-05-26 16:35:10:418		进入 iutlwrx4oek340ezjn5gh1jx /adnim/handler/GobalHandler.ashx?_op=userinfo

2020-05-26 16:35:10:419		离开 iutlwrx4oek340ezjn5gh1jx /adnim/handler/GobalHandler.ashx?_op=userinfo

2020-05-26 16:35:11:992		进入 iutlwrx4oek340ezjn5gh1jx /adnim/handler/newshandler.ashx?_op=userquery&name=&_search=false&nd=1590482111983&rows=10&page=1&sidx=&sord=asc

2020-05-26 16:35:12:88		离开 iutlwrx4oek340ezjn5gh1jx /adnim/handler/newshandler.ashx?_op=userquery&name=&_search=false&nd=1590482111983&rows=10&page=1&sidx=&sord=asc

2020-05-26 16:35:17:883		进入 iutlwrx4oek340ezjn5gh1jx /adnim/handler/information.ashx?_op=V_VedioQuery&name=&_search=false&nd=1590482117874&rows=10&page=1&sidx=Sort&sord=desc

2020-05-26 16:35:17:890		离开 iutlwrx4oek340ezjn5gh1jx /adnim/handler/information.ashx?_op=V_VedioQuery&name=&_search=false&nd=1590482117874&rows=10&page=1&sidx=Sort&sord=desc

2020-05-26 16:35:17:936		进入 iutlwrx4oek340ezjn5gh1jx /adnim/handler/gobalhandler.ashx?_op=getmenu

2020-05-26 16:35:17:956		离开 iutlwrx4oek340ezjn5gh1jx /adnim/handler/gobalhandler.ashx?_op=getmenu

2020-05-26 16:35:18:459		进入 iutlwrx4oek340ezjn5gh1jx /adnim/handler/GobalHandler.ashx?_op=userinfo

2020-05-26 16:35:18:460		离开 iutlwrx4oek340ezjn5gh1jx /adnim/handler/GobalHandler.ashx?_op=userinfo

2020-05-26 16:35:19:762		进入 iutlwrx4oek340ezjn5gh1jx /adnim/handler/gobalhandler.ashx?_op=getmenu

2020-05-26 16:35:19:773		离开 iutlwrx4oek340ezjn5gh1jx /adnim/handler/gobalhandler.ashx?_op=getmenu

2020-05-26 16:35:20:276		进入 iutlwrx4oek340ezjn5gh1jx /adnim/handler/GobalHandler.ashx?_op=userinfo

2020-05-26 16:35:20:286		离开 iutlwrx4oek340ezjn5gh1jx /adnim/handler/GobalHandler.ashx?_op=userinfo

2020-05-26 16:35:24:890		进入 iutlwrx4oek340ezjn5gh1jx /adnim/handler/gobalhandler.ashx?_op=getmenu

2020-05-26 16:35:24:901		离开 iutlwrx4oek340ezjn5gh1jx /adnim/handler/gobalhandler.ashx?_op=getmenu

2020-05-26 16:35:25:393		进入 iutlwrx4oek340ezjn5gh1jx /adnim/handler/GobalHandler.ashx?_op=userinfo

2020-05-26 16:35:25:399		离开 iutlwrx4oek340ezjn5gh1jx /adnim/handler/GobalHandler.ashx?_op=userinfo

2020-05-26 16:35:33:802		进入 iutlwrx4oek340ezjn5gh1jx /adnim/handler/newshandler.ashx?_op=userquery&name=&rows=10&page=1&sidx=&sord=asc

2020-05-26 16:35:33:861		离开 iutlwrx4oek340ezjn5gh1jx /adnim/handler/newshandler.ashx?_op=userquery&name=&rows=10&page=1&sidx=&sord=asc

2020-05-26 16:35:33:897		进入 iutlwrx4oek340ezjn5gh1jx /adnim/handler/gobalhandler.ashx?_op=getmenu

2020-05-26 16:35:33:908		离开 iutlwrx4oek340ezjn5gh1jx /adnim/handler/gobalhandler.ashx?_op=getmenu

2020-05-26 16:35:34:398		进入 iutlwrx4oek340ezjn5gh1jx /adnim/handler/GobalHandler.ashx?_op=userinfo

2020-05-26 16:35:34:398		离开 iutlwrx4oek340ezjn5gh1jx /adnim/handler/GobalHandler.ashx?_op=userinfo

2020-05-26 16:35:38:396		进入 iutlwrx4oek340ezjn5gh1jx /adnim/handler/gobalhandler.ashx?_op=getmenu

2020-05-26 16:35:38:407		离开 iutlwrx4oek340ezjn5gh1jx /adnim/handler/gobalhandler.ashx?_op=getmenu

2020-05-26 16:35:38:898		进入 iutlwrx4oek340ezjn5gh1jx /adnim/handler/GobalHandler.ashx?_op=userinfo

2020-05-26 16:35:38:905		离开 iutlwrx4oek340ezjn5gh1jx /adnim/handler/GobalHandler.ashx?_op=userinfo

2020-05-26 16:36:23:264		进入 iutlwrx4oek340ezjn5gh1jx /adnim/handler/gobalhandler.ashx?_op=getmenu

2020-05-26 16:36:23:277		离开 iutlwrx4oek340ezjn5gh1jx /adnim/handler/gobalhandler.ashx?_op=getmenu

2020-05-26 16:36:23:768		进入 iutlwrx4oek340ezjn5gh1jx /adnim/handler/GobalHandler.ashx?_op=userinfo

2020-05-26 16:36:23:768		离开 iutlwrx4oek340ezjn5gh1jx /adnim/handler/GobalHandler.ashx?_op=userinfo

2020-05-26 16:36:30:416		进入 iutlwrx4oek340ezjn5gh1jx /adnim/handler/gobalhandler.ashx?_op=getmenu

2020-05-26 16:36:30:424		离开 iutlwrx4oek340ezjn5gh1jx /adnim/handler/gobalhandler.ashx?_op=getmenu

2020-05-26 16:36:30:921		进入 iutlwrx4oek340ezjn5gh1jx /adnim/handler/GobalHandler.ashx?_op=userinfo

2020-05-26 16:36:30:940		离开 iutlwrx4oek340ezjn5gh1jx /adnim/handler/GobalHandler.ashx?_op=userinfo

2020-05-26 16:37:01:635		进入 iutlwrx4oek340ezjn5gh1jx /adnim/handler/gobalhandler.ashx?_op=getmenu

2020-05-26 16:37:01:646		离开 iutlwrx4oek340ezjn5gh1jx /adnim/handler/gobalhandler.ashx?_op=getmenu

2020-05-26 16:37:02:137		进入 iutlwrx4oek340ezjn5gh1jx /adnim/handler/GobalHandler.ashx?_op=userinfo

2020-05-26 16:37:02:146		离开 iutlwrx4oek340ezjn5gh1jx /adnim/handler/GobalHandler.ashx?_op=userinfo

2020-05-26 16:37:10:420		进入 iutlwrx4oek340ezjn5gh1jx /adnim/handler/gobalhandler.ashx?_op=getmenu

2020-05-26 16:37:10:429		离开 iutlwrx4oek340ezjn5gh1jx /adnim/handler/gobalhandler.ashx?_op=getmenu

2020-05-26 16:37:10:921		进入 iutlwrx4oek340ezjn5gh1jx /adnim/handler/GobalHandler.ashx?_op=userinfo

2020-05-26 16:37:10:922		离开 iutlwrx4oek340ezjn5gh1jx /adnim/handler/GobalHandler.ashx?_op=userinfo

2020-05-26 16:37:20:35		进入 iutlwrx4oek340ezjn5gh1jx /adnim/handler/gobalhandler.ashx?_op=getmenu

2020-05-26 16:37:20:45		离开 iutlwrx4oek340ezjn5gh1jx /adnim/handler/gobalhandler.ashx?_op=getmenu

2020-05-26 16:37:20:551		进入 iutlwrx4oek340ezjn5gh1jx /adnim/handler/GobalHandler.ashx?_op=userinfo

2020-05-26 16:37:20:551		离开 iutlwrx4oek340ezjn5gh1jx /adnim/handler/GobalHandler.ashx?_op=userinfo

2020-05-26 16:37:30:736		进入 iutlwrx4oek340ezjn5gh1jx /adnim/handler/gobalhandler.ashx?_op=getmenu

2020-05-26 16:37:30:746		离开 iutlwrx4oek340ezjn5gh1jx /adnim/handler/gobalhandler.ashx?_op=getmenu

2020-05-26 16:37:31:237		进入 iutlwrx4oek340ezjn5gh1jx /adnim/handler/GobalHandler.ashx?_op=userinfo

2020-05-26 16:37:31:244		离开 iutlwrx4oek340ezjn5gh1jx /adnim/handler/GobalHandler.ashx?_op=userinfo

2020-05-26 16:37:38:664		进入 iutlwrx4oek340ezjn5gh1jx /adnim/handler/gobalhandler.ashx?_op=getmenu

2020-05-26 16:37:38:673		离开 iutlwrx4oek340ezjn5gh1jx /adnim/handler/gobalhandler.ashx?_op=getmenu

2020-05-26 16:37:39:168		进入 iutlwrx4oek340ezjn5gh1jx /adnim/handler/GobalHandler.ashx?_op=userinfo

2020-05-26 16:37:39:201		离开 iutlwrx4oek340ezjn5gh1jx /adnim/handler/GobalHandler.ashx?_op=userinfo

2020-05-26 16:38:18:24		进入 iutlwrx4oek340ezjn5gh1jx /adnim/handler/gobalhandler.ashx?_op=getmenu

2020-05-26 16:38:18:34		离开 iutlwrx4oek340ezjn5gh1jx /adnim/handler/gobalhandler.ashx?_op=getmenu

2020-05-26 16:38:18:536		进入 iutlwrx4oek340ezjn5gh1jx /adnim/handler/GobalHandler.ashx?_op=userinfo

2020-05-26 16:38:18:542		离开 iutlwrx4oek340ezjn5gh1jx /adnim/handler/GobalHandler.ashx?_op=userinfo

2020-05-26 16:38:20:601		进入 iutlwrx4oek340ezjn5gh1jx /adnim/handler/gobalhandler.ashx?_op=getmenu

2020-05-26 16:38:20:612		离开 iutlwrx4oek340ezjn5gh1jx /adnim/handler/gobalhandler.ashx?_op=getmenu

2020-05-26 16:38:21:115		进入 iutlwrx4oek340ezjn5gh1jx /adnim/handler/GobalHandler.ashx?_op=userinfo

2020-05-26 16:38:21:121		离开 iutlwrx4oek340ezjn5gh1jx /adnim/handler/GobalHandler.ashx?_op=userinfo

2020-05-26 16:38:24:55		进入 iutlwrx4oek340ezjn5gh1jx /adnim/handler/gobalhandler.ashx?_op=getmenu

2020-05-26 16:38:24:66		离开 iutlwrx4oek340ezjn5gh1jx /adnim/handler/gobalhandler.ashx?_op=getmenu

2020-05-26 16:38:24:557		进入 iutlwrx4oek340ezjn5gh1jx /adnim/handler/GobalHandler.ashx?_op=userinfo

2020-05-26 16:38:24:566		离开 iutlwrx4oek340ezjn5gh1jx /adnim/handler/GobalHandler.ashx?_op=userinfo

2020-05-26 16:38:28:227		进入 iutlwrx4oek340ezjn5gh1jx /adnim/handler/gobalhandler.ashx?_op=getmenu

2020-05-26 16:38:28:245		离开 iutlwrx4oek340ezjn5gh1jx /adnim/handler/gobalhandler.ashx?_op=getmenu

2020-05-26 16:38:28:729		进入 iutlwrx4oek340ezjn5gh1jx /adnim/handler/GobalHandler.ashx?_op=userinfo

2020-05-26 16:38:28:730		离开 iutlwrx4oek340ezjn5gh1jx /adnim/handler/GobalHandler.ashx?_op=userinfo

2020-05-26 16:38:31:381		进入 iutlwrx4oek340ezjn5gh1jx /adnim/handler/gobalhandler.ashx?_op=getmenu

2020-05-26 16:38:31:388		离开 iutlwrx4oek340ezjn5gh1jx /adnim/handler/gobalhandler.ashx?_op=getmenu

2020-05-26 16:38:31:882		进入 iutlwrx4oek340ezjn5gh1jx /adnim/handler/GobalHandler.ashx?_op=userinfo

2020-05-26 16:38:31:883		离开 iutlwrx4oek340ezjn5gh1jx /adnim/handler/GobalHandler.ashx?_op=userinfo

2020-05-26 16:38:33:657		进入 iutlwrx4oek340ezjn5gh1jx /adnim/handler/gobalhandler.ashx?_op=getmenu

2020-05-26 16:38:33:666		离开 iutlwrx4oek340ezjn5gh1jx /adnim/handler/gobalhandler.ashx?_op=getmenu

2020-05-26 16:38:34:159		进入 iutlwrx4oek340ezjn5gh1jx /adnim/handler/GobalHandler.ashx?_op=userinfo

2020-05-26 16:38:34:168		离开 iutlwrx4oek340ezjn5gh1jx /adnim/handler/GobalHandler.ashx?_op=userinfo

2020-05-26 16:38:36:297		进入 iutlwrx4oek340ezjn5gh1jx /adnim/handler/gobalhandler.ashx?_op=getmenu

2020-05-26 16:38:36:321		离开 iutlwrx4oek340ezjn5gh1jx /adnim/handler/gobalhandler.ashx?_op=getmenu

2020-05-26 16:38:36:803		进入 iutlwrx4oek340ezjn5gh1jx /adnim/handler/GobalHandler.ashx?_op=userinfo

2020-05-26 16:38:36:819		离开 iutlwrx4oek340ezjn5gh1jx /adnim/handler/GobalHandler.ashx?_op=userinfo

2020-05-26 16:38:38:362		进入 iutlwrx4oek340ezjn5gh1jx /adnim/handler/gobalhandler.ashx?_op=getmenu

2020-05-26 16:38:38:371		离开 iutlwrx4oek340ezjn5gh1jx /adnim/handler/gobalhandler.ashx?_op=getmenu

2020-05-26 16:38:38:868		进入 iutlwrx4oek340ezjn5gh1jx /adnim/handler/GobalHandler.ashx?_op=userinfo

2020-05-26 16:38:38:886		离开 iutlwrx4oek340ezjn5gh1jx /adnim/handler/GobalHandler.ashx?_op=userinfo

2020-05-26 16:38:40:662		进入 iutlwrx4oek340ezjn5gh1jx /adnim/handler/gobalhandler.ashx?_op=getmenu

2020-05-26 16:38:40:674		离开 iutlwrx4oek340ezjn5gh1jx /adnim/handler/gobalhandler.ashx?_op=getmenu

2020-05-26 16:38:41:162		进入 iutlwrx4oek340ezjn5gh1jx /adnim/handler/GobalHandler.ashx?_op=userinfo

2020-05-26 16:38:41:168		离开 iutlwrx4oek340ezjn5gh1jx /adnim/handler/GobalHandler.ashx?_op=userinfo

2020-05-26 16:38:45:51		进入 iutlwrx4oek340ezjn5gh1jx /adnim/handler/gobalhandler.ashx?_op=getmenu

2020-05-26 16:38:45:58		离开 iutlwrx4oek340ezjn5gh1jx /adnim/handler/gobalhandler.ashx?_op=getmenu

2020-05-26 16:38:45:563		进入 iutlwrx4oek340ezjn5gh1jx /adnim/handler/GobalHandler.ashx?_op=userinfo

2020-05-26 16:38:45:564		离开 iutlwrx4oek340ezjn5gh1jx /adnim/handler/GobalHandler.ashx?_op=userinfo

2020-05-26 16:38:48:4		进入 iutlwrx4oek340ezjn5gh1jx /adnim/handler/gobalhandler.ashx?_op=getmenu

2020-05-26 16:38:48:17		离开 iutlwrx4oek340ezjn5gh1jx /adnim/handler/gobalhandler.ashx?_op=getmenu

2020-05-26 16:38:48:506		进入 iutlwrx4oek340ezjn5gh1jx /adnim/handler/GobalHandler.ashx?_op=userinfo

2020-05-26 16:38:48:514		离开 iutlwrx4oek340ezjn5gh1jx /adnim/handler/GobalHandler.ashx?_op=userinfo

2020-05-26 16:38:51:448		进入 iutlwrx4oek340ezjn5gh1jx /adnim/handler/gobalhandler.ashx?_op=getmenu

2020-05-26 16:38:51:457		离开 iutlwrx4oek340ezjn5gh1jx /adnim/handler/gobalhandler.ashx?_op=getmenu

2020-05-26 16:38:51:952		进入 iutlwrx4oek340ezjn5gh1jx /adnim/handler/GobalHandler.ashx?_op=userinfo

2020-05-26 16:38:51:963		离开 iutlwrx4oek340ezjn5gh1jx /adnim/handler/GobalHandler.ashx?_op=userinfo

2020-05-26 16:38:54:418		进入 iutlwrx4oek340ezjn5gh1jx /adnim/handler/gobalhandler.ashx?_op=getmenu

2020-05-26 16:38:54:427		离开 iutlwrx4oek340ezjn5gh1jx /adnim/handler/gobalhandler.ashx?_op=getmenu

2020-05-26 16:38:54:921		进入 iutlwrx4oek340ezjn5gh1jx /adnim/handler/GobalHandler.ashx?_op=userinfo

2020-05-26 16:38:54:927		离开 iutlwrx4oek340ezjn5gh1jx /adnim/handler/GobalHandler.ashx?_op=userinfo

2020-05-26 16:38:56:277		进入 iutlwrx4oek340ezjn5gh1jx /adnim/handler/gobalhandler.ashx?_op=getmenu

2020-05-26 16:38:56:284		离开 iutlwrx4oek340ezjn5gh1jx /adnim/handler/gobalhandler.ashx?_op=getmenu

2020-05-26 16:38:56:778		进入 iutlwrx4oek340ezjn5gh1jx /adnim/handler/GobalHandler.ashx?_op=userinfo

2020-05-26 16:38:56:779		离开 iutlwrx4oek340ezjn5gh1jx /adnim/handler/GobalHandler.ashx?_op=userinfo

2020-05-26 16:41:20:124		进入 iutlwrx4oek340ezjn5gh1jx /adnim/handler/gobalhandler.ashx?_op=getmenu

2020-05-26 16:41:20:134		离开 iutlwrx4oek340ezjn5gh1jx /adnim/handler/gobalhandler.ashx?_op=getmenu

2020-05-26 16:41:20:633		进入 iutlwrx4oek340ezjn5gh1jx /adnim/handler/GobalHandler.ashx?_op=userinfo

2020-05-26 16:41:20:643		离开 iutlwrx4oek340ezjn5gh1jx /adnim/handler/GobalHandler.ashx?_op=userinfo

2020-05-26 16:41:39:607		进入 iutlwrx4oek340ezjn5gh1jx /adnim/handler/gobalhandler.ashx?_op=getmenu

2020-05-26 16:41:39:621		离开 iutlwrx4oek340ezjn5gh1jx /adnim/handler/gobalhandler.ashx?_op=getmenu

2020-05-26 16:41:40:112		进入 iutlwrx4oek340ezjn5gh1jx /adnim/handler/GobalHandler.ashx?_op=userinfo

2020-05-26 16:41:40:140		离开 iutlwrx4oek340ezjn5gh1jx /adnim/handler/GobalHandler.ashx?_op=userinfo

2020-05-26 16:41:43:500		进入 iutlwrx4oek340ezjn5gh1jx /adnim/handler/gobalhandler.ashx?_op=getmenu

2020-05-26 16:41:43:509		离开 iutlwrx4oek340ezjn5gh1jx /adnim/handler/gobalhandler.ashx?_op=getmenu

2020-05-26 16:41:44:4		进入 iutlwrx4oek340ezjn5gh1jx /adnim/handler/GobalHandler.ashx?_op=userinfo

2020-05-26 16:41:44:5		离开 iutlwrx4oek340ezjn5gh1jx /adnim/handler/GobalHandler.ashx?_op=userinfo

2020-05-26 16:41:45:537		进入 iutlwrx4oek340ezjn5gh1jx /adnim/handler/gobalhandler.ashx?_op=getmenu

2020-05-26 16:41:45:545		离开 iutlwrx4oek340ezjn5gh1jx /adnim/handler/gobalhandler.ashx?_op=getmenu

2020-05-26 16:41:46:39		进入 iutlwrx4oek340ezjn5gh1jx /adnim/handler/GobalHandler.ashx?_op=userinfo

2020-05-26 16:41:46:45		离开 iutlwrx4oek340ezjn5gh1jx /adnim/handler/GobalHandler.ashx?_op=userinfo

2020-05-26 16:41:47:383		进入 iutlwrx4oek340ezjn5gh1jx /adnim/handler/gobalhandler.ashx?_op=getmenu

2020-05-26 16:41:47:409		离开 iutlwrx4oek340ezjn5gh1jx /adnim/handler/gobalhandler.ashx?_op=getmenu

2020-05-26 16:41:47:885		进入 iutlwrx4oek340ezjn5gh1jx /adnim/handler/GobalHandler.ashx?_op=userinfo

2020-05-26 16:41:47:894		离开 iutlwrx4oek340ezjn5gh1jx /adnim/handler/GobalHandler.ashx?_op=userinfo

2020-05-26 16:41:50:728		进入 iutlwrx4oek340ezjn5gh1jx /adnim/handler/gobalhandler.ashx?_op=getmenu

2020-05-26 16:41:50:734		离开 iutlwrx4oek340ezjn5gh1jx /adnim/handler/gobalhandler.ashx?_op=getmenu

2020-05-26 16:41:51:241		进入 iutlwrx4oek340ezjn5gh1jx /adnim/handler/GobalHandler.ashx?_op=userinfo

2020-05-26 16:41:51:265		离开 iutlwrx4oek340ezjn5gh1jx /adnim/handler/GobalHandler.ashx?_op=userinfo

2020-05-26 16:41:52:948		进入 iutlwrx4oek340ezjn5gh1jx /adnim/handler/gobalhandler.ashx?_op=getmenu

2020-05-26 16:41:52:958		离开 iutlwrx4oek340ezjn5gh1jx /adnim/handler/gobalhandler.ashx?_op=getmenu

2020-05-26 16:41:53:462		进入 iutlwrx4oek340ezjn5gh1jx /adnim/handler/GobalHandler.ashx?_op=userinfo

2020-05-26 16:41:53:478		离开 iutlwrx4oek340ezjn5gh1jx /adnim/handler/GobalHandler.ashx?_op=userinfo

2020-05-26 16:41:54:746		进入 iutlwrx4oek340ezjn5gh1jx /adnim/handler/gobalhandler.ashx?_op=getmenu

2020-05-26 16:41:54:754		离开 iutlwrx4oek340ezjn5gh1jx /adnim/handler/gobalhandler.ashx?_op=getmenu

2020-05-26 16:41:55:248		进入 iutlwrx4oek340ezjn5gh1jx /adnim/handler/GobalHandler.ashx?_op=userinfo

2020-05-26 16:41:55:271		离开 iutlwrx4oek340ezjn5gh1jx /adnim/handler/GobalHandler.ashx?_op=userinfo

2020-05-26 16:41:57:318		进入 iutlwrx4oek340ezjn5gh1jx /adnim/handler/gobalhandler.ashx?_op=getmenu

2020-05-26 16:41:57:326		离开 iutlwrx4oek340ezjn5gh1jx /adnim/handler/gobalhandler.ashx?_op=getmenu

2020-05-26 16:41:57:820		进入 iutlwrx4oek340ezjn5gh1jx /adnim/handler/GobalHandler.ashx?_op=userinfo

2020-05-26 16:41:57:829		离开 iutlwrx4oek340ezjn5gh1jx /adnim/handler/GobalHandler.ashx?_op=userinfo

2020-05-26 16:42:47:520		进入 iutlwrx4oek340ezjn5gh1jx /adnim/handler/gobalhandler.ashx?_op=getmenu

2020-05-26 16:42:47:533		离开 iutlwrx4oek340ezjn5gh1jx /adnim/handler/gobalhandler.ashx?_op=getmenu

2020-05-26 16:42:48:25		进入 iutlwrx4oek340ezjn5gh1jx /adnim/handler/GobalHandler.ashx?_op=userinfo

2020-05-26 16:42:48:42		离开 iutlwrx4oek340ezjn5gh1jx /adnim/handler/GobalHandler.ashx?_op=userinfo

2020-05-26 16:42:51:732		进入 iutlwrx4oek340ezjn5gh1jx /adnim/handler/gobalhandler.ashx?_op=getmenu

2020-05-26 16:42:51:742		离开 iutlwrx4oek340ezjn5gh1jx /adnim/handler/gobalhandler.ashx?_op=getmenu

2020-05-26 16:42:52:233		进入 iutlwrx4oek340ezjn5gh1jx /adnim/handler/GobalHandler.ashx?_op=userinfo

2020-05-26 16:42:52:247		离开 iutlwrx4oek340ezjn5gh1jx /adnim/handler/GobalHandler.ashx?_op=userinfo

2020-05-26 16:42:53:629		进入 iutlwrx4oek340ezjn5gh1jx /adnim/handler/gobalhandler.ashx?_op=getmenu

2020-05-26 16:42:53:640		离开 iutlwrx4oek340ezjn5gh1jx /adnim/handler/gobalhandler.ashx?_op=getmenu

2020-05-26 16:42:54:130		进入 iutlwrx4oek340ezjn5gh1jx /adnim/handler/GobalHandler.ashx?_op=userinfo

2020-05-26 16:42:54:141		离开 iutlwrx4oek340ezjn5gh1jx /adnim/handler/GobalHandler.ashx?_op=userinfo

2020-05-26 16:42:55:937		进入 iutlwrx4oek340ezjn5gh1jx /adnim/handler/gobalhandler.ashx?_op=getmenu

2020-05-26 16:42:55:945		离开 iutlwrx4oek340ezjn5gh1jx /adnim/handler/gobalhandler.ashx?_op=getmenu

2020-05-26 16:42:56:439		进入 iutlwrx4oek340ezjn5gh1jx /adnim/handler/GobalHandler.ashx?_op=userinfo

2020-05-26 16:42:56:447		离开 iutlwrx4oek340ezjn5gh1jx /adnim/handler/GobalHandler.ashx?_op=userinfo

2020-05-26 16:42:59:44		进入 iutlwrx4oek340ezjn5gh1jx /adnim/handler/gobalhandler.ashx?_op=getmenu

2020-05-26 16:42:59:58		离开 iutlwrx4oek340ezjn5gh1jx /adnim/handler/gobalhandler.ashx?_op=getmenu

2020-05-26 16:42:59:545		进入 iutlwrx4oek340ezjn5gh1jx /adnim/handler/GobalHandler.ashx?_op=userinfo

2020-05-26 16:42:59:546		离开 iutlwrx4oek340ezjn5gh1jx /adnim/handler/GobalHandler.ashx?_op=userinfo

2020-05-26 16:43:06:645		进入 iutlwrx4oek340ezjn5gh1jx /adnim/login.aspx?loginout=true

2020-05-26 16:43:06:652		离开 iutlwrx4oek340ezjn5gh1jx /adnim/login.aspx?loginout=true

2020-05-26 16:43:09:841		进入 iutlwrx4oek340ezjn5gh1jx /adnim/handler/GobalHandler.ashx?_op=loginform:[{username:admin},{password:111111},]

2020-05-26 16:43:09:866		离开 iutlwrx4oek340ezjn5gh1jx /adnim/handler/GobalHandler.ashx?_op=login

2020-05-26 16:43:10:304		进入 iutlwrx4oek340ezjn5gh1jx /adnim/handler/information.ashx?_op=V_VedioQuery&name=&_search=false&nd=1590482590292&rows=10&page=1&sidx=Sort&sord=desc

2020-05-26 16:43:10:314		离开 iutlwrx4oek340ezjn5gh1jx /adnim/handler/information.ashx?_op=V_VedioQuery&name=&_search=false&nd=1590482590292&rows=10&page=1&sidx=Sort&sord=desc

2020-05-26 16:43:10:382		进入 iutlwrx4oek340ezjn5gh1jx /adnim/handler/gobalhandler.ashx?_op=getmenu

2020-05-26 16:43:10:401		离开 iutlwrx4oek340ezjn5gh1jx /adnim/handler/gobalhandler.ashx?_op=getmenu

2020-05-26 16:43:10:881		进入 iutlwrx4oek340ezjn5gh1jx /adnim/handler/GobalHandler.ashx?_op=userinfo

2020-05-26 16:43:10:891		离开 iutlwrx4oek340ezjn5gh1jx /adnim/handler/GobalHandler.ashx?_op=userinfo

2020-05-26 16:45:37:161		进入 iutlwrx4oek340ezjn5gh1jx /adnim/handler/gobalhandler.ashx?_op=getmenu

2020-05-26 16:45:37:283		离开 iutlwrx4oek340ezjn5gh1jx /adnim/handler/gobalhandler.ashx?_op=getmenu

2020-05-26 16:45:37:409		进入 iutlwrx4oek340ezjn5gh1jx /adnim/handler/GobalHandler.ashx?_op=userinfo

2020-05-26 16:45:37:431		离开 iutlwrx4oek340ezjn5gh1jx /adnim/handler/GobalHandler.ashx?_op=userinfo

2020-05-26 16:47:40:498		进入 iutlwrx4oek340ezjn5gh1jx /adnim/handler/gobalhandler.ashx?_op=getmenu

2020-05-26 16:47:40:508		离开 iutlwrx4oek340ezjn5gh1jx /adnim/handler/gobalhandler.ashx?_op=getmenu

2020-05-26 16:47:41:1		进入 iutlwrx4oek340ezjn5gh1jx /adnim/handler/GobalHandler.ashx?_op=userinfo

2020-05-26 16:47:41:24		离开 iutlwrx4oek340ezjn5gh1jx /adnim/handler/GobalHandler.ashx?_op=userinfo

2020-05-26 16:47:46:346		进入 iutlwrx4oek340ezjn5gh1jx /adnim/handler/gobalhandler.ashx?_op=getmenu

2020-05-26 16:47:46:360		离开 iutlwrx4oek340ezjn5gh1jx /adnim/handler/gobalhandler.ashx?_op=getmenu

2020-05-26 16:47:46:850		进入 iutlwrx4oek340ezjn5gh1jx /adnim/handler/GobalHandler.ashx?_op=userinfo

2020-05-26 16:47:46:880		离开 iutlwrx4oek340ezjn5gh1jx /adnim/handler/GobalHandler.ashx?_op=userinfo

2020-05-26 16:47:49:336		进入 iutlwrx4oek340ezjn5gh1jx /adnim/handler/gobalhandler.ashx?_op=getmenu

2020-05-26 16:47:49:349		离开 iutlwrx4oek340ezjn5gh1jx /adnim/handler/gobalhandler.ashx?_op=getmenu

2020-05-26 16:47:49:838		进入 iutlwrx4oek340ezjn5gh1jx /adnim/handler/GobalHandler.ashx?_op=userinfo

2020-05-26 16:47:49:846		离开 iutlwrx4oek340ezjn5gh1jx /adnim/handler/GobalHandler.ashx?_op=userinfo

2020-05-26 16:53:15:389		进入 iutlwrx4oek340ezjn5gh1jx /adnim/handler/gobalhandler.ashx?_op=getmenu

2020-05-26 16:53:15:399		离开 iutlwrx4oek340ezjn5gh1jx /adnim/handler/gobalhandler.ashx?_op=getmenu

2020-05-26 16:53:15:891		进入 iutlwrx4oek340ezjn5gh1jx /adnim/handler/GobalHandler.ashx?_op=userinfo

2020-05-26 16:53:15:939		离开 iutlwrx4oek340ezjn5gh1jx /adnim/handler/GobalHandler.ashx?_op=userinfo

2020-05-26 16:53:20:145		进入 iutlwrx4oek340ezjn5gh1jx /adnim/handler/gobalhandler.ashx?_op=getmenu

2020-05-26 16:53:20:158		离开 iutlwrx4oek340ezjn5gh1jx /adnim/handler/gobalhandler.ashx?_op=getmenu

2020-05-26 16:53:20:667		进入 iutlwrx4oek340ezjn5gh1jx /adnim/handler/GobalHandler.ashx?_op=userinfo

2020-05-26 16:53:20:682		离开 iutlwrx4oek340ezjn5gh1jx /adnim/handler/GobalHandler.ashx?_op=userinfo

2020-05-26 16:54:07:394		进入 iutlwrx4oek340ezjn5gh1jx /adnim/handler/gobalhandler.ashx?_op=getmenu

2020-05-26 16:54:07:396		离开 iutlwrx4oek340ezjn5gh1jx /adnim/handler/gobalhandler.ashx?_op=getmenu

2020-05-26 16:54:07:897		进入 iutlwrx4oek340ezjn5gh1jx /adnim/handler/GobalHandler.ashx?_op=userinfo

2020-05-26 16:54:07:941		离开 iutlwrx4oek340ezjn5gh1jx /adnim/handler/GobalHandler.ashx?_op=userinfo

2020-05-26 16:55:11:775		进入 iutlwrx4oek340ezjn5gh1jx /adnim/handler/gobalhandler.ashx?_op=getmenu

2020-05-26 16:55:11:786		离开 iutlwrx4oek340ezjn5gh1jx /adnim/handler/gobalhandler.ashx?_op=getmenu

2020-05-26 16:55:12:277		进入 iutlwrx4oek340ezjn5gh1jx /adnim/handler/GobalHandler.ashx?_op=userinfo

2020-05-26 16:55:12:279		离开 iutlwrx4oek340ezjn5gh1jx /adnim/handler/GobalHandler.ashx?_op=userinfo

2020-05-26 16:56:37:326		进入 iutlwrx4oek340ezjn5gh1jx /adnim/handler/gobalhandler.ashx?_op=getmenu

2020-05-26 16:56:37:338		离开 iutlwrx4oek340ezjn5gh1jx /adnim/handler/gobalhandler.ashx?_op=getmenu

2020-05-26 16:56:37:828		进入 iutlwrx4oek340ezjn5gh1jx /adnim/handler/GobalHandler.ashx?_op=userinfo

2020-05-26 16:56:37:844		离开 iutlwrx4oek340ezjn5gh1jx /adnim/handler/GobalHandler.ashx?_op=userinfo

2020-05-26 16:59:02:508		进入 iutlwrx4oek340ezjn5gh1jx /adnim/handler/gobalhandler.ashx?_op=getmenu

2020-05-26 16:59:02:510		离开 iutlwrx4oek340ezjn5gh1jx /adnim/handler/gobalhandler.ashx?_op=getmenu

2020-05-26 16:59:03:11		进入 iutlwrx4oek340ezjn5gh1jx /adnim/handler/GobalHandler.ashx?_op=userinfo

2020-05-26 16:59:03:24		离开 iutlwrx4oek340ezjn5gh1jx /adnim/handler/GobalHandler.ashx?_op=userinfo

2020-05-26 16:59:49:831		进入 iutlwrx4oek340ezjn5gh1jx /adnim/handler/gobalhandler.ashx?_op=getmenu

2020-05-26 16:59:49:840		离开 iutlwrx4oek340ezjn5gh1jx /adnim/handler/gobalhandler.ashx?_op=getmenu

2020-05-26 16:59:50:333		进入 iutlwrx4oek340ezjn5gh1jx /adnim/handler/GobalHandler.ashx?_op=userinfo

2020-05-26 16:59:50:342		离开 iutlwrx4oek340ezjn5gh1jx /adnim/handler/GobalHandler.ashx?_op=userinfo

2020-05-26 16:59:53:46		进入 iutlwrx4oek340ezjn5gh1jx /adnim/handler/gobalhandler.ashx?_op=getmenu

2020-05-26 16:59:53:65		离开 iutlwrx4oek340ezjn5gh1jx /adnim/handler/gobalhandler.ashx?_op=getmenu

2020-05-26 16:59:53:551		进入 iutlwrx4oek340ezjn5gh1jx /adnim/handler/GobalHandler.ashx?_op=userinfo

2020-05-26 16:59:53:574		离开 iutlwrx4oek340ezjn5gh1jx /adnim/handler/GobalHandler.ashx?_op=userinfo

2020-05-26 16:59:56:4		进入 iutlwrx4oek340ezjn5gh1jx /adnim/handler/gobalhandler.ashx?_op=getmenu

2020-05-26 16:59:56:21		离开 iutlwrx4oek340ezjn5gh1jx /adnim/handler/gobalhandler.ashx?_op=getmenu

2020-05-26 16:59:56:508		进入 iutlwrx4oek340ezjn5gh1jx /adnim/handler/GobalHandler.ashx?_op=userinfo

2020-05-26 16:59:56:543		离开 iutlwrx4oek340ezjn5gh1jx /adnim/handler/GobalHandler.ashx?_op=userinfo

2020-05-26 17:01:00:588		进入 iutlwrx4oek340ezjn5gh1jx /adnim/handler/gobalhandler.ashx?_op=getmenu

2020-05-26 17:01:00:604		离开 iutlwrx4oek340ezjn5gh1jx /adnim/handler/gobalhandler.ashx?_op=getmenu

2020-05-26 17:01:01:88		进入 iutlwrx4oek340ezjn5gh1jx /adnim/handler/GobalHandler.ashx?_op=userinfo

2020-05-26 17:01:01:488		离开 iutlwrx4oek340ezjn5gh1jx /adnim/handler/GobalHandler.ashx?_op=userinfo

2020-05-26 17:12:39:427		进入 iutlwrx4oek340ezjn5gh1jx /adnim/handler/gobalhandler.ashx?_op=getmenu

2020-05-26 17:12:39:451		离开 iutlwrx4oek340ezjn5gh1jx /adnim/handler/gobalhandler.ashx?_op=getmenu

2020-05-26 17:12:39:928		进入 iutlwrx4oek340ezjn5gh1jx /adnim/handler/GobalHandler.ashx?_op=userinfo

2020-05-26 17:12:39:949		离开 iutlwrx4oek340ezjn5gh1jx /adnim/handler/GobalHandler.ashx?_op=userinfo

2020-05-26 17:13:16:236		进入 iutlwrx4oek340ezjn5gh1jx /adnim/handler/gobalhandler.ashx?_op=getmenu

2020-05-26 17:13:16:238		离开 iutlwrx4oek340ezjn5gh1jx /adnim/handler/gobalhandler.ashx?_op=getmenu

2020-05-26 17:13:16:246		进入 iutlwrx4oek340ezjn5gh1jx /adnim/handler/GobalHandler.ashx?_op=userinfo

2020-05-26 17:13:16:248		离开 iutlwrx4oek340ezjn5gh1jx /adnim/handler/GobalHandler.ashx?_op=userinfo

2020-05-26 17:20:07:847		进入 iutlwrx4oek340ezjn5gh1jx /adnim/handler/gobalhandler.ashx?_op=getmenu

2020-05-26 17:20:07:891		离开 iutlwrx4oek340ezjn5gh1jx /adnim/handler/gobalhandler.ashx?_op=getmenu

2020-05-26 17:20:08:360		进入 iutlwrx4oek340ezjn5gh1jx /adnim/handler/GobalHandler.ashx?_op=userinfo

2020-05-26 17:20:08:416		离开 iutlwrx4oek340ezjn5gh1jx /adnim/handler/GobalHandler.ashx?_op=userinfo

2020-05-26 17:20:18:980		进入 iutlwrx4oek340ezjn5gh1jx /adnim/handler/gobalhandler.ashx?_op=getmenu

2020-05-26 17:20:18:994		离开 iutlwrx4oek340ezjn5gh1jx /adnim/handler/gobalhandler.ashx?_op=getmenu

2020-05-26 17:20:19:483		进入 iutlwrx4oek340ezjn5gh1jx /adnim/handler/GobalHandler.ashx?_op=userinfo

2020-05-26 17:20:19:485		离开 iutlwrx4oek340ezjn5gh1jx /adnim/handler/GobalHandler.ashx?_op=userinfo

2020-05-26 17:20:22:442		进入 iutlwrx4oek340ezjn5gh1jx /adnim/handler/gobalhandler.ashx?_op=getmenu

2020-05-26 17:20:22:454		离开 iutlwrx4oek340ezjn5gh1jx /adnim/handler/gobalhandler.ashx?_op=getmenu

2020-05-26 17:20:22:945		进入 iutlwrx4oek340ezjn5gh1jx /adnim/handler/GobalHandler.ashx?_op=userinfo

2020-05-26 17:20:22:960		离开 iutlwrx4oek340ezjn5gh1jx /adnim/handler/GobalHandler.ashx?_op=userinfo

2020-05-26 17:20:27:155		进入 iutlwrx4oek340ezjn5gh1jx /adnim/handler/gobalhandler.ashx?_op=getmenu

2020-05-26 17:20:27:165		离开 iutlwrx4oek340ezjn5gh1jx /adnim/handler/gobalhandler.ashx?_op=getmenu

2020-05-26 17:20:27:672		进入 iutlwrx4oek340ezjn5gh1jx /adnim/handler/GobalHandler.ashx?_op=userinfo

2020-05-26 17:20:27:923		离开 iutlwrx4oek340ezjn5gh1jx /adnim/handler/GobalHandler.ashx?_op=userinfo

2020-05-26 17:20:30:649		进入 iutlwrx4oek340ezjn5gh1jx /adnim/handler/newshandler.ashx?_op=userquery&name=&rows=10&page=1&sidx=&sord=asc

2020-05-26 17:20:31:98		离开 iutlwrx4oek340ezjn5gh1jx /adnim/handler/newshandler.ashx?_op=userquery&name=&rows=10&page=1&sidx=&sord=asc

2020-05-26 17:20:31:292		进入 iutlwrx4oek340ezjn5gh1jx /adnim/handler/gobalhandler.ashx?_op=getmenu

2020-05-26 17:20:31:312		离开 iutlwrx4oek340ezjn5gh1jx /adnim/handler/gobalhandler.ashx?_op=getmenu

2020-05-26 17:20:31:823		进入 iutlwrx4oek340ezjn5gh1jx /adnim/handler/GobalHandler.ashx?_op=userinfo

2020-05-26 17:20:31:825		离开 iutlwrx4oek340ezjn5gh1jx /adnim/handler/GobalHandler.ashx?_op=userinfo

2020-05-26 17:20:46:28		进入 iutlwrx4oek340ezjn5gh1jx /adnim/handler/newshandler.ashx?_op=userquery&name=&rows=10&page=1&sidx=&sord=asc

2020-05-26 17:20:46:134		离开 iutlwrx4oek340ezjn5gh1jx /adnim/handler/newshandler.ashx?_op=userquery&name=&rows=10&page=1&sidx=&sord=asc

2020-05-26 17:20:59:647		进入 iutlwrx4oek340ezjn5gh1jx /adnim/handler/gobalhandler.ashx?_op=getmenu

2020-05-26 17:20:59:663		离开 iutlwrx4oek340ezjn5gh1jx /adnim/handler/gobalhandler.ashx?_op=getmenu

2020-05-26 17:21:00:148		进入 iutlwrx4oek340ezjn5gh1jx /adnim/handler/GobalHandler.ashx?_op=userinfo

2020-05-26 17:21:00:171		离开 iutlwrx4oek340ezjn5gh1jx /adnim/handler/GobalHandler.ashx?_op=userinfo

2020-05-26 17:24:23:820		进入 iutlwrx4oek340ezjn5gh1jx /adnim/handler/gobalhandler.ashx?_op=getmenu

2020-05-26 17:24:23:832		离开 iutlwrx4oek340ezjn5gh1jx /adnim/handler/gobalhandler.ashx?_op=getmenu

2020-05-26 17:24:24:323		进入 iutlwrx4oek340ezjn5gh1jx /adnim/handler/GobalHandler.ashx?_op=userinfo

2020-05-26 17:24:24:340		离开 iutlwrx4oek340ezjn5gh1jx /adnim/handler/GobalHandler.ashx?_op=userinfo

2020-05-26 17:24:44:313		进入 iutlwrx4oek340ezjn5gh1jx /adnim/handler/gobalhandler.ashx?_op=getmenu

2020-05-26 17:24:44:323		离开 iutlwrx4oek340ezjn5gh1jx /adnim/handler/gobalhandler.ashx?_op=getmenu

2020-05-26 17:24:44:833		进入 iutlwrx4oek340ezjn5gh1jx /adnim/handler/GobalHandler.ashx?_op=userinfo

2020-05-26 17:24:44:861		离开 iutlwrx4oek340ezjn5gh1jx /adnim/handler/GobalHandler.ashx?_op=userinfo

2020-05-26 17:28:20:672		进入 iutlwrx4oek340ezjn5gh1jx /adnim/handler/gobalhandler.ashx?_op=getmenu

2020-05-26 17:28:20:724		离开 iutlwrx4oek340ezjn5gh1jx /adnim/handler/gobalhandler.ashx?_op=getmenu

2020-05-26 17:28:21:192		进入 iutlwrx4oek340ezjn5gh1jx /adnim/handler/GobalHandler.ashx?_op=userinfo

2020-05-26 17:28:21:233		离开 iutlwrx4oek340ezjn5gh1jx /adnim/handler/GobalHandler.ashx?_op=userinfo

2020-05-26 17:28:42:585		进入 iutlwrx4oek340ezjn5gh1jx /adnim/handler/gobalhandler.ashx?_op=getmenu

2020-05-26 17:28:42:594		离开 iutlwrx4oek340ezjn5gh1jx /adnim/handler/gobalhandler.ashx?_op=getmenu

2020-05-26 17:28:43:90		进入 iutlwrx4oek340ezjn5gh1jx /adnim/handler/GobalHandler.ashx?_op=userinfo

2020-05-26 17:28:43:92		离开 iutlwrx4oek340ezjn5gh1jx /adnim/handler/GobalHandler.ashx?_op=userinfo

2020-05-26 17:56:04:429		进入 iutlwrx4oek340ezjn5gh1jx /adnim/handler/gobalhandler.ashx?_op=getmenu

2020-05-26 17:56:04:440		离开 iutlwrx4oek340ezjn5gh1jx /adnim/handler/gobalhandler.ashx?_op=getmenu

2020-05-26 17:56:04:930		进入 iutlwrx4oek340ezjn5gh1jx /adnim/handler/GobalHandler.ashx?_op=userinfo

2020-05-26 17:56:04:980		离开 iutlwrx4oek340ezjn5gh1jx /adnim/handler/GobalHandler.ashx?_op=userinfo

2020-05-26 17:56:10:237		进入 iutlwrx4oek340ezjn5gh1jx /adnim/handler/gobalhandler.ashx?_op=getmenu

2020-05-26 17:56:10:259		离开 iutlwrx4oek340ezjn5gh1jx /adnim/handler/gobalhandler.ashx?_op=getmenu

2020-05-26 17:56:10:739		进入 iutlwrx4oek340ezjn5gh1jx /adnim/handler/GobalHandler.ashx?_op=userinfo

2020-05-26 17:56:10:740		离开 iutlwrx4oek340ezjn5gh1jx /adnim/handler/GobalHandler.ashx?_op=userinfo

2020-05-26 17:56:16:732		进入 iutlwrx4oek340ezjn5gh1jx /adnim/handler/gobalhandler.ashx?_op=getmenu

2020-05-26 17:56:16:744		离开 iutlwrx4oek340ezjn5gh1jx /adnim/handler/gobalhandler.ashx?_op=getmenu

2020-05-26 17:56:17:236		进入 iutlwrx4oek340ezjn5gh1jx /adnim/handler/GobalHandler.ashx?_op=userinfo

2020-05-26 17:56:17:270		离开 iutlwrx4oek340ezjn5gh1jx /adnim/handler/GobalHandler.ashx?_op=userinfo

2020-05-26 17:56:19:776		进入 iutlwrx4oek340ezjn5gh1jx /adnim/handler/gobalhandler.ashx?_op=getmenu

2020-05-26 17:56:19:778		离开 iutlwrx4oek340ezjn5gh1jx /adnim/handler/gobalhandler.ashx?_op=getmenu

2020-05-26 17:56:20:295		进入 iutlwrx4oek340ezjn5gh1jx /adnim/handler/GobalHandler.ashx?_op=userinfo

2020-05-26 17:56:20:312		离开 iutlwrx4oek340ezjn5gh1jx /adnim/handler/GobalHandler.ashx?_op=userinfo

2020-05-26 17:56:23:613		进入 iutlwrx4oek340ezjn5gh1jx /adnim/handler/gobalhandler.ashx?_op=getmenu

2020-05-26 17:56:23:624		离开 iutlwrx4oek340ezjn5gh1jx /adnim/handler/gobalhandler.ashx?_op=getmenu

2020-05-26 17:56:24:119		进入 iutlwrx4oek340ezjn5gh1jx /adnim/handler/GobalHandler.ashx?_op=userinfo

2020-05-26 17:56:24:148		离开 iutlwrx4oek340ezjn5gh1jx /adnim/handler/GobalHandler.ashx?_op=userinfo

2020-05-26 17:57:36:396		进入 iutlwrx4oek340ezjn5gh1jx /adnim/handler/gobalhandler.ashx?_op=getmenu

2020-05-26 17:57:36:417		离开 iutlwrx4oek340ezjn5gh1jx /adnim/handler/gobalhandler.ashx?_op=getmenu

2020-05-26 17:57:36:899		进入 iutlwrx4oek340ezjn5gh1jx /adnim/handler/GobalHandler.ashx?_op=userinfo

2020-05-26 17:57:36:901		离开 iutlwrx4oek340ezjn5gh1jx /adnim/handler/GobalHandler.ashx?_op=userinfo

2020-05-26 17:59:49:301		进入 iutlwrx4oek340ezjn5gh1jx /adnim/handler/gobalhandler.ashx?_op=getmenu

2020-05-26 17:59:49:311		离开 iutlwrx4oek340ezjn5gh1jx /adnim/handler/gobalhandler.ashx?_op=getmenu

2020-05-26 17:59:49:806		进入 iutlwrx4oek340ezjn5gh1jx /adnim/handler/GobalHandler.ashx?_op=userinfo

2020-05-26 17:59:49:832		离开 iutlwrx4oek340ezjn5gh1jx /adnim/handler/GobalHandler.ashx?_op=userinfo

2020-05-26 18:01:08:430		进入 iutlwrx4oek340ezjn5gh1jx /adnim/handler/gobalhandler.ashx?_op=getmenu

2020-05-26 18:01:08:440		离开 iutlwrx4oek340ezjn5gh1jx /adnim/handler/gobalhandler.ashx?_op=getmenu

2020-05-26 18:01:08:934		进入 iutlwrx4oek340ezjn5gh1jx /adnim/handler/GobalHandler.ashx?_op=userinfo

2020-05-26 18:01:08:974		离开 iutlwrx4oek340ezjn5gh1jx /adnim/handler/GobalHandler.ashx?_op=userinfo

2020-05-26 18:01:40:385		进入 iutlwrx4oek340ezjn5gh1jx /adnim/handler/gobalhandler.ashx?_op=getmenu

2020-05-26 18:01:40:405		离开 iutlwrx4oek340ezjn5gh1jx /adnim/handler/gobalhandler.ashx?_op=getmenu

2020-05-26 18:01:40:890		进入 iutlwrx4oek340ezjn5gh1jx /adnim/handler/GobalHandler.ashx?_op=userinfo

2020-05-26 18:01:40:891		离开 iutlwrx4oek340ezjn5gh1jx /adnim/handler/GobalHandler.ashx?_op=userinfo

2020-05-26 18:01:52:511		进入 iutlwrx4oek340ezjn5gh1jx /adnim/handler/gobalhandler.ashx?_op=getmenu

2020-05-26 18:01:52:522		离开 iutlwrx4oek340ezjn5gh1jx /adnim/handler/gobalhandler.ashx?_op=getmenu

2020-05-26 18:01:53:15		进入 iutlwrx4oek340ezjn5gh1jx /adnim/handler/GobalHandler.ashx?_op=userinfo

2020-05-26 18:01:53:31		离开 iutlwrx4oek340ezjn5gh1jx /adnim/handler/GobalHandler.ashx?_op=userinfo

2020-05-26 18:05:12:629		进入 iutlwrx4oek340ezjn5gh1jx /adnim/handler/gobalhandler.ashx?_op=getmenu

2020-05-26 18:05:12:637		离开 iutlwrx4oek340ezjn5gh1jx /adnim/handler/gobalhandler.ashx?_op=getmenu

2020-05-26 18:05:13:132		进入 iutlwrx4oek340ezjn5gh1jx /adnim/handler/GobalHandler.ashx?_op=userinfo

2020-05-26 18:05:13:144		离开 iutlwrx4oek340ezjn5gh1jx /adnim/handler/GobalHandler.ashx?_op=userinfo

2020-05-26 18:05:33:558		进入 iutlwrx4oek340ezjn5gh1jx /adnim/handler/gobalhandler.ashx?_op=getmenu

2020-05-26 18:05:33:567		离开 iutlwrx4oek340ezjn5gh1jx /adnim/handler/gobalhandler.ashx?_op=getmenu

2020-05-26 18:05:34:61		进入 iutlwrx4oek340ezjn5gh1jx /adnim/handler/GobalHandler.ashx?_op=userinfo

2020-05-26 18:05:34:68		离开 iutlwrx4oek340ezjn5gh1jx /adnim/handler/GobalHandler.ashx?_op=userinfo

2020-05-26 18:05:44:175		进入 iutlwrx4oek340ezjn5gh1jx /adnim/handler/gobalhandler.ashx?_op=getmenu

2020-05-26 18:05:44:184		离开 iutlwrx4oek340ezjn5gh1jx /adnim/handler/gobalhandler.ashx?_op=getmenu

2020-05-26 18:05:44:678		进入 iutlwrx4oek340ezjn5gh1jx /adnim/handler/GobalHandler.ashx?_op=userinfo

2020-05-26 18:05:44:698		离开 iutlwrx4oek340ezjn5gh1jx /adnim/handler/GobalHandler.ashx?_op=userinfo

2020-05-26 18:26:06:653		进入 iutlwrx4oek340ezjn5gh1jx /adnim/handler/gobalhandler.ashx?_op=getmenu

2020-05-26 18:26:06:656		离开 iutlwrx4oek340ezjn5gh1jx /adnim/handler/gobalhandler.ashx?_op=getmenu

2020-05-26 18:26:07:164		进入 iutlwrx4oek340ezjn5gh1jx /adnim/handler/GobalHandler.ashx?_op=userinfo

2020-05-26 18:26:07:165		离开 iutlwrx4oek340ezjn5gh1jx /adnim/handler/GobalHandler.ashx?_op=userinfo

