2020-05-28 09:47:57:251		进入 htxsigknaquehsc1kzopplm4 /adnim/byClinicalChart.aspx

2020-05-28 09:47:57:252		离开 htxsigknaquehsc1kzopplm4 /adnim/byClinicalChart.aspx

2020-05-28 09:48:02:384		进入 htxsigknaquehsc1kzopplm4 /adnim/handler/GobalHandler.ashx?_op=loginform:[{username:admin},{password:111111},]

2020-05-28 09:48:02:500		离开 htxsigknaquehsc1kzopplm4 /adnim/handler/GobalHandler.ashx?_op=login

2020-05-28 09:48:03:432		进入 htxsigknaquehsc1kzopplm4 /adnim/handler/information.ashx?_op=V_VedioQuery&name=&_search=false&nd=1590630483426&rows=10&page=1&sidx=Sort&sord=desc

2020-05-28 09:48:03:433		离开 htxsigknaquehsc1kzopplm4 /adnim/handler/information.ashx?_op=V_VedioQuery&name=&_search=false&nd=1590630483426&rows=10&page=1&sidx=Sort&sord=desc

2020-05-28 09:48:03:489		进入 htxsigknaquehsc1kzopplm4 /adnim/handler/gobalhandler.ashx?_op=getmenu

2020-05-28 09:48:03:494		离开 htxsigknaquehsc1kzopplm4 /adnim/handler/gobalhandler.ashx?_op=getmenu

2020-05-28 09:48:03:989		进入 htxsigknaquehsc1kzopplm4 /adnim/handler/GobalHandler.ashx?_op=userinfo

2020-05-28 09:48:03:995		离开 htxsigknaquehsc1kzopplm4 /adnim/handler/GobalHandler.ashx?_op=userinfo

2020-05-28 09:48:10:803		进入 htxsigknaquehsc1kzopplm4 /adnim/handler/gobalhandler.ashx?_op=getmenu

2020-05-28 09:48:10:805		离开 htxsigknaquehsc1kzopplm4 /adnim/handler/gobalhandler.ashx?_op=getmenu

2020-05-28 09:48:11:306		进入 htxsigknaquehsc1kzopplm4 /adnim/handler/GobalHandler.ashx?_op=userinfo

2020-05-28 09:48:11:307		离开 htxsigknaquehsc1kzopplm4 /adnim/handler/GobalHandler.ashx?_op=userinfo

2020-05-28 09:54:18:570		进入 htxsigknaquehsc1kzopplm4 /adnim/handler/gobalhandler.ashx?_op=getmenu

2020-05-28 09:54:18:571		离开 htxsigknaquehsc1kzopplm4 /adnim/handler/gobalhandler.ashx?_op=getmenu

2020-05-28 09:54:19:75		进入 htxsigknaquehsc1kzopplm4 /adnim/handler/GobalHandler.ashx?_op=userinfo

2020-05-28 09:54:19:76		离开 htxsigknaquehsc1kzopplm4 /adnim/handler/GobalHandler.ashx?_op=userinfo

2020-05-28 09:54:22:248		进入 htxsigknaquehsc1kzopplm4 /adnim/handler/gobalhandler.ashx?_op=getmenu

2020-05-28 09:54:22:249		离开 htxsigknaquehsc1kzopplm4 /adnim/handler/gobalhandler.ashx?_op=getmenu

2020-05-28 09:54:22:751		进入 htxsigknaquehsc1kzopplm4 /adnim/handler/GobalHandler.ashx?_op=userinfo

2020-05-28 09:54:22:751		离开 htxsigknaquehsc1kzopplm4 /adnim/handler/GobalHandler.ashx?_op=userinfo

2020-05-28 09:54:24:569		进入 htxsigknaquehsc1kzopplm4 /adnim/handler/gobalhandler.ashx?_op=getmenu

2020-05-28 09:54:24:570		离开 htxsigknaquehsc1kzopplm4 /adnim/handler/gobalhandler.ashx?_op=getmenu

2020-05-28 09:54:25:75		进入 htxsigknaquehsc1kzopplm4 /adnim/handler/GobalHandler.ashx?_op=userinfo

2020-05-28 09:54:25:76		离开 htxsigknaquehsc1kzopplm4 /adnim/handler/GobalHandler.ashx?_op=userinfo

2020-05-28 09:54:26:662		进入 htxsigknaquehsc1kzopplm4 /adnim/handler/gobalhandler.ashx?_op=getmenu

2020-05-28 09:54:26:663		离开 htxsigknaquehsc1kzopplm4 /adnim/handler/gobalhandler.ashx?_op=getmenu

2020-05-28 09:54:27:164		进入 htxsigknaquehsc1kzopplm4 /adnim/handler/GobalHandler.ashx?_op=userinfo

2020-05-28 09:54:27:164		离开 htxsigknaquehsc1kzopplm4 /adnim/handler/GobalHandler.ashx?_op=userinfo

2020-05-28 09:59:23:92		进入 htxsigknaquehsc1kzopplm4 /adnim/handler/gobalhandler.ashx?_op=getmenu

2020-05-28 09:59:23:94		离开 htxsigknaquehsc1kzopplm4 /adnim/handler/gobalhandler.ashx?_op=getmenu

2020-05-28 09:59:23:97		进入 htxsigknaquehsc1kzopplm4 /adnim/handler/GobalHandler.ashx?_op=userinfo

2020-05-28 09:59:23:98		离开 htxsigknaquehsc1kzopplm4 /adnim/handler/GobalHandler.ashx?_op=userinfo

2020-05-28 10:02:37:489		进入 htxsigknaquehsc1kzopplm4 /adnim/handler/gobalhandler.ashx?_op=getmenu

2020-05-28 10:02:37:491		离开 htxsigknaquehsc1kzopplm4 /adnim/handler/gobalhandler.ashx?_op=getmenu

2020-05-28 10:02:37:995		进入 htxsigknaquehsc1kzopplm4 /adnim/handler/GobalHandler.ashx?_op=userinfo

2020-05-28 10:02:37:997		离开 htxsigknaquehsc1kzopplm4 /adnim/handler/GobalHandler.ashx?_op=userinfo

2020-05-28 10:03:23:79		进入 htxsigknaquehsc1kzopplm4 /adnim/handler/gobalhandler.ashx?_op=getmenu

2020-05-28 10:03:23:81		离开 htxsigknaquehsc1kzopplm4 /adnim/handler/gobalhandler.ashx?_op=getmenu

2020-05-28 10:03:23:584		进入 htxsigknaquehsc1kzopplm4 /adnim/handler/GobalHandler.ashx?_op=userinfo

2020-05-28 10:03:23:585		离开 htxsigknaquehsc1kzopplm4 /adnim/handler/GobalHandler.ashx?_op=userinfo

2020-05-28 10:04:44:620		进入 htxsigknaquehsc1kzopplm4 /adnim/handler/gobalhandler.ashx?_op=getmenu

2020-05-28 10:04:44:622		离开 htxsigknaquehsc1kzopplm4 /adnim/handler/gobalhandler.ashx?_op=getmenu

2020-05-28 10:04:45:123		进入 htxsigknaquehsc1kzopplm4 /adnim/handler/GobalHandler.ashx?_op=userinfo

2020-05-28 10:04:45:124		离开 htxsigknaquehsc1kzopplm4 /adnim/handler/GobalHandler.ashx?_op=userinfo

2020-05-28 10:05:49:265		进入 htxsigknaquehsc1kzopplm4 /adnim/handler/gobalhandler.ashx?_op=getmenu

2020-05-28 10:05:49:266		离开 htxsigknaquehsc1kzopplm4 /adnim/handler/gobalhandler.ashx?_op=getmenu

2020-05-28 10:05:49:275		进入 htxsigknaquehsc1kzopplm4 /adnim/handler/GobalHandler.ashx?_op=userinfo

2020-05-28 10:05:49:276		离开 htxsigknaquehsc1kzopplm4 /adnim/handler/GobalHandler.ashx?_op=userinfo

2020-05-28 10:06:03:518		进入 htxsigknaquehsc1kzopplm4 /adnim/handler/gobalhandler.ashx?_op=getmenu

2020-05-28 10:06:03:520		离开 htxsigknaquehsc1kzopplm4 /adnim/handler/gobalhandler.ashx?_op=getmenu

2020-05-28 10:06:03:522		进入 htxsigknaquehsc1kzopplm4 /adnim/handler/GobalHandler.ashx?_op=userinfo

2020-05-28 10:06:03:523		离开 htxsigknaquehsc1kzopplm4 /adnim/handler/GobalHandler.ashx?_op=userinfo

2020-05-28 10:06:49:955		进入 htxsigknaquehsc1kzopplm4 /adnim/handler/gobalhandler.ashx?_op=getmenu

2020-05-28 10:06:49:957		离开 htxsigknaquehsc1kzopplm4 /adnim/handler/gobalhandler.ashx?_op=getmenu

2020-05-28 10:06:49:961		进入 htxsigknaquehsc1kzopplm4 /adnim/handler/GobalHandler.ashx?_op=userinfo

2020-05-28 10:06:49:962		离开 htxsigknaquehsc1kzopplm4 /adnim/handler/GobalHandler.ashx?_op=userinfo

2020-05-28 10:07:13:268		进入 htxsigknaquehsc1kzopplm4 /adnim/handler/gobalhandler.ashx?_op=getmenu

2020-05-28 10:07:13:270		离开 htxsigknaquehsc1kzopplm4 /adnim/handler/gobalhandler.ashx?_op=getmenu

2020-05-28 10:07:13:273		进入 htxsigknaquehsc1kzopplm4 /adnim/handler/GobalHandler.ashx?_op=userinfo

2020-05-28 10:07:13:274		离开 htxsigknaquehsc1kzopplm4 /adnim/handler/GobalHandler.ashx?_op=userinfo

2020-05-28 10:07:14:414		进入 htxsigknaquehsc1kzopplm4 /adnim/handler/gobalhandler.ashx?_op=getmenu

2020-05-28 10:07:14:416		离开 htxsigknaquehsc1kzopplm4 /adnim/handler/gobalhandler.ashx?_op=getmenu

2020-05-28 10:07:14:921		进入 htxsigknaquehsc1kzopplm4 /adnim/handler/GobalHandler.ashx?_op=userinfo

2020-05-28 10:07:14:924		离开 htxsigknaquehsc1kzopplm4 /adnim/handler/GobalHandler.ashx?_op=userinfo

2020-05-28 10:07:49:355		进入 htxsigknaquehsc1kzopplm4 /adnim/handler/gobalhandler.ashx?_op=getmenu

2020-05-28 10:07:49:356		离开 htxsigknaquehsc1kzopplm4 /adnim/handler/gobalhandler.ashx?_op=getmenu

2020-05-28 10:07:49:858		进入 htxsigknaquehsc1kzopplm4 /adnim/handler/GobalHandler.ashx?_op=userinfo

2020-05-28 10:07:49:858		离开 htxsigknaquehsc1kzopplm4 /adnim/handler/GobalHandler.ashx?_op=userinfo

2020-05-28 10:09:22:712		进入 htxsigknaquehsc1kzopplm4 /adnim/handler/gobalhandler.ashx?_op=getmenu

2020-05-28 10:09:22:714		离开 htxsigknaquehsc1kzopplm4 /adnim/handler/gobalhandler.ashx?_op=getmenu

2020-05-28 10:09:23:223		进入 htxsigknaquehsc1kzopplm4 /adnim/handler/GobalHandler.ashx?_op=userinfo

2020-05-28 10:09:23:223		离开 htxsigknaquehsc1kzopplm4 /adnim/handler/GobalHandler.ashx?_op=userinfo

2020-05-28 10:09:40:432		进入 htxsigknaquehsc1kzopplm4 /adnim/handler/gobalhandler.ashx?_op=getmenu

2020-05-28 10:09:40:433		离开 htxsigknaquehsc1kzopplm4 /adnim/handler/gobalhandler.ashx?_op=getmenu

2020-05-28 10:09:40:936		进入 htxsigknaquehsc1kzopplm4 /adnim/handler/GobalHandler.ashx?_op=userinfo

2020-05-28 10:09:40:937		离开 htxsigknaquehsc1kzopplm4 /adnim/handler/GobalHandler.ashx?_op=userinfo

2020-05-28 10:09:59:683		进入 htxsigknaquehsc1kzopplm4 /adnim/handler/gobalhandler.ashx?_op=getmenu

2020-05-28 10:09:59:685		离开 htxsigknaquehsc1kzopplm4 /adnim/handler/gobalhandler.ashx?_op=getmenu

2020-05-28 10:10:00:187		进入 htxsigknaquehsc1kzopplm4 /adnim/handler/GobalHandler.ashx?_op=userinfo

2020-05-28 10:10:00:188		离开 htxsigknaquehsc1kzopplm4 /adnim/handler/GobalHandler.ashx?_op=userinfo

2020-05-28 10:10:08:136		进入 htxsigknaquehsc1kzopplm4 /adnim/handler/gobalhandler.ashx?_op=getmenu

2020-05-28 10:10:08:138		离开 htxsigknaquehsc1kzopplm4 /adnim/handler/gobalhandler.ashx?_op=getmenu

2020-05-28 10:10:08:648		进入 htxsigknaquehsc1kzopplm4 /adnim/handler/GobalHandler.ashx?_op=userinfo

2020-05-28 10:10:08:649		离开 htxsigknaquehsc1kzopplm4 /adnim/handler/GobalHandler.ashx?_op=userinfo

2020-05-28 10:17:26:949		进入 htxsigknaquehsc1kzopplm4 /adnim/handler/gobalhandler.ashx?_op=getmenu

2020-05-28 10:17:26:951		离开 htxsigknaquehsc1kzopplm4 /adnim/handler/gobalhandler.ashx?_op=getmenu

2020-05-28 10:17:27:463		进入 htxsigknaquehsc1kzopplm4 /adnim/handler/GobalHandler.ashx?_op=userinfo

2020-05-28 10:17:27:464		离开 htxsigknaquehsc1kzopplm4 /adnim/handler/GobalHandler.ashx?_op=userinfo

2020-05-28 10:23:23:981		进入 htxsigknaquehsc1kzopplm4 /adnim/handler/gobalhandler.ashx?_op=getmenu

2020-05-28 10:23:23:983		离开 htxsigknaquehsc1kzopplm4 /adnim/handler/gobalhandler.ashx?_op=getmenu

2020-05-28 10:23:24:484		进入 htxsigknaquehsc1kzopplm4 /adnim/handler/GobalHandler.ashx?_op=userinfo

2020-05-28 10:23:24:485		离开 htxsigknaquehsc1kzopplm4 /adnim/handler/GobalHandler.ashx?_op=userinfo

2020-05-28 10:23:53:108		进入 htxsigknaquehsc1kzopplm4 /adnim/handler/gobalhandler.ashx?_op=getmenu

2020-05-28 10:23:53:109		离开 htxsigknaquehsc1kzopplm4 /adnim/handler/gobalhandler.ashx?_op=getmenu

2020-05-28 10:23:53:622		进入 htxsigknaquehsc1kzopplm4 /adnim/handler/GobalHandler.ashx?_op=userinfo

2020-05-28 10:23:53:623		离开 htxsigknaquehsc1kzopplm4 /adnim/handler/GobalHandler.ashx?_op=userinfo

2020-05-28 10:25:53:799		进入 htxsigknaquehsc1kzopplm4 /adnim/handler/gobalhandler.ashx?_op=getmenu

2020-05-28 10:25:53:800		离开 htxsigknaquehsc1kzopplm4 /adnim/handler/gobalhandler.ashx?_op=getmenu

2020-05-28 10:25:54:301		进入 htxsigknaquehsc1kzopplm4 /adnim/handler/GobalHandler.ashx?_op=userinfo

2020-05-28 10:25:54:302		离开 htxsigknaquehsc1kzopplm4 /adnim/handler/GobalHandler.ashx?_op=userinfo

2020-05-28 10:27:14:192		进入 htxsigknaquehsc1kzopplm4 /adnim/handler/gobalhandler.ashx?_op=getmenu

2020-05-28 10:27:14:194		离开 htxsigknaquehsc1kzopplm4 /adnim/handler/gobalhandler.ashx?_op=getmenu

2020-05-28 10:27:14:695		进入 htxsigknaquehsc1kzopplm4 /adnim/handler/GobalHandler.ashx?_op=userinfo

2020-05-28 10:27:14:696		离开 htxsigknaquehsc1kzopplm4 /adnim/handler/GobalHandler.ashx?_op=userinfo

2020-05-28 10:31:42:217		进入 htxsigknaquehsc1kzopplm4 /adnim/handler/gobalhandler.ashx?_op=getmenu

2020-05-28 10:31:42:218		离开 htxsigknaquehsc1kzopplm4 /adnim/handler/gobalhandler.ashx?_op=getmenu

2020-05-28 10:31:42:220		进入 htxsigknaquehsc1kzopplm4 /adnim/handler/GobalHandler.ashx?_op=userinfo

2020-05-28 10:31:42:221		离开 htxsigknaquehsc1kzopplm4 /adnim/handler/GobalHandler.ashx?_op=userinfo

2020-05-28 10:32:03:142		进入 htxsigknaquehsc1kzopplm4 /adnim/handler/gobalhandler.ashx?_op=getmenu

2020-05-28 10:32:03:144		离开 htxsigknaquehsc1kzopplm4 /adnim/handler/gobalhandler.ashx?_op=getmenu

2020-05-28 10:32:03:646		进入 htxsigknaquehsc1kzopplm4 /adnim/handler/GobalHandler.ashx?_op=userinfo

2020-05-28 10:32:03:647		离开 htxsigknaquehsc1kzopplm4 /adnim/handler/GobalHandler.ashx?_op=userinfo

2020-05-28 10:35:18:636		进入 htxsigknaquehsc1kzopplm4 /adnim/handler/gobalhandler.ashx?_op=getmenu

2020-05-28 10:35:18:637		离开 htxsigknaquehsc1kzopplm4 /adnim/handler/gobalhandler.ashx?_op=getmenu

2020-05-28 10:35:19:141		进入 htxsigknaquehsc1kzopplm4 /adnim/handler/GobalHandler.ashx?_op=userinfo

2020-05-28 10:35:19:143		离开 htxsigknaquehsc1kzopplm4 /adnim/handler/GobalHandler.ashx?_op=userinfo

2020-05-28 10:36:20:215		进入 htxsigknaquehsc1kzopplm4 /adnim/handler/gobalhandler.ashx?_op=getmenu

2020-05-28 10:36:20:216		离开 htxsigknaquehsc1kzopplm4 /adnim/handler/gobalhandler.ashx?_op=getmenu

2020-05-28 10:36:20:720		进入 htxsigknaquehsc1kzopplm4 /adnim/handler/GobalHandler.ashx?_op=userinfo

2020-05-28 10:36:20:721		离开 htxsigknaquehsc1kzopplm4 /adnim/handler/GobalHandler.ashx?_op=userinfo

2020-05-28 10:39:53:173		进入 htxsigknaquehsc1kzopplm4 /adnim/handler/gobalhandler.ashx?_op=getmenu

2020-05-28 10:39:53:175		离开 htxsigknaquehsc1kzopplm4 /adnim/handler/gobalhandler.ashx?_op=getmenu

2020-05-28 10:39:53:690		进入 htxsigknaquehsc1kzopplm4 /adnim/handler/GobalHandler.ashx?_op=userinfo

2020-05-28 10:39:53:692		离开 htxsigknaquehsc1kzopplm4 /adnim/handler/GobalHandler.ashx?_op=userinfo

2020-05-28 10:42:25:921		进入 htxsigknaquehsc1kzopplm4 /adnim/handler/gobalhandler.ashx?_op=getmenu

2020-05-28 10:42:25:922		离开 htxsigknaquehsc1kzopplm4 /adnim/handler/gobalhandler.ashx?_op=getmenu

2020-05-28 10:42:25:925		进入 htxsigknaquehsc1kzopplm4 /adnim/handler/GobalHandler.ashx?_op=userinfo

2020-05-28 10:42:25:926		离开 htxsigknaquehsc1kzopplm4 /adnim/handler/GobalHandler.ashx?_op=userinfo

2020-05-28 10:42:54:710		进入 htxsigknaquehsc1kzopplm4 /adnim/handler/gobalhandler.ashx?_op=getmenu

2020-05-28 10:42:54:711		离开 htxsigknaquehsc1kzopplm4 /adnim/handler/gobalhandler.ashx?_op=getmenu

2020-05-28 10:42:54:713		进入 htxsigknaquehsc1kzopplm4 /adnim/handler/GobalHandler.ashx?_op=userinfo

2020-05-28 10:42:54:714		离开 htxsigknaquehsc1kzopplm4 /adnim/handler/GobalHandler.ashx?_op=userinfo

2020-05-28 10:43:25:729		进入 htxsigknaquehsc1kzopplm4 /adnim/handler/gobalhandler.ashx?_op=getmenu

2020-05-28 10:43:25:730		离开 htxsigknaquehsc1kzopplm4 /adnim/handler/gobalhandler.ashx?_op=getmenu

2020-05-28 10:43:26:232		进入 htxsigknaquehsc1kzopplm4 /adnim/handler/GobalHandler.ashx?_op=userinfo

2020-05-28 10:43:26:233		离开 htxsigknaquehsc1kzopplm4 /adnim/handler/GobalHandler.ashx?_op=userinfo

2020-05-28 10:47:32:374		进入 htxsigknaquehsc1kzopplm4 /adnim/handler/gobalhandler.ashx?_op=getmenu

2020-05-28 10:47:32:447		离开 htxsigknaquehsc1kzopplm4 /adnim/handler/gobalhandler.ashx?_op=getmenu

2020-05-28 10:47:32:868		进入 htxsigknaquehsc1kzopplm4 /adnim/handler/GobalHandler.ashx?_op=userinfo

2020-05-28 10:47:32:877		离开 htxsigknaquehsc1kzopplm4 /adnim/handler/GobalHandler.ashx?_op=userinfo

2020-05-28 10:48:00:170		进入 htxsigknaquehsc1kzopplm4 /adnim/handler/gobalhandler.ashx?_op=getmenu

2020-05-28 10:48:00:171		离开 htxsigknaquehsc1kzopplm4 /adnim/handler/gobalhandler.ashx?_op=getmenu

2020-05-28 10:48:00:674		进入 htxsigknaquehsc1kzopplm4 /adnim/handler/GobalHandler.ashx?_op=userinfo

2020-05-28 10:48:00:675		离开 htxsigknaquehsc1kzopplm4 /adnim/handler/GobalHandler.ashx?_op=userinfo

2020-05-28 10:49:46:668		进入 htxsigknaquehsc1kzopplm4 /adnim/handler/gobalhandler.ashx?_op=getmenu

2020-05-28 10:49:46:669		离开 htxsigknaquehsc1kzopplm4 /adnim/handler/gobalhandler.ashx?_op=getmenu

2020-05-28 10:49:47:171		进入 htxsigknaquehsc1kzopplm4 /adnim/handler/GobalHandler.ashx?_op=userinfo

2020-05-28 10:49:47:171		离开 htxsigknaquehsc1kzopplm4 /adnim/handler/GobalHandler.ashx?_op=userinfo

2020-05-28 10:51:23:908		进入 htxsigknaquehsc1kzopplm4 /adnim/handler/gobalhandler.ashx?_op=getmenu

2020-05-28 10:51:23:909		离开 htxsigknaquehsc1kzopplm4 /adnim/handler/gobalhandler.ashx?_op=getmenu

2020-05-28 10:51:24:411		进入 htxsigknaquehsc1kzopplm4 /adnim/handler/GobalHandler.ashx?_op=userinfo

2020-05-28 10:51:24:413		离开 htxsigknaquehsc1kzopplm4 /adnim/handler/GobalHandler.ashx?_op=userinfo

2020-05-28 10:51:50:48		进入 htxsigknaquehsc1kzopplm4 /adnim/handler/gobalhandler.ashx?_op=getmenu

2020-05-28 10:51:50:50		离开 htxsigknaquehsc1kzopplm4 /adnim/handler/gobalhandler.ashx?_op=getmenu

2020-05-28 10:51:50:52		进入 htxsigknaquehsc1kzopplm4 /adnim/handler/GobalHandler.ashx?_op=userinfo

2020-05-28 10:51:50:53		离开 htxsigknaquehsc1kzopplm4 /adnim/handler/GobalHandler.ashx?_op=userinfo

2020-05-28 10:53:27:929		进入 htxsigknaquehsc1kzopplm4 /adnim/handler/gobalhandler.ashx?_op=getmenu

2020-05-28 10:53:27:930		离开 htxsigknaquehsc1kzopplm4 /adnim/handler/gobalhandler.ashx?_op=getmenu

2020-05-28 10:53:28:443		进入 htxsigknaquehsc1kzopplm4 /adnim/handler/GobalHandler.ashx?_op=userinfo

2020-05-28 10:53:28:444		离开 htxsigknaquehsc1kzopplm4 /adnim/handler/GobalHandler.ashx?_op=userinfo

2020-05-28 10:55:38:657		进入 htxsigknaquehsc1kzopplm4 /adnim/handler/gobalhandler.ashx?_op=getmenu

2020-05-28 10:55:38:658		离开 htxsigknaquehsc1kzopplm4 /adnim/handler/gobalhandler.ashx?_op=getmenu

2020-05-28 10:55:39:158		进入 htxsigknaquehsc1kzopplm4 /adnim/handler/GobalHandler.ashx?_op=userinfo

2020-05-28 10:55:39:159		离开 htxsigknaquehsc1kzopplm4 /adnim/handler/GobalHandler.ashx?_op=userinfo

2020-05-28 10:55:43:77		进入 htxsigknaquehsc1kzopplm4 /adnim/handler/gobalhandler.ashx?_op=getmenu

2020-05-28 10:55:43:79		离开 htxsigknaquehsc1kzopplm4 /adnim/handler/gobalhandler.ashx?_op=getmenu

2020-05-28 10:55:43:580		进入 htxsigknaquehsc1kzopplm4 /adnim/handler/GobalHandler.ashx?_op=userinfo

2020-05-28 10:55:43:580		离开 htxsigknaquehsc1kzopplm4 /adnim/handler/GobalHandler.ashx?_op=userinfo

2020-05-28 11:14:09:339		进入 htxsigknaquehsc1kzopplm4 /adnim/handler/gobalhandler.ashx?_op=getmenu

2020-05-28 11:14:09:341		离开 htxsigknaquehsc1kzopplm4 /adnim/handler/gobalhandler.ashx?_op=getmenu

2020-05-28 11:14:09:858		进入 htxsigknaquehsc1kzopplm4 /adnim/handler/GobalHandler.ashx?_op=userinfo

2020-05-28 11:14:09:859		离开 htxsigknaquehsc1kzopplm4 /adnim/handler/GobalHandler.ashx?_op=userinfo

2020-05-28 11:16:25:24		进入 htxsigknaquehsc1kzopplm4 /adnim/handler/gobalhandler.ashx?_op=getmenu

2020-05-28 11:16:25:25		离开 htxsigknaquehsc1kzopplm4 /adnim/handler/gobalhandler.ashx?_op=getmenu

2020-05-28 11:16:25:540		进入 htxsigknaquehsc1kzopplm4 /adnim/handler/GobalHandler.ashx?_op=userinfo

2020-05-28 11:16:25:542		离开 htxsigknaquehsc1kzopplm4 /adnim/handler/GobalHandler.ashx?_op=userinfo

2020-05-28 11:17:29:930		进入 htxsigknaquehsc1kzopplm4 /adnim/handler/gobalhandler.ashx?_op=getmenu

2020-05-28 11:17:29:932		离开 htxsigknaquehsc1kzopplm4 /adnim/handler/gobalhandler.ashx?_op=getmenu

2020-05-28 11:17:30:433		进入 htxsigknaquehsc1kzopplm4 /adnim/handler/GobalHandler.ashx?_op=userinfo

2020-05-28 11:17:30:434		离开 htxsigknaquehsc1kzopplm4 /adnim/handler/GobalHandler.ashx?_op=userinfo

2020-05-28 11:18:22:299		进入 htxsigknaquehsc1kzopplm4 /adnim/handler/gobalhandler.ashx?_op=getmenu

2020-05-28 11:18:22:301		离开 htxsigknaquehsc1kzopplm4 /adnim/handler/gobalhandler.ashx?_op=getmenu

2020-05-28 11:18:22:304		进入 htxsigknaquehsc1kzopplm4 /adnim/handler/GobalHandler.ashx?_op=userinfo

2020-05-28 11:18:22:305		离开 htxsigknaquehsc1kzopplm4 /adnim/handler/GobalHandler.ashx?_op=userinfo

2020-05-28 11:18:50:589		进入 htxsigknaquehsc1kzopplm4 /adnim/handler/gobalhandler.ashx?_op=getmenu

2020-05-28 11:18:50:591		离开 htxsigknaquehsc1kzopplm4 /adnim/handler/gobalhandler.ashx?_op=getmenu

2020-05-28 11:18:50:595		进入 htxsigknaquehsc1kzopplm4 /adnim/handler/GobalHandler.ashx?_op=userinfo

2020-05-28 11:18:50:595		离开 htxsigknaquehsc1kzopplm4 /adnim/handler/GobalHandler.ashx?_op=userinfo

2020-05-28 11:19:14:188		进入 htxsigknaquehsc1kzopplm4 /adnim/handler/gobalhandler.ashx?_op=getmenu

2020-05-28 11:19:14:189		离开 htxsigknaquehsc1kzopplm4 /adnim/handler/gobalhandler.ashx?_op=getmenu

2020-05-28 11:19:14:193		进入 htxsigknaquehsc1kzopplm4 /adnim/handler/GobalHandler.ashx?_op=userinfo

2020-05-28 11:19:14:194		离开 htxsigknaquehsc1kzopplm4 /adnim/handler/GobalHandler.ashx?_op=userinfo

2020-05-28 11:19:33:768		进入 htxsigknaquehsc1kzopplm4 /adnim/handler/gobalhandler.ashx?_op=getmenu

2020-05-28 11:19:33:769		离开 htxsigknaquehsc1kzopplm4 /adnim/handler/gobalhandler.ashx?_op=getmenu

2020-05-28 11:19:33:771		进入 htxsigknaquehsc1kzopplm4 /adnim/handler/GobalHandler.ashx?_op=userinfo

2020-05-28 11:19:33:772		离开 htxsigknaquehsc1kzopplm4 /adnim/handler/GobalHandler.ashx?_op=userinfo

2020-05-28 11:21:54:987		进入 htxsigknaquehsc1kzopplm4 /adnim/handler/gobalhandler.ashx?_op=getmenu

2020-05-28 11:21:54:988		离开 htxsigknaquehsc1kzopplm4 /adnim/handler/gobalhandler.ashx?_op=getmenu

2020-05-28 11:21:55:491		进入 htxsigknaquehsc1kzopplm4 /adnim/handler/GobalHandler.ashx?_op=userinfo

2020-05-28 11:21:55:491		离开 htxsigknaquehsc1kzopplm4 /adnim/handler/GobalHandler.ashx?_op=userinfo

2020-05-28 11:25:34:163		进入 htxsigknaquehsc1kzopplm4 /adnim/handler/gobalhandler.ashx?_op=getmenu

2020-05-28 11:25:34:164		离开 htxsigknaquehsc1kzopplm4 /adnim/handler/gobalhandler.ashx?_op=getmenu

2020-05-28 11:25:34:666		进入 htxsigknaquehsc1kzopplm4 /adnim/handler/GobalHandler.ashx?_op=userinfo

2020-05-28 11:25:34:667		离开 htxsigknaquehsc1kzopplm4 /adnim/handler/GobalHandler.ashx?_op=userinfo

2020-05-28 11:26:01:500		进入 htxsigknaquehsc1kzopplm4 /adnim/handler/gobalhandler.ashx?_op=getmenu

2020-05-28 11:26:01:502		离开 htxsigknaquehsc1kzopplm4 /adnim/handler/gobalhandler.ashx?_op=getmenu

2020-05-28 11:26:01:504		进入 htxsigknaquehsc1kzopplm4 /adnim/handler/GobalHandler.ashx?_op=userinfo

2020-05-28 11:26:01:505		离开 htxsigknaquehsc1kzopplm4 /adnim/handler/GobalHandler.ashx?_op=userinfo

2020-05-28 11:30:15:194		进入 htxsigknaquehsc1kzopplm4 /adnim/handler/gobalhandler.ashx?_op=getmenu

2020-05-28 11:30:15:267		离开 htxsigknaquehsc1kzopplm4 /adnim/handler/gobalhandler.ashx?_op=getmenu

2020-05-28 11:30:15:689		进入 htxsigknaquehsc1kzopplm4 /adnim/handler/GobalHandler.ashx?_op=userinfo

2020-05-28 11:30:15:707		离开 htxsigknaquehsc1kzopplm4 /adnim/handler/GobalHandler.ashx?_op=userinfo

2020-05-28 11:30:44:162		进入 htxsigknaquehsc1kzopplm4 /adnim/handler/gobalhandler.ashx?_op=getmenu

2020-05-28 11:30:44:163		离开 htxsigknaquehsc1kzopplm4 /adnim/handler/gobalhandler.ashx?_op=getmenu

2020-05-28 11:30:44:666		进入 htxsigknaquehsc1kzopplm4 /adnim/handler/GobalHandler.ashx?_op=userinfo

2020-05-28 11:30:44:667		离开 htxsigknaquehsc1kzopplm4 /adnim/handler/GobalHandler.ashx?_op=userinfo

2020-05-28 11:30:59:371		进入 htxsigknaquehsc1kzopplm4 /adnim/handler/gobalhandler.ashx?_op=getmenu

2020-05-28 11:30:59:372		离开 htxsigknaquehsc1kzopplm4 /adnim/handler/gobalhandler.ashx?_op=getmenu

2020-05-28 11:30:59:874		进入 htxsigknaquehsc1kzopplm4 /adnim/handler/GobalHandler.ashx?_op=userinfo

2020-05-28 11:30:59:876		离开 htxsigknaquehsc1kzopplm4 /adnim/handler/GobalHandler.ashx?_op=userinfo

2020-05-28 11:33:45:981		进入 htxsigknaquehsc1kzopplm4 /adnim/handler/gobalhandler.ashx?_op=getmenu

2020-05-28 11:33:45:982		离开 htxsigknaquehsc1kzopplm4 /adnim/handler/gobalhandler.ashx?_op=getmenu

2020-05-28 11:33:46:487		进入 htxsigknaquehsc1kzopplm4 /adnim/handler/GobalHandler.ashx?_op=userinfo

2020-05-28 11:33:46:489		离开 htxsigknaquehsc1kzopplm4 /adnim/handler/GobalHandler.ashx?_op=userinfo

2020-05-28 11:35:29:527		进入 htxsigknaquehsc1kzopplm4 /adnim/handler/gobalhandler.ashx?_op=getmenu

2020-05-28 11:35:29:528		离开 htxsigknaquehsc1kzopplm4 /adnim/handler/gobalhandler.ashx?_op=getmenu

2020-05-28 11:35:30:30		进入 htxsigknaquehsc1kzopplm4 /adnim/handler/GobalHandler.ashx?_op=userinfo

2020-05-28 11:35:30:31		离开 htxsigknaquehsc1kzopplm4 /adnim/handler/GobalHandler.ashx?_op=userinfo

2020-05-28 11:36:40:445		进入 htxsigknaquehsc1kzopplm4 /adnim/handler/gobalhandler.ashx?_op=getmenu

2020-05-28 11:36:40:446		离开 htxsigknaquehsc1kzopplm4 /adnim/handler/gobalhandler.ashx?_op=getmenu

2020-05-28 11:36:40:954		进入 htxsigknaquehsc1kzopplm4 /adnim/handler/GobalHandler.ashx?_op=userinfo

2020-05-28 11:36:40:956		离开 htxsigknaquehsc1kzopplm4 /adnim/handler/GobalHandler.ashx?_op=userinfo

2020-05-28 11:38:01:852		进入 htxsigknaquehsc1kzopplm4 /adnim/handler/gobalhandler.ashx?_op=getmenu

2020-05-28 11:38:01:853		离开 htxsigknaquehsc1kzopplm4 /adnim/handler/gobalhandler.ashx?_op=getmenu

2020-05-28 11:38:01:855		进入 htxsigknaquehsc1kzopplm4 /adnim/handler/GobalHandler.ashx?_op=userinfo

2020-05-28 11:38:01:856		离开 htxsigknaquehsc1kzopplm4 /adnim/handler/GobalHandler.ashx?_op=userinfo

2020-05-28 11:39:19:592		进入 htxsigknaquehsc1kzopplm4 /adnim/handler/gobalhandler.ashx?_op=getmenu

2020-05-28 11:39:19:593		离开 htxsigknaquehsc1kzopplm4 /adnim/handler/gobalhandler.ashx?_op=getmenu

2020-05-28 11:39:20:97		进入 htxsigknaquehsc1kzopplm4 /adnim/handler/GobalHandler.ashx?_op=userinfo

2020-05-28 11:39:20:99		离开 htxsigknaquehsc1kzopplm4 /adnim/handler/GobalHandler.ashx?_op=userinfo

2020-05-28 11:40:38:821		进入 htxsigknaquehsc1kzopplm4 /adnim/handler/gobalhandler.ashx?_op=getmenu

2020-05-28 11:40:38:822		离开 htxsigknaquehsc1kzopplm4 /adnim/handler/gobalhandler.ashx?_op=getmenu

2020-05-28 11:40:39:326		进入 htxsigknaquehsc1kzopplm4 /adnim/handler/GobalHandler.ashx?_op=userinfo

2020-05-28 11:40:39:326		离开 htxsigknaquehsc1kzopplm4 /adnim/handler/GobalHandler.ashx?_op=userinfo

2020-05-28 11:41:30:331		进入 htxsigknaquehsc1kzopplm4 /adnim/handler/gobalhandler.ashx?_op=getmenu

2020-05-28 11:41:30:333		离开 htxsigknaquehsc1kzopplm4 /adnim/handler/gobalhandler.ashx?_op=getmenu

2020-05-28 11:41:30:835		进入 htxsigknaquehsc1kzopplm4 /adnim/handler/GobalHandler.ashx?_op=userinfo

2020-05-28 11:41:30:837		离开 htxsigknaquehsc1kzopplm4 /adnim/handler/GobalHandler.ashx?_op=userinfo

2020-05-28 11:43:31:364		进入 htxsigknaquehsc1kzopplm4 /adnim/handler/gobalhandler.ashx?_op=getmenu

2020-05-28 11:43:31:366		离开 htxsigknaquehsc1kzopplm4 /adnim/handler/gobalhandler.ashx?_op=getmenu

2020-05-28 11:43:31:868		进入 htxsigknaquehsc1kzopplm4 /adnim/handler/GobalHandler.ashx?_op=userinfo

2020-05-28 11:43:31:869		离开 htxsigknaquehsc1kzopplm4 /adnim/handler/GobalHandler.ashx?_op=userinfo

2020-05-28 11:44:36:458		进入 htxsigknaquehsc1kzopplm4 /adnim/handler/gobalhandler.ashx?_op=getmenu

2020-05-28 11:44:36:460		离开 htxsigknaquehsc1kzopplm4 /adnim/handler/gobalhandler.ashx?_op=getmenu

2020-05-28 11:44:36:965		进入 htxsigknaquehsc1kzopplm4 /adnim/handler/GobalHandler.ashx?_op=userinfo

2020-05-28 11:44:36:968		离开 htxsigknaquehsc1kzopplm4 /adnim/handler/GobalHandler.ashx?_op=userinfo

2020-05-28 11:45:02:315		进入 htxsigknaquehsc1kzopplm4 /adnim/handler/gobalhandler.ashx?_op=getmenu

2020-05-28 11:45:02:317		离开 htxsigknaquehsc1kzopplm4 /adnim/handler/gobalhandler.ashx?_op=getmenu

2020-05-28 11:45:02:319		进入 htxsigknaquehsc1kzopplm4 /adnim/handler/GobalHandler.ashx?_op=userinfo

2020-05-28 11:45:02:320		离开 htxsigknaquehsc1kzopplm4 /adnim/handler/GobalHandler.ashx?_op=userinfo

2020-05-28 11:45:50:677		进入 htxsigknaquehsc1kzopplm4 /adnim/handler/gobalhandler.ashx?_op=getmenu

2020-05-28 11:45:50:678		离开 htxsigknaquehsc1kzopplm4 /adnim/handler/gobalhandler.ashx?_op=getmenu

2020-05-28 11:45:51:188		进入 htxsigknaquehsc1kzopplm4 /adnim/handler/GobalHandler.ashx?_op=userinfo

2020-05-28 11:45:51:189		离开 htxsigknaquehsc1kzopplm4 /adnim/handler/GobalHandler.ashx?_op=userinfo

2020-05-28 11:47:45:889		进入 htxsigknaquehsc1kzopplm4 /adnim/handler/gobalhandler.ashx?_op=getmenu

2020-05-28 11:47:45:891		离开 htxsigknaquehsc1kzopplm4 /adnim/handler/gobalhandler.ashx?_op=getmenu

2020-05-28 11:47:45:895		进入 htxsigknaquehsc1kzopplm4 /adnim/handler/GobalHandler.ashx?_op=userinfo

2020-05-28 11:47:45:896		离开 htxsigknaquehsc1kzopplm4 /adnim/handler/GobalHandler.ashx?_op=userinfo

2020-05-28 11:48:11:300		进入 htxsigknaquehsc1kzopplm4 /adnim/handler/gobalhandler.ashx?_op=getmenu

2020-05-28 11:48:11:301		离开 htxsigknaquehsc1kzopplm4 /adnim/handler/gobalhandler.ashx?_op=getmenu

2020-05-28 11:48:11:803		进入 htxsigknaquehsc1kzopplm4 /adnim/handler/GobalHandler.ashx?_op=userinfo

2020-05-28 11:48:11:804		离开 htxsigknaquehsc1kzopplm4 /adnim/handler/GobalHandler.ashx?_op=userinfo

2020-05-28 11:51:25:37		进入 htxsigknaquehsc1kzopplm4 /adnim/handler/gobalhandler.ashx?_op=getmenu

2020-05-28 11:51:25:39		离开 htxsigknaquehsc1kzopplm4 /adnim/handler/gobalhandler.ashx?_op=getmenu

2020-05-28 11:51:25:552		进入 htxsigknaquehsc1kzopplm4 /adnim/handler/GobalHandler.ashx?_op=userinfo

2020-05-28 11:51:25:553		离开 htxsigknaquehsc1kzopplm4 /adnim/handler/GobalHandler.ashx?_op=userinfo

2020-05-28 13:05:40:185		进入 htxsigknaquehsc1kzopplm4 /adnim/handler/gobalhandler.ashx?_op=getmenu

2020-05-28 13:05:40:255		离开 htxsigknaquehsc1kzopplm4 /adnim/handler/gobalhandler.ashx?_op=getmenu

2020-05-28 13:05:40:680		进入 htxsigknaquehsc1kzopplm4 /adnim/handler/GobalHandler.ashx?_op=userinfo

2020-05-28 13:05:40:695		离开 htxsigknaquehsc1kzopplm4 /adnim/handler/GobalHandler.ashx?_op=userinfo

2020-05-28 13:11:49:700		进入 htxsigknaquehsc1kzopplm4 /adnim/handler/gobalhandler.ashx?_op=getmenu

2020-05-28 13:11:49:702		离开 htxsigknaquehsc1kzopplm4 /adnim/handler/gobalhandler.ashx?_op=getmenu

2020-05-28 13:11:50:203		进入 htxsigknaquehsc1kzopplm4 /adnim/handler/GobalHandler.ashx?_op=userinfo

2020-05-28 13:11:50:204		离开 htxsigknaquehsc1kzopplm4 /adnim/handler/GobalHandler.ashx?_op=userinfo

2020-05-28 13:12:26:487		进入 htxsigknaquehsc1kzopplm4 /adnim/handler/gobalhandler.ashx?_op=getmenu

2020-05-28 13:12:26:489		离开 htxsigknaquehsc1kzopplm4 /adnim/handler/gobalhandler.ashx?_op=getmenu

2020-05-28 13:12:26:492		进入 htxsigknaquehsc1kzopplm4 /adnim/handler/GobalHandler.ashx?_op=userinfo

2020-05-28 13:12:26:493		离开 htxsigknaquehsc1kzopplm4 /adnim/handler/GobalHandler.ashx?_op=userinfo

2020-05-28 13:13:07:752		进入 htxsigknaquehsc1kzopplm4 /adnim/handler/gobalhandler.ashx?_op=getmenu

2020-05-28 13:13:07:753		离开 htxsigknaquehsc1kzopplm4 /adnim/handler/gobalhandler.ashx?_op=getmenu

2020-05-28 13:13:07:756		进入 htxsigknaquehsc1kzopplm4 /adnim/handler/GobalHandler.ashx?_op=userinfo

2020-05-28 13:13:07:756		离开 htxsigknaquehsc1kzopplm4 /adnim/handler/GobalHandler.ashx?_op=userinfo

2020-05-28 13:21:54:170		进入 htxsigknaquehsc1kzopplm4 /adnim/handler/gobalhandler.ashx?_op=getmenu

2020-05-28 13:21:54:171		离开 htxsigknaquehsc1kzopplm4 /adnim/handler/gobalhandler.ashx?_op=getmenu

2020-05-28 13:21:54:672		进入 htxsigknaquehsc1kzopplm4 /adnim/handler/GobalHandler.ashx?_op=userinfo

2020-05-28 13:21:54:673		离开 htxsigknaquehsc1kzopplm4 /adnim/handler/GobalHandler.ashx?_op=userinfo

2020-05-28 13:23:28:182		进入 htxsigknaquehsc1kzopplm4 /adnim/handler/gobalhandler.ashx?_op=getmenu

2020-05-28 13:23:28:183		离开 htxsigknaquehsc1kzopplm4 /adnim/handler/gobalhandler.ashx?_op=getmenu

2020-05-28 13:23:28:701		进入 htxsigknaquehsc1kzopplm4 /adnim/handler/GobalHandler.ashx?_op=userinfo

2020-05-28 13:23:28:703		离开 htxsigknaquehsc1kzopplm4 /adnim/handler/GobalHandler.ashx?_op=userinfo

2020-05-28 13:26:00:698		进入 htxsigknaquehsc1kzopplm4 /adnim/handler/gobalhandler.ashx?_op=getmenu

2020-05-28 13:26:00:700		离开 htxsigknaquehsc1kzopplm4 /adnim/handler/gobalhandler.ashx?_op=getmenu

2020-05-28 13:26:01:204		进入 htxsigknaquehsc1kzopplm4 /adnim/handler/GobalHandler.ashx?_op=userinfo

2020-05-28 13:26:01:205		离开 htxsigknaquehsc1kzopplm4 /adnim/handler/GobalHandler.ashx?_op=userinfo

2020-05-28 13:32:11:253		进入 htxsigknaquehsc1kzopplm4 /adnim/handler/gobalhandler.ashx?_op=getmenu

2020-05-28 13:32:11:255		离开 htxsigknaquehsc1kzopplm4 /adnim/handler/gobalhandler.ashx?_op=getmenu

2020-05-28 13:32:11:761		进入 htxsigknaquehsc1kzopplm4 /adnim/handler/GobalHandler.ashx?_op=userinfo

2020-05-28 13:32:11:763		离开 htxsigknaquehsc1kzopplm4 /adnim/handler/GobalHandler.ashx?_op=userinfo

2020-05-28 13:35:42:820		进入 htxsigknaquehsc1kzopplm4 /adnim/handler/gobalhandler.ashx?_op=getmenu

2020-05-28 13:35:42:821		离开 htxsigknaquehsc1kzopplm4 /adnim/handler/gobalhandler.ashx?_op=getmenu

2020-05-28 13:35:43:324		进入 htxsigknaquehsc1kzopplm4 /adnim/handler/GobalHandler.ashx?_op=userinfo

2020-05-28 13:35:43:325		离开 htxsigknaquehsc1kzopplm4 /adnim/handler/GobalHandler.ashx?_op=userinfo

2020-05-28 13:35:52:474		进入 htxsigknaquehsc1kzopplm4 /adnim/handler/gobalhandler.ashx?_op=getmenu

2020-05-28 13:35:52:475		离开 htxsigknaquehsc1kzopplm4 /adnim/handler/gobalhandler.ashx?_op=getmenu

2020-05-28 13:35:52:990		进入 htxsigknaquehsc1kzopplm4 /adnim/handler/GobalHandler.ashx?_op=userinfo

2020-05-28 13:35:52:991		离开 htxsigknaquehsc1kzopplm4 /adnim/handler/GobalHandler.ashx?_op=userinfo

2020-05-28 13:35:57:197		进入 htxsigknaquehsc1kzopplm4 /adnim/handler/gobalhandler.ashx?_op=getmenu

2020-05-28 13:35:57:198		离开 htxsigknaquehsc1kzopplm4 /adnim/handler/gobalhandler.ashx?_op=getmenu

2020-05-28 13:35:57:699		进入 htxsigknaquehsc1kzopplm4 /adnim/handler/GobalHandler.ashx?_op=userinfo

2020-05-28 13:35:57:701		离开 htxsigknaquehsc1kzopplm4 /adnim/handler/GobalHandler.ashx?_op=userinfo

2020-05-28 13:43:17:677		进入 htxsigknaquehsc1kzopplm4 /adnim/handler/gobalhandler.ashx?_op=getmenu

2020-05-28 13:43:17:679		离开 htxsigknaquehsc1kzopplm4 /adnim/handler/gobalhandler.ashx?_op=getmenu

2020-05-28 13:43:18:179		进入 htxsigknaquehsc1kzopplm4 /adnim/handler/GobalHandler.ashx?_op=userinfo

2020-05-28 13:43:18:180		离开 htxsigknaquehsc1kzopplm4 /adnim/handler/GobalHandler.ashx?_op=userinfo

2020-05-28 13:43:56:813		进入 htxsigknaquehsc1kzopplm4 /adnim/handler/gobalhandler.ashx?_op=getmenu

2020-05-28 13:43:56:815		离开 htxsigknaquehsc1kzopplm4 /adnim/handler/gobalhandler.ashx?_op=getmenu

2020-05-28 13:43:56:818		进入 htxsigknaquehsc1kzopplm4 /adnim/handler/GobalHandler.ashx?_op=userinfo

2020-05-28 13:43:56:819		离开 htxsigknaquehsc1kzopplm4 /adnim/handler/GobalHandler.ashx?_op=userinfo

2020-05-28 13:45:14:36		进入 htxsigknaquehsc1kzopplm4 /adnim/handler/gobalhandler.ashx?_op=getmenu

2020-05-28 13:45:14:37		离开 htxsigknaquehsc1kzopplm4 /adnim/handler/gobalhandler.ashx?_op=getmenu

2020-05-28 13:45:14:541		进入 htxsigknaquehsc1kzopplm4 /adnim/handler/GobalHandler.ashx?_op=userinfo

2020-05-28 13:45:14:543		离开 htxsigknaquehsc1kzopplm4 /adnim/handler/GobalHandler.ashx?_op=userinfo

2020-05-28 13:45:26:145		进入 htxsigknaquehsc1kzopplm4 /adnim/handler/gobalhandler.ashx?_op=getmenu

2020-05-28 13:45:26:146		离开 htxsigknaquehsc1kzopplm4 /adnim/handler/gobalhandler.ashx?_op=getmenu

2020-05-28 13:45:26:150		进入 htxsigknaquehsc1kzopplm4 /adnim/handler/GobalHandler.ashx?_op=userinfo

2020-05-28 13:45:26:151		离开 htxsigknaquehsc1kzopplm4 /adnim/handler/GobalHandler.ashx?_op=userinfo

2020-05-28 13:46:02:259		进入 htxsigknaquehsc1kzopplm4 /adnim/handler/gobalhandler.ashx?_op=getmenu

2020-05-28 13:46:02:260		离开 htxsigknaquehsc1kzopplm4 /adnim/handler/gobalhandler.ashx?_op=getmenu

2020-05-28 13:46:02:764		进入 htxsigknaquehsc1kzopplm4 /adnim/handler/GobalHandler.ashx?_op=userinfo

2020-05-28 13:46:02:765		离开 htxsigknaquehsc1kzopplm4 /adnim/handler/GobalHandler.ashx?_op=userinfo

2020-05-28 13:46:04:201		进入 htxsigknaquehsc1kzopplm4 /adnim/handler/gobalhandler.ashx?_op=getmenu

2020-05-28 13:46:04:202		离开 htxsigknaquehsc1kzopplm4 /adnim/handler/gobalhandler.ashx?_op=getmenu

2020-05-28 13:46:04:706		进入 htxsigknaquehsc1kzopplm4 /adnim/handler/GobalHandler.ashx?_op=userinfo

2020-05-28 13:46:04:708		离开 htxsigknaquehsc1kzopplm4 /adnim/handler/GobalHandler.ashx?_op=userinfo

2020-05-28 13:47:50:725		进入 htxsigknaquehsc1kzopplm4 /adnim/handler/gobalhandler.ashx?_op=getmenu

2020-05-28 13:47:50:727		离开 htxsigknaquehsc1kzopplm4 /adnim/handler/gobalhandler.ashx?_op=getmenu

2020-05-28 13:47:51:230		进入 htxsigknaquehsc1kzopplm4 /adnim/handler/GobalHandler.ashx?_op=userinfo

2020-05-28 13:47:51:231		离开 htxsigknaquehsc1kzopplm4 /adnim/handler/GobalHandler.ashx?_op=userinfo

2020-05-28 13:47:52:165		进入 htxsigknaquehsc1kzopplm4 /adnim/handler/gobalhandler.ashx?_op=getmenu

2020-05-28 13:47:52:167		离开 htxsigknaquehsc1kzopplm4 /adnim/handler/gobalhandler.ashx?_op=getmenu

2020-05-28 13:47:52:672		进入 htxsigknaquehsc1kzopplm4 /adnim/handler/GobalHandler.ashx?_op=userinfo

2020-05-28 13:47:52:675		离开 htxsigknaquehsc1kzopplm4 /adnim/handler/GobalHandler.ashx?_op=userinfo

2020-05-28 13:48:02:479		进入 htxsigknaquehsc1kzopplm4 /adnim/handler/gobalhandler.ashx?_op=getmenu

2020-05-28 13:48:02:481		离开 htxsigknaquehsc1kzopplm4 /adnim/handler/gobalhandler.ashx?_op=getmenu

2020-05-28 13:48:02:982		进入 htxsigknaquehsc1kzopplm4 /adnim/handler/GobalHandler.ashx?_op=userinfo

2020-05-28 13:48:02:983		离开 htxsigknaquehsc1kzopplm4 /adnim/handler/GobalHandler.ashx?_op=userinfo

2020-05-28 13:51:03:406		进入 htxsigknaquehsc1kzopplm4 /adnim/handler/gobalhandler.ashx?_op=getmenu

2020-05-28 13:51:03:407		离开 htxsigknaquehsc1kzopplm4 /adnim/handler/gobalhandler.ashx?_op=getmenu

2020-05-28 13:51:03:909		进入 htxsigknaquehsc1kzopplm4 /adnim/handler/GobalHandler.ashx?_op=userinfo

2020-05-28 13:51:03:910		离开 htxsigknaquehsc1kzopplm4 /adnim/handler/GobalHandler.ashx?_op=userinfo

2020-05-28 13:51:41:272		进入 htxsigknaquehsc1kzopplm4 /adnim/handler/gobalhandler.ashx?_op=getmenu

2020-05-28 13:51:41:273		离开 htxsigknaquehsc1kzopplm4 /adnim/handler/gobalhandler.ashx?_op=getmenu

2020-05-28 13:51:41:775		进入 htxsigknaquehsc1kzopplm4 /adnim/handler/GobalHandler.ashx?_op=userinfo

2020-05-28 13:51:41:775		离开 htxsigknaquehsc1kzopplm4 /adnim/handler/GobalHandler.ashx?_op=userinfo

2020-05-28 13:55:18:628		进入 htxsigknaquehsc1kzopplm4 /adnim/handler/gobalhandler.ashx?_op=getmenu

2020-05-28 13:55:18:630		离开 htxsigknaquehsc1kzopplm4 /adnim/handler/gobalhandler.ashx?_op=getmenu

2020-05-28 13:55:19:131		进入 htxsigknaquehsc1kzopplm4 /adnim/handler/GobalHandler.ashx?_op=userinfo

2020-05-28 13:55:19:132		离开 htxsigknaquehsc1kzopplm4 /adnim/handler/GobalHandler.ashx?_op=userinfo

2020-05-28 13:56:18:342		进入 htxsigknaquehsc1kzopplm4 /adnim/handler/gobalhandler.ashx?_op=getmenu

2020-05-28 13:56:18:344		离开 htxsigknaquehsc1kzopplm4 /adnim/handler/gobalhandler.ashx?_op=getmenu

2020-05-28 13:56:18:846		进入 htxsigknaquehsc1kzopplm4 /adnim/handler/GobalHandler.ashx?_op=userinfo

2020-05-28 13:56:18:847		离开 htxsigknaquehsc1kzopplm4 /adnim/handler/GobalHandler.ashx?_op=userinfo

2020-05-28 13:56:51:452		进入 htxsigknaquehsc1kzopplm4 /adnim/handler/gobalhandler.ashx?_op=getmenu

2020-05-28 13:56:51:454		离开 htxsigknaquehsc1kzopplm4 /adnim/handler/gobalhandler.ashx?_op=getmenu

2020-05-28 13:56:51:456		进入 htxsigknaquehsc1kzopplm4 /adnim/handler/GobalHandler.ashx?_op=userinfo

2020-05-28 13:56:51:457		离开 htxsigknaquehsc1kzopplm4 /adnim/handler/GobalHandler.ashx?_op=userinfo

2020-05-28 13:57:35:346		进入 htxsigknaquehsc1kzopplm4 /adnim/handler/gobalhandler.ashx?_op=getmenu

2020-05-28 13:57:35:347		离开 htxsigknaquehsc1kzopplm4 /adnim/handler/gobalhandler.ashx?_op=getmenu

2020-05-28 13:57:35:350		进入 htxsigknaquehsc1kzopplm4 /adnim/handler/GobalHandler.ashx?_op=userinfo

2020-05-28 13:57:35:350		离开 htxsigknaquehsc1kzopplm4 /adnim/handler/GobalHandler.ashx?_op=userinfo

2020-05-28 13:57:46:16		进入 htxsigknaquehsc1kzopplm4 /adnim/handler/gobalhandler.ashx?_op=getmenu

2020-05-28 13:57:46:18		离开 htxsigknaquehsc1kzopplm4 /adnim/handler/gobalhandler.ashx?_op=getmenu

2020-05-28 13:57:46:519		进入 htxsigknaquehsc1kzopplm4 /adnim/handler/GobalHandler.ashx?_op=userinfo

2020-05-28 13:57:46:520		离开 htxsigknaquehsc1kzopplm4 /adnim/handler/GobalHandler.ashx?_op=userinfo

2020-05-28 13:57:58:796		进入 htxsigknaquehsc1kzopplm4 /adnim/handler/gobalhandler.ashx?_op=getmenu

2020-05-28 13:57:58:798		离开 htxsigknaquehsc1kzopplm4 /adnim/handler/gobalhandler.ashx?_op=getmenu

2020-05-28 13:57:59:299		进入 htxsigknaquehsc1kzopplm4 /adnim/handler/GobalHandler.ashx?_op=userinfo

2020-05-28 13:57:59:299		离开 htxsigknaquehsc1kzopplm4 /adnim/handler/GobalHandler.ashx?_op=userinfo

2020-05-28 13:58:45:286		进入 htxsigknaquehsc1kzopplm4 /adnim/handler/gobalhandler.ashx?_op=getmenu

2020-05-28 13:58:45:288		离开 htxsigknaquehsc1kzopplm4 /adnim/handler/gobalhandler.ashx?_op=getmenu

2020-05-28 13:58:45:290		进入 htxsigknaquehsc1kzopplm4 /adnim/handler/GobalHandler.ashx?_op=userinfo

2020-05-28 13:58:45:291		离开 htxsigknaquehsc1kzopplm4 /adnim/handler/GobalHandler.ashx?_op=userinfo

2020-05-28 13:59:08:806		进入 htxsigknaquehsc1kzopplm4 /adnim/handler/gobalhandler.ashx?_op=getmenu

2020-05-28 13:59:08:808		离开 htxsigknaquehsc1kzopplm4 /adnim/handler/gobalhandler.ashx?_op=getmenu

2020-05-28 13:59:09:310		进入 htxsigknaquehsc1kzopplm4 /adnim/handler/GobalHandler.ashx?_op=userinfo

2020-05-28 13:59:09:311		离开 htxsigknaquehsc1kzopplm4 /adnim/handler/GobalHandler.ashx?_op=userinfo

2020-05-28 13:59:58:747		进入 htxsigknaquehsc1kzopplm4 /adnim/handler/gobalhandler.ashx?_op=getmenu

2020-05-28 13:59:58:748		离开 htxsigknaquehsc1kzopplm4 /adnim/handler/gobalhandler.ashx?_op=getmenu

2020-05-28 13:59:58:751		进入 htxsigknaquehsc1kzopplm4 /adnim/handler/GobalHandler.ashx?_op=userinfo

2020-05-28 13:59:58:752		离开 htxsigknaquehsc1kzopplm4 /adnim/handler/GobalHandler.ashx?_op=userinfo

2020-05-28 14:00:30:936		进入 htxsigknaquehsc1kzopplm4 /adnim/handler/gobalhandler.ashx?_op=getmenu

2020-05-28 14:00:30:937		离开 htxsigknaquehsc1kzopplm4 /adnim/handler/gobalhandler.ashx?_op=getmenu

2020-05-28 14:00:31:439		进入 htxsigknaquehsc1kzopplm4 /adnim/handler/GobalHandler.ashx?_op=userinfo

2020-05-28 14:00:31:440		离开 htxsigknaquehsc1kzopplm4 /adnim/handler/GobalHandler.ashx?_op=userinfo

2020-05-28 14:01:12:430		进入 htxsigknaquehsc1kzopplm4 /adnim/handler/gobalhandler.ashx?_op=getmenu

2020-05-28 14:01:12:432		离开 htxsigknaquehsc1kzopplm4 /adnim/handler/gobalhandler.ashx?_op=getmenu

2020-05-28 14:01:12:935		进入 htxsigknaquehsc1kzopplm4 /adnim/handler/GobalHandler.ashx?_op=userinfo

2020-05-28 14:01:12:937		离开 htxsigknaquehsc1kzopplm4 /adnim/handler/GobalHandler.ashx?_op=userinfo

2020-05-28 14:01:52:632		进入 htxsigknaquehsc1kzopplm4 /adnim/handler/gobalhandler.ashx?_op=getmenu

2020-05-28 14:01:52:633		离开 htxsigknaquehsc1kzopplm4 /adnim/handler/gobalhandler.ashx?_op=getmenu

2020-05-28 14:01:52:636		进入 htxsigknaquehsc1kzopplm4 /adnim/handler/GobalHandler.ashx?_op=userinfo

2020-05-28 14:01:52:637		离开 htxsigknaquehsc1kzopplm4 /adnim/handler/GobalHandler.ashx?_op=userinfo

2020-05-28 14:04:46:305		进入 htxsigknaquehsc1kzopplm4 /adnim/handler/GobalHandler.ashx?_op=userinfo

2020-05-28 14:04:46:380		离开 htxsigknaquehsc1kzopplm4 /adnim/handler/GobalHandler.ashx?_op=userinfo

2020-05-28 14:04:46:796		进入 htxsigknaquehsc1kzopplm4 /adnim/handler/gobalhandler.ashx?_op=getmenu

2020-05-28 14:04:46:802		离开 htxsigknaquehsc1kzopplm4 /adnim/handler/gobalhandler.ashx?_op=getmenu

2020-05-28 14:06:49:344		进入 htxsigknaquehsc1kzopplm4 /adnim/handler/gobalhandler.ashx?_op=getmenu

2020-05-28 14:06:49:345		离开 htxsigknaquehsc1kzopplm4 /adnim/handler/gobalhandler.ashx?_op=getmenu

2020-05-28 14:06:49:848		进入 htxsigknaquehsc1kzopplm4 /adnim/handler/GobalHandler.ashx?_op=userinfo

2020-05-28 14:06:49:849		离开 htxsigknaquehsc1kzopplm4 /adnim/handler/GobalHandler.ashx?_op=userinfo

2020-05-28 14:07:14:585		进入 htxsigknaquehsc1kzopplm4 /adnim/handler/gobalhandler.ashx?_op=getmenu

2020-05-28 14:07:14:586		离开 htxsigknaquehsc1kzopplm4 /adnim/handler/gobalhandler.ashx?_op=getmenu

2020-05-28 14:07:14:589		进入 htxsigknaquehsc1kzopplm4 /adnim/handler/GobalHandler.ashx?_op=userinfo

2020-05-28 14:07:14:590		离开 htxsigknaquehsc1kzopplm4 /adnim/handler/GobalHandler.ashx?_op=userinfo

2020-05-28 14:07:33:860		进入 htxsigknaquehsc1kzopplm4 /adnim/handler/gobalhandler.ashx?_op=getmenu

2020-05-28 14:07:33:861		离开 htxsigknaquehsc1kzopplm4 /adnim/handler/gobalhandler.ashx?_op=getmenu

2020-05-28 14:07:34:364		进入 htxsigknaquehsc1kzopplm4 /adnim/handler/GobalHandler.ashx?_op=userinfo

2020-05-28 14:07:34:365		离开 htxsigknaquehsc1kzopplm4 /adnim/handler/GobalHandler.ashx?_op=userinfo

2020-05-28 14:07:49:178		进入 htxsigknaquehsc1kzopplm4 /adnim/handler/gobalhandler.ashx?_op=getmenu

2020-05-28 14:07:49:179		离开 htxsigknaquehsc1kzopplm4 /adnim/handler/gobalhandler.ashx?_op=getmenu

2020-05-28 14:07:49:682		进入 htxsigknaquehsc1kzopplm4 /adnim/handler/GobalHandler.ashx?_op=userinfo

2020-05-28 14:07:49:683		离开 htxsigknaquehsc1kzopplm4 /adnim/handler/GobalHandler.ashx?_op=userinfo

2020-05-28 14:08:21:208		进入 htxsigknaquehsc1kzopplm4 /adnim/handler/gobalhandler.ashx?_op=getmenu

2020-05-28 14:08:21:209		离开 htxsigknaquehsc1kzopplm4 /adnim/handler/gobalhandler.ashx?_op=getmenu

2020-05-28 14:08:21:211		进入 htxsigknaquehsc1kzopplm4 /adnim/handler/GobalHandler.ashx?_op=userinfo

2020-05-28 14:08:21:212		离开 htxsigknaquehsc1kzopplm4 /adnim/handler/GobalHandler.ashx?_op=userinfo

2020-05-28 14:08:50:593		进入 htxsigknaquehsc1kzopplm4 /adnim/handler/gobalhandler.ashx?_op=getmenu

2020-05-28 14:08:50:594		离开 htxsigknaquehsc1kzopplm4 /adnim/handler/gobalhandler.ashx?_op=getmenu

2020-05-28 14:08:50:596		进入 htxsigknaquehsc1kzopplm4 /adnim/handler/GobalHandler.ashx?_op=userinfo

2020-05-28 14:08:50:598		离开 htxsigknaquehsc1kzopplm4 /adnim/handler/GobalHandler.ashx?_op=userinfo

2020-05-28 14:10:17:539		进入 htxsigknaquehsc1kzopplm4 /adnim/handler/gobalhandler.ashx?_op=getmenu

2020-05-28 14:10:17:540		离开 htxsigknaquehsc1kzopplm4 /adnim/handler/gobalhandler.ashx?_op=getmenu

2020-05-28 14:10:18:55		进入 htxsigknaquehsc1kzopplm4 /adnim/handler/GobalHandler.ashx?_op=userinfo

2020-05-28 14:10:18:56		离开 htxsigknaquehsc1kzopplm4 /adnim/handler/GobalHandler.ashx?_op=userinfo

2020-05-28 14:11:12:494		进入 htxsigknaquehsc1kzopplm4 /adnim/handler/gobalhandler.ashx?_op=getmenu

2020-05-28 14:11:12:495		离开 htxsigknaquehsc1kzopplm4 /adnim/handler/gobalhandler.ashx?_op=getmenu

2020-05-28 14:11:12:497		进入 htxsigknaquehsc1kzopplm4 /adnim/handler/GobalHandler.ashx?_op=userinfo

2020-05-28 14:11:12:498		离开 htxsigknaquehsc1kzopplm4 /adnim/handler/GobalHandler.ashx?_op=userinfo

2020-05-28 14:11:35:991		进入 htxsigknaquehsc1kzopplm4 /adnim/handler/gobalhandler.ashx?_op=getmenu

2020-05-28 14:11:35:993		离开 htxsigknaquehsc1kzopplm4 /adnim/handler/gobalhandler.ashx?_op=getmenu

2020-05-28 14:11:35:996		进入 htxsigknaquehsc1kzopplm4 /adnim/handler/GobalHandler.ashx?_op=userinfo

2020-05-28 14:11:35:997		离开 htxsigknaquehsc1kzopplm4 /adnim/handler/GobalHandler.ashx?_op=userinfo

2020-05-28 14:11:51:287		进入 htxsigknaquehsc1kzopplm4 /adnim/handler/gobalhandler.ashx?_op=getmenu

2020-05-28 14:11:51:289		离开 htxsigknaquehsc1kzopplm4 /adnim/handler/gobalhandler.ashx?_op=getmenu

2020-05-28 14:11:51:292		进入 htxsigknaquehsc1kzopplm4 /adnim/handler/GobalHandler.ashx?_op=userinfo

2020-05-28 14:11:51:293		离开 htxsigknaquehsc1kzopplm4 /adnim/handler/GobalHandler.ashx?_op=userinfo

2020-05-28 14:12:49:809		进入 htxsigknaquehsc1kzopplm4 /adnim/handler/gobalhandler.ashx?_op=getmenu

2020-05-28 14:12:49:811		离开 htxsigknaquehsc1kzopplm4 /adnim/handler/gobalhandler.ashx?_op=getmenu

2020-05-28 14:12:50:314		进入 htxsigknaquehsc1kzopplm4 /adnim/handler/GobalHandler.ashx?_op=userinfo

2020-05-28 14:12:50:315		离开 htxsigknaquehsc1kzopplm4 /adnim/handler/GobalHandler.ashx?_op=userinfo

2020-05-28 14:12:51:799		进入 htxsigknaquehsc1kzopplm4 /adnim/handler/gobalhandler.ashx?_op=getmenu

2020-05-28 14:12:51:800		离开 htxsigknaquehsc1kzopplm4 /adnim/handler/gobalhandler.ashx?_op=getmenu

2020-05-28 14:12:51:803		进入 htxsigknaquehsc1kzopplm4 /adnim/handler/GobalHandler.ashx?_op=userinfo

2020-05-28 14:12:51:804		离开 htxsigknaquehsc1kzopplm4 /adnim/handler/GobalHandler.ashx?_op=userinfo

2020-05-28 14:18:41:989		进入 htxsigknaquehsc1kzopplm4 /adnim/handler/gobalhandler.ashx?_op=getmenu

2020-05-28 14:18:41:990		离开 htxsigknaquehsc1kzopplm4 /adnim/handler/gobalhandler.ashx?_op=getmenu

2020-05-28 14:18:42:502		进入 htxsigknaquehsc1kzopplm4 /adnim/handler/GobalHandler.ashx?_op=userinfo

2020-05-28 14:18:42:503		离开 htxsigknaquehsc1kzopplm4 /adnim/handler/GobalHandler.ashx?_op=userinfo

2020-05-28 14:19:13:43		进入 htxsigknaquehsc1kzopplm4 /adnim/handler/gobalhandler.ashx?_op=getmenu

2020-05-28 14:19:13:44		离开 htxsigknaquehsc1kzopplm4 /adnim/handler/gobalhandler.ashx?_op=getmenu

2020-05-28 14:19:13:547		进入 htxsigknaquehsc1kzopplm4 /adnim/handler/GobalHandler.ashx?_op=userinfo

2020-05-28 14:19:13:549		离开 htxsigknaquehsc1kzopplm4 /adnim/handler/GobalHandler.ashx?_op=userinfo

2020-05-28 14:31:55:757		进入 htxsigknaquehsc1kzopplm4 /adnim/handler/gobalhandler.ashx?_op=getmenu

2020-05-28 14:31:55:759		离开 htxsigknaquehsc1kzopplm4 /adnim/handler/gobalhandler.ashx?_op=getmenu

2020-05-28 14:31:56:262		进入 htxsigknaquehsc1kzopplm4 /adnim/handler/GobalHandler.ashx?_op=userinfo

2020-05-28 14:31:56:263		离开 htxsigknaquehsc1kzopplm4 /adnim/handler/GobalHandler.ashx?_op=userinfo

2020-05-28 14:32:15:864		进入 htxsigknaquehsc1kzopplm4 /adnim/handler/gobalhandler.ashx?_op=getmenu

2020-05-28 14:32:15:866		离开 htxsigknaquehsc1kzopplm4 /adnim/handler/gobalhandler.ashx?_op=getmenu

2020-05-28 14:32:16:380		进入 htxsigknaquehsc1kzopplm4 /adnim/handler/GobalHandler.ashx?_op=userinfo

2020-05-28 14:32:16:383		离开 htxsigknaquehsc1kzopplm4 /adnim/handler/GobalHandler.ashx?_op=userinfo

2020-05-28 14:32:29:583		进入 htxsigknaquehsc1kzopplm4 /adnim/handler/gobalhandler.ashx?_op=getmenu

2020-05-28 14:32:29:585		离开 htxsigknaquehsc1kzopplm4 /adnim/handler/gobalhandler.ashx?_op=getmenu

2020-05-28 14:32:30:90		进入 htxsigknaquehsc1kzopplm4 /adnim/handler/GobalHandler.ashx?_op=userinfo

2020-05-28 14:32:30:93		离开 htxsigknaquehsc1kzopplm4 /adnim/handler/GobalHandler.ashx?_op=userinfo

2020-05-28 14:36:55:470		进入 htxsigknaquehsc1kzopplm4 /adnim/handler/gobalhandler.ashx?_op=getmenu

2020-05-28 14:36:55:472		离开 htxsigknaquehsc1kzopplm4 /adnim/handler/gobalhandler.ashx?_op=getmenu

2020-05-28 14:36:55:974		进入 htxsigknaquehsc1kzopplm4 /adnim/handler/GobalHandler.ashx?_op=userinfo

2020-05-28 14:36:55:976		离开 htxsigknaquehsc1kzopplm4 /adnim/handler/GobalHandler.ashx?_op=userinfo

2020-05-28 14:37:45:677		进入 htxsigknaquehsc1kzopplm4 /adnim/handler/gobalhandler.ashx?_op=getmenu

2020-05-28 14:37:45:678		离开 htxsigknaquehsc1kzopplm4 /adnim/handler/gobalhandler.ashx?_op=getmenu

2020-05-28 14:37:46:182		进入 htxsigknaquehsc1kzopplm4 /adnim/handler/GobalHandler.ashx?_op=userinfo

2020-05-28 14:37:46:184		离开 htxsigknaquehsc1kzopplm4 /adnim/handler/GobalHandler.ashx?_op=userinfo

2020-05-28 14:38:42:746		进入 htxsigknaquehsc1kzopplm4 /adnim/handler/gobalhandler.ashx?_op=getmenu

2020-05-28 14:38:42:747		离开 htxsigknaquehsc1kzopplm4 /adnim/handler/gobalhandler.ashx?_op=getmenu

2020-05-28 14:38:43:250		进入 htxsigknaquehsc1kzopplm4 /adnim/handler/GobalHandler.ashx?_op=userinfo

2020-05-28 14:38:43:251		离开 htxsigknaquehsc1kzopplm4 /adnim/handler/GobalHandler.ashx?_op=userinfo

2020-05-28 14:39:05:198		进入 htxsigknaquehsc1kzopplm4 /adnim/handler/gobalhandler.ashx?_op=getmenu

2020-05-28 14:39:05:199		离开 htxsigknaquehsc1kzopplm4 /adnim/handler/gobalhandler.ashx?_op=getmenu

2020-05-28 14:39:05:707		进入 htxsigknaquehsc1kzopplm4 /adnim/handler/GobalHandler.ashx?_op=userinfo

2020-05-28 14:39:05:708		离开 htxsigknaquehsc1kzopplm4 /adnim/handler/GobalHandler.ashx?_op=userinfo

2020-05-28 14:39:29:354		进入 htxsigknaquehsc1kzopplm4 /adnim/handler/GobalHandler.ashx?_op=userinfo

2020-05-28 14:39:29:416		离开 htxsigknaquehsc1kzopplm4 /adnim/handler/GobalHandler.ashx?_op=userinfo

2020-05-28 14:39:29:848		进入 htxsigknaquehsc1kzopplm4 /adnim/handler/gobalhandler.ashx?_op=getmenu

2020-05-28 14:39:29:853		离开 htxsigknaquehsc1kzopplm4 /adnim/handler/gobalhandler.ashx?_op=getmenu

2020-05-28 14:39:54:482		进入 htxsigknaquehsc1kzopplm4 /adnim/handler/gobalhandler.ashx?_op=getmenu

2020-05-28 14:39:54:484		离开 htxsigknaquehsc1kzopplm4 /adnim/handler/gobalhandler.ashx?_op=getmenu

2020-05-28 14:39:54:989		进入 htxsigknaquehsc1kzopplm4 /adnim/handler/GobalHandler.ashx?_op=userinfo

2020-05-28 14:39:54:990		离开 htxsigknaquehsc1kzopplm4 /adnim/handler/GobalHandler.ashx?_op=userinfo

2020-05-28 14:40:38:489		进入 htxsigknaquehsc1kzopplm4 /adnim/handler/gobalhandler.ashx?_op=getmenu

2020-05-28 14:40:38:490		离开 htxsigknaquehsc1kzopplm4 /adnim/handler/gobalhandler.ashx?_op=getmenu

2020-05-28 14:40:39:1		进入 htxsigknaquehsc1kzopplm4 /adnim/handler/GobalHandler.ashx?_op=userinfo

2020-05-28 14:40:39:2		离开 htxsigknaquehsc1kzopplm4 /adnim/handler/GobalHandler.ashx?_op=userinfo

2020-05-28 14:41:34:644		进入 htxsigknaquehsc1kzopplm4 /adnim/handler/gobalhandler.ashx?_op=getmenu

2020-05-28 14:41:34:645		离开 htxsigknaquehsc1kzopplm4 /adnim/handler/gobalhandler.ashx?_op=getmenu

2020-05-28 14:41:34:648		进入 htxsigknaquehsc1kzopplm4 /adnim/handler/GobalHandler.ashx?_op=userinfo

2020-05-28 14:41:34:649		离开 htxsigknaquehsc1kzopplm4 /adnim/handler/GobalHandler.ashx?_op=userinfo

2020-05-28 14:42:51:567		进入 htxsigknaquehsc1kzopplm4 /adnim/handler/gobalhandler.ashx?_op=getmenu

2020-05-28 14:42:51:569		离开 htxsigknaquehsc1kzopplm4 /adnim/handler/gobalhandler.ashx?_op=getmenu

2020-05-28 14:42:51:572		进入 htxsigknaquehsc1kzopplm4 /adnim/handler/GobalHandler.ashx?_op=userinfo

2020-05-28 14:42:51:573		离开 htxsigknaquehsc1kzopplm4 /adnim/handler/GobalHandler.ashx?_op=userinfo

2020-05-28 14:45:53:879		进入 htxsigknaquehsc1kzopplm4 /adnim/handler/gobalhandler.ashx?_op=getmenu

2020-05-28 14:45:53:881		离开 htxsigknaquehsc1kzopplm4 /adnim/handler/gobalhandler.ashx?_op=getmenu

2020-05-28 14:45:54:394		进入 htxsigknaquehsc1kzopplm4 /adnim/handler/GobalHandler.ashx?_op=userinfo

2020-05-28 14:45:54:396		离开 htxsigknaquehsc1kzopplm4 /adnim/handler/GobalHandler.ashx?_op=userinfo

2020-05-28 14:45:58:628		进入 htxsigknaquehsc1kzopplm4 /adnim/handler/gobalhandler.ashx?_op=getmenu

2020-05-28 14:45:58:630		离开 htxsigknaquehsc1kzopplm4 /adnim/handler/gobalhandler.ashx?_op=getmenu

2020-05-28 14:45:59:128		进入 htxsigknaquehsc1kzopplm4 /adnim/handler/GobalHandler.ashx?_op=userinfo

2020-05-28 14:45:59:129		离开 htxsigknaquehsc1kzopplm4 /adnim/handler/GobalHandler.ashx?_op=userinfo

2020-05-28 14:46:04:284		进入 htxsigknaquehsc1kzopplm4 /adnim/handler/gobalhandler.ashx?_op=getmenu

2020-05-28 14:46:04:286		离开 htxsigknaquehsc1kzopplm4 /adnim/handler/gobalhandler.ashx?_op=getmenu

2020-05-28 14:46:04:789		进入 htxsigknaquehsc1kzopplm4 /adnim/handler/GobalHandler.ashx?_op=userinfo

2020-05-28 14:46:04:790		离开 htxsigknaquehsc1kzopplm4 /adnim/handler/GobalHandler.ashx?_op=userinfo

2020-05-28 14:55:29:304		进入 htxsigknaquehsc1kzopplm4 /adnim/handler/gobalhandler.ashx?_op=getmenu

2020-05-28 14:55:29:305		离开 htxsigknaquehsc1kzopplm4 /adnim/handler/gobalhandler.ashx?_op=getmenu

2020-05-28 14:55:29:821		进入 htxsigknaquehsc1kzopplm4 /adnim/handler/GobalHandler.ashx?_op=userinfo

2020-05-28 14:55:29:824		离开 htxsigknaquehsc1kzopplm4 /adnim/handler/GobalHandler.ashx?_op=userinfo

2020-05-28 14:55:55:533		进入 htxsigknaquehsc1kzopplm4 /adnim/handler/gobalhandler.ashx?_op=getmenu

2020-05-28 14:55:55:534		离开 htxsigknaquehsc1kzopplm4 /adnim/handler/gobalhandler.ashx?_op=getmenu

2020-05-28 14:55:56:36		进入 htxsigknaquehsc1kzopplm4 /adnim/handler/GobalHandler.ashx?_op=userinfo

2020-05-28 14:55:56:37		离开 htxsigknaquehsc1kzopplm4 /adnim/handler/GobalHandler.ashx?_op=userinfo

2020-05-28 14:56:00:524		进入 htxsigknaquehsc1kzopplm4 /adnim/handler/gobalhandler.ashx?_op=getmenu

2020-05-28 14:56:00:525		离开 htxsigknaquehsc1kzopplm4 /adnim/handler/gobalhandler.ashx?_op=getmenu

2020-05-28 14:56:01:28		进入 htxsigknaquehsc1kzopplm4 /adnim/handler/GobalHandler.ashx?_op=userinfo

2020-05-28 14:56:01:30		离开 htxsigknaquehsc1kzopplm4 /adnim/handler/GobalHandler.ashx?_op=userinfo

2020-05-28 14:56:15:321		进入 htxsigknaquehsc1kzopplm4 /adnim/handler/gobalhandler.ashx?_op=getmenu

2020-05-28 14:56:15:323		离开 htxsigknaquehsc1kzopplm4 /adnim/handler/gobalhandler.ashx?_op=getmenu

2020-05-28 14:56:15:837		进入 htxsigknaquehsc1kzopplm4 /adnim/handler/GobalHandler.ashx?_op=userinfo

2020-05-28 14:56:15:838		离开 htxsigknaquehsc1kzopplm4 /adnim/handler/GobalHandler.ashx?_op=userinfo

2020-05-28 14:57:46:88		进入 htxsigknaquehsc1kzopplm4 /adnim/handler/gobalhandler.ashx?_op=getmenu

2020-05-28 14:57:46:89		离开 htxsigknaquehsc1kzopplm4 /adnim/handler/gobalhandler.ashx?_op=getmenu

2020-05-28 14:57:46:592		进入 htxsigknaquehsc1kzopplm4 /adnim/handler/GobalHandler.ashx?_op=userinfo

2020-05-28 14:57:46:593		离开 htxsigknaquehsc1kzopplm4 /adnim/handler/GobalHandler.ashx?_op=userinfo

2020-05-28 14:59:48:160		进入 htxsigknaquehsc1kzopplm4 /adnim/handler/gobalhandler.ashx?_op=getmenu

2020-05-28 14:59:48:161		离开 htxsigknaquehsc1kzopplm4 /adnim/handler/gobalhandler.ashx?_op=getmenu

2020-05-28 14:59:48:663		进入 htxsigknaquehsc1kzopplm4 /adnim/handler/GobalHandler.ashx?_op=userinfo

2020-05-28 14:59:48:664		离开 htxsigknaquehsc1kzopplm4 /adnim/handler/GobalHandler.ashx?_op=userinfo

2020-05-28 15:00:25:294		进入 htxsigknaquehsc1kzopplm4 /adnim/handler/gobalhandler.ashx?_op=getmenu

2020-05-28 15:00:25:296		离开 htxsigknaquehsc1kzopplm4 /adnim/handler/gobalhandler.ashx?_op=getmenu

2020-05-28 15:00:25:798		进入 htxsigknaquehsc1kzopplm4 /adnim/handler/GobalHandler.ashx?_op=userinfo

2020-05-28 15:00:25:799		离开 htxsigknaquehsc1kzopplm4 /adnim/handler/GobalHandler.ashx?_op=userinfo

2020-05-28 15:01:52:838		进入 htxsigknaquehsc1kzopplm4 /adnim/handler/gobalhandler.ashx?_op=getmenu

2020-05-28 15:01:52:839		离开 htxsigknaquehsc1kzopplm4 /adnim/handler/gobalhandler.ashx?_op=getmenu

2020-05-28 15:01:53:342		进入 htxsigknaquehsc1kzopplm4 /adnim/handler/GobalHandler.ashx?_op=userinfo

2020-05-28 15:01:53:344		离开 htxsigknaquehsc1kzopplm4 /adnim/handler/GobalHandler.ashx?_op=userinfo

2020-05-28 15:07:22:380		进入 htxsigknaquehsc1kzopplm4 /adnim/handler/gobalhandler.ashx?_op=getmenu

2020-05-28 15:07:22:381		离开 htxsigknaquehsc1kzopplm4 /adnim/handler/gobalhandler.ashx?_op=getmenu

2020-05-28 15:07:22:883		进入 htxsigknaquehsc1kzopplm4 /adnim/handler/GobalHandler.ashx?_op=userinfo

2020-05-28 15:07:22:884		离开 htxsigknaquehsc1kzopplm4 /adnim/handler/GobalHandler.ashx?_op=userinfo

2020-05-28 15:07:39:719		进入 htxsigknaquehsc1kzopplm4 /adnim/handler/gobalhandler.ashx?_op=getmenu

2020-05-28 15:07:39:721		离开 htxsigknaquehsc1kzopplm4 /adnim/handler/gobalhandler.ashx?_op=getmenu

2020-05-28 15:07:39:723		进入 htxsigknaquehsc1kzopplm4 /adnim/handler/GobalHandler.ashx?_op=userinfo

2020-05-28 15:07:39:724		离开 htxsigknaquehsc1kzopplm4 /adnim/handler/GobalHandler.ashx?_op=userinfo

2020-05-28 15:08:05:290		进入 htxsigknaquehsc1kzopplm4 /adnim/handler/gobalhandler.ashx?_op=getmenu

2020-05-28 15:08:05:291		离开 htxsigknaquehsc1kzopplm4 /adnim/handler/gobalhandler.ashx?_op=getmenu

2020-05-28 15:08:05:794		进入 htxsigknaquehsc1kzopplm4 /adnim/handler/GobalHandler.ashx?_op=userinfo

2020-05-28 15:08:05:795		离开 htxsigknaquehsc1kzopplm4 /adnim/handler/GobalHandler.ashx?_op=userinfo

2020-05-28 15:08:15:310		进入 htxsigknaquehsc1kzopplm4 /adnim/handler/gobalhandler.ashx?_op=getmenu

2020-05-28 15:08:15:312		离开 htxsigknaquehsc1kzopplm4 /adnim/handler/gobalhandler.ashx?_op=getmenu

2020-05-28 15:08:15:821		进入 htxsigknaquehsc1kzopplm4 /adnim/handler/GobalHandler.ashx?_op=userinfo

2020-05-28 15:08:15:824		离开 htxsigknaquehsc1kzopplm4 /adnim/handler/GobalHandler.ashx?_op=userinfo

2020-05-28 15:08:31:501		进入 htxsigknaquehsc1kzopplm4 /adnim/handler/gobalhandler.ashx?_op=getmenu

2020-05-28 15:08:31:502		离开 htxsigknaquehsc1kzopplm4 /adnim/handler/gobalhandler.ashx?_op=getmenu

2020-05-28 15:08:32:5		进入 htxsigknaquehsc1kzopplm4 /adnim/handler/GobalHandler.ashx?_op=userinfo

2020-05-28 15:08:32:6		离开 htxsigknaquehsc1kzopplm4 /adnim/handler/GobalHandler.ashx?_op=userinfo

2020-05-28 15:08:53:100		进入 htxsigknaquehsc1kzopplm4 /adnim/handler/gobalhandler.ashx?_op=getmenu

2020-05-28 15:08:53:101		离开 htxsigknaquehsc1kzopplm4 /adnim/handler/gobalhandler.ashx?_op=getmenu

2020-05-28 15:08:53:603		进入 htxsigknaquehsc1kzopplm4 /adnim/handler/GobalHandler.ashx?_op=userinfo

2020-05-28 15:08:53:603		离开 htxsigknaquehsc1kzopplm4 /adnim/handler/GobalHandler.ashx?_op=userinfo

2020-05-28 15:09:17:320		进入 htxsigknaquehsc1kzopplm4 /adnim/handler/gobalhandler.ashx?_op=getmenu

2020-05-28 15:09:17:321		离开 htxsigknaquehsc1kzopplm4 /adnim/handler/gobalhandler.ashx?_op=getmenu

2020-05-28 15:09:17:824		进入 htxsigknaquehsc1kzopplm4 /adnim/handler/GobalHandler.ashx?_op=userinfo

2020-05-28 15:09:17:825		离开 htxsigknaquehsc1kzopplm4 /adnim/handler/GobalHandler.ashx?_op=userinfo

2020-05-28 15:10:02:494		进入 htxsigknaquehsc1kzopplm4 /adnim/handler/gobalhandler.ashx?_op=getmenu

2020-05-28 15:10:02:495		离开 htxsigknaquehsc1kzopplm4 /adnim/handler/gobalhandler.ashx?_op=getmenu

2020-05-28 15:10:02:998		进入 htxsigknaquehsc1kzopplm4 /adnim/handler/GobalHandler.ashx?_op=userinfo

2020-05-28 15:10:02:999		离开 htxsigknaquehsc1kzopplm4 /adnim/handler/GobalHandler.ashx?_op=userinfo

2020-05-28 15:10:47:435		进入 htxsigknaquehsc1kzopplm4 /adnim/handler/gobalhandler.ashx?_op=getmenu

2020-05-28 15:10:47:503		离开 htxsigknaquehsc1kzopplm4 /adnim/handler/gobalhandler.ashx?_op=getmenu

2020-05-28 15:10:47:925		进入 htxsigknaquehsc1kzopplm4 /adnim/handler/GobalHandler.ashx?_op=userinfo

2020-05-28 15:10:47:935		离开 htxsigknaquehsc1kzopplm4 /adnim/handler/GobalHandler.ashx?_op=userinfo

2020-05-28 15:11:14:246		进入 htxsigknaquehsc1kzopplm4 /adnim/handler/gobalhandler.ashx?_op=getmenu

2020-05-28 15:11:14:247		离开 htxsigknaquehsc1kzopplm4 /adnim/handler/gobalhandler.ashx?_op=getmenu

2020-05-28 15:11:14:749		进入 htxsigknaquehsc1kzopplm4 /adnim/handler/GobalHandler.ashx?_op=userinfo

2020-05-28 15:11:14:750		离开 htxsigknaquehsc1kzopplm4 /adnim/handler/GobalHandler.ashx?_op=userinfo

2020-05-28 15:11:43:349		进入 htxsigknaquehsc1kzopplm4 /adnim/handler/gobalhandler.ashx?_op=getmenu

2020-05-28 15:11:43:350		离开 htxsigknaquehsc1kzopplm4 /adnim/handler/gobalhandler.ashx?_op=getmenu

2020-05-28 15:11:43:865		进入 htxsigknaquehsc1kzopplm4 /adnim/handler/GobalHandler.ashx?_op=userinfo

2020-05-28 15:11:43:867		离开 htxsigknaquehsc1kzopplm4 /adnim/handler/GobalHandler.ashx?_op=userinfo

2020-05-28 15:12:20:156		进入 htxsigknaquehsc1kzopplm4 /adnim/handler/gobalhandler.ashx?_op=getmenu

2020-05-28 15:12:20:158		离开 htxsigknaquehsc1kzopplm4 /adnim/handler/gobalhandler.ashx?_op=getmenu

2020-05-28 15:12:20:161		进入 htxsigknaquehsc1kzopplm4 /adnim/handler/GobalHandler.ashx?_op=userinfo

2020-05-28 15:12:20:162		离开 htxsigknaquehsc1kzopplm4 /adnim/handler/GobalHandler.ashx?_op=userinfo

2020-05-28 15:12:29:920		进入 htxsigknaquehsc1kzopplm4 /adnim/handler/gobalhandler.ashx?_op=getmenu

2020-05-28 15:12:29:921		离开 htxsigknaquehsc1kzopplm4 /adnim/handler/gobalhandler.ashx?_op=getmenu

2020-05-28 15:12:30:422		进入 htxsigknaquehsc1kzopplm4 /adnim/handler/GobalHandler.ashx?_op=userinfo

2020-05-28 15:12:30:423		离开 htxsigknaquehsc1kzopplm4 /adnim/handler/GobalHandler.ashx?_op=userinfo

2020-05-28 15:12:57:416		进入 htxsigknaquehsc1kzopplm4 /adnim/handler/gobalhandler.ashx?_op=getmenu

2020-05-28 15:12:57:418		离开 htxsigknaquehsc1kzopplm4 /adnim/handler/gobalhandler.ashx?_op=getmenu

2020-05-28 15:12:57:420		进入 htxsigknaquehsc1kzopplm4 /adnim/handler/GobalHandler.ashx?_op=userinfo

2020-05-28 15:12:57:421		离开 htxsigknaquehsc1kzopplm4 /adnim/handler/GobalHandler.ashx?_op=userinfo

2020-05-28 15:13:15:957		进入 htxsigknaquehsc1kzopplm4 /adnim/handler/gobalhandler.ashx?_op=getmenu

2020-05-28 15:13:15:960		离开 htxsigknaquehsc1kzopplm4 /adnim/handler/gobalhandler.ashx?_op=getmenu

2020-05-28 15:13:15:962		进入 htxsigknaquehsc1kzopplm4 /adnim/handler/GobalHandler.ashx?_op=userinfo

2020-05-28 15:13:15:963		离开 htxsigknaquehsc1kzopplm4 /adnim/handler/GobalHandler.ashx?_op=userinfo

2020-05-28 15:13:28:844		进入 htxsigknaquehsc1kzopplm4 /adnim/handler/gobalhandler.ashx?_op=getmenu

2020-05-28 15:13:28:846		离开 htxsigknaquehsc1kzopplm4 /adnim/handler/gobalhandler.ashx?_op=getmenu

2020-05-28 15:13:29:347		进入 htxsigknaquehsc1kzopplm4 /adnim/handler/GobalHandler.ashx?_op=userinfo

2020-05-28 15:13:29:348		离开 htxsigknaquehsc1kzopplm4 /adnim/handler/GobalHandler.ashx?_op=userinfo

2020-05-28 15:13:58:491		进入 htxsigknaquehsc1kzopplm4 /adnim/handler/gobalhandler.ashx?_op=getmenu

2020-05-28 15:13:58:493		离开 htxsigknaquehsc1kzopplm4 /adnim/handler/gobalhandler.ashx?_op=getmenu

2020-05-28 15:13:58:495		进入 htxsigknaquehsc1kzopplm4 /adnim/handler/GobalHandler.ashx?_op=userinfo

2020-05-28 15:13:58:496		离开 htxsigknaquehsc1kzopplm4 /adnim/handler/GobalHandler.ashx?_op=userinfo

2020-05-28 15:14:40:604		进入 htxsigknaquehsc1kzopplm4 /adnim/handler/gobalhandler.ashx?_op=getmenu

2020-05-28 15:14:40:605		离开 htxsigknaquehsc1kzopplm4 /adnim/handler/gobalhandler.ashx?_op=getmenu

2020-05-28 15:14:41:108		进入 htxsigknaquehsc1kzopplm4 /adnim/handler/GobalHandler.ashx?_op=userinfo

2020-05-28 15:14:41:109		离开 htxsigknaquehsc1kzopplm4 /adnim/handler/GobalHandler.ashx?_op=userinfo

2020-05-28 15:15:01:581		进入 htxsigknaquehsc1kzopplm4 /adnim/handler/gobalhandler.ashx?_op=getmenu

2020-05-28 15:15:01:582		离开 htxsigknaquehsc1kzopplm4 /adnim/handler/gobalhandler.ashx?_op=getmenu

2020-05-28 15:15:01:585		进入 htxsigknaquehsc1kzopplm4 /adnim/handler/GobalHandler.ashx?_op=userinfo

2020-05-28 15:15:01:586		离开 htxsigknaquehsc1kzopplm4 /adnim/handler/GobalHandler.ashx?_op=userinfo

2020-05-28 15:15:24:673		进入 htxsigknaquehsc1kzopplm4 /adnim/handler/gobalhandler.ashx?_op=getmenu

2020-05-28 15:15:24:674		离开 htxsigknaquehsc1kzopplm4 /adnim/handler/gobalhandler.ashx?_op=getmenu

2020-05-28 15:15:24:677		进入 htxsigknaquehsc1kzopplm4 /adnim/handler/GobalHandler.ashx?_op=userinfo

2020-05-28 15:15:24:677		离开 htxsigknaquehsc1kzopplm4 /adnim/handler/GobalHandler.ashx?_op=userinfo

2020-05-28 15:15:34:407		进入 htxsigknaquehsc1kzopplm4 /adnim/handler/gobalhandler.ashx?_op=getmenu

2020-05-28 15:15:34:409		离开 htxsigknaquehsc1kzopplm4 /adnim/handler/gobalhandler.ashx?_op=getmenu

2020-05-28 15:15:34:913		进入 htxsigknaquehsc1kzopplm4 /adnim/handler/GobalHandler.ashx?_op=userinfo

2020-05-28 15:15:34:916		离开 htxsigknaquehsc1kzopplm4 /adnim/handler/GobalHandler.ashx?_op=userinfo

2020-05-28 15:15:42:118		进入 htxsigknaquehsc1kzopplm4 /adnim/handler/gobalhandler.ashx?_op=getmenu

2020-05-28 15:15:42:120		离开 htxsigknaquehsc1kzopplm4 /adnim/handler/gobalhandler.ashx?_op=getmenu

2020-05-28 15:15:42:631		进入 htxsigknaquehsc1kzopplm4 /adnim/handler/GobalHandler.ashx?_op=userinfo

2020-05-28 15:15:42:632		离开 htxsigknaquehsc1kzopplm4 /adnim/handler/GobalHandler.ashx?_op=userinfo

2020-05-28 15:16:22:380		进入 htxsigknaquehsc1kzopplm4 /adnim/handler/gobalhandler.ashx?_op=getmenu

2020-05-28 15:16:22:381		离开 htxsigknaquehsc1kzopplm4 /adnim/handler/gobalhandler.ashx?_op=getmenu

2020-05-28 15:16:22:884		进入 htxsigknaquehsc1kzopplm4 /adnim/handler/GobalHandler.ashx?_op=userinfo

2020-05-28 15:16:22:885		离开 htxsigknaquehsc1kzopplm4 /adnim/handler/GobalHandler.ashx?_op=userinfo

2020-05-28 15:17:29:417		进入 htxsigknaquehsc1kzopplm4 /adnim/handler/gobalhandler.ashx?_op=getmenu

2020-05-28 15:17:29:418		离开 htxsigknaquehsc1kzopplm4 /adnim/handler/gobalhandler.ashx?_op=getmenu

2020-05-28 15:17:29:920		进入 htxsigknaquehsc1kzopplm4 /adnim/handler/GobalHandler.ashx?_op=userinfo

2020-05-28 15:17:29:920		离开 htxsigknaquehsc1kzopplm4 /adnim/handler/GobalHandler.ashx?_op=userinfo

2020-05-28 15:19:10:764		进入 htxsigknaquehsc1kzopplm4 /adnim/handler/gobalhandler.ashx?_op=getmenu

2020-05-28 15:19:10:767		离开 htxsigknaquehsc1kzopplm4 /adnim/handler/gobalhandler.ashx?_op=getmenu

2020-05-28 15:19:10:771		进入 htxsigknaquehsc1kzopplm4 /adnim/handler/GobalHandler.ashx?_op=userinfo

2020-05-28 15:19:10:772		离开 htxsigknaquehsc1kzopplm4 /adnim/handler/GobalHandler.ashx?_op=userinfo

2020-05-28 15:22:33:990		进入 htxsigknaquehsc1kzopplm4 /adnim/handler/gobalhandler.ashx?_op=getmenu

2020-05-28 15:22:34:84		离开 htxsigknaquehsc1kzopplm4 /adnim/handler/gobalhandler.ashx?_op=getmenu

2020-05-28 15:22:34:485		进入 htxsigknaquehsc1kzopplm4 /adnim/handler/GobalHandler.ashx?_op=userinfo

2020-05-28 15:22:34:501		离开 htxsigknaquehsc1kzopplm4 /adnim/handler/GobalHandler.ashx?_op=userinfo

2020-05-28 15:23:06:435		进入 htxsigknaquehsc1kzopplm4 /adnim/handler/gobalhandler.ashx?_op=getmenu

2020-05-28 15:23:06:436		离开 htxsigknaquehsc1kzopplm4 /adnim/handler/gobalhandler.ashx?_op=getmenu

2020-05-28 15:23:06:439		进入 htxsigknaquehsc1kzopplm4 /adnim/handler/GobalHandler.ashx?_op=userinfo

2020-05-28 15:23:06:440		离开 htxsigknaquehsc1kzopplm4 /adnim/handler/GobalHandler.ashx?_op=userinfo

2020-05-28 15:24:04:893		进入 htxsigknaquehsc1kzopplm4 /adnim/handler/gobalhandler.ashx?_op=getmenu

2020-05-28 15:24:04:894		离开 htxsigknaquehsc1kzopplm4 /adnim/handler/gobalhandler.ashx?_op=getmenu

2020-05-28 15:24:05:396		进入 htxsigknaquehsc1kzopplm4 /adnim/handler/GobalHandler.ashx?_op=userinfo

2020-05-28 15:24:05:398		离开 htxsigknaquehsc1kzopplm4 /adnim/handler/GobalHandler.ashx?_op=userinfo

2020-05-28 15:24:22:591		进入 htxsigknaquehsc1kzopplm4 /adnim/handler/gobalhandler.ashx?_op=getmenu

2020-05-28 15:24:22:592		离开 htxsigknaquehsc1kzopplm4 /adnim/handler/gobalhandler.ashx?_op=getmenu

2020-05-28 15:24:23:95		进入 htxsigknaquehsc1kzopplm4 /adnim/handler/GobalHandler.ashx?_op=userinfo

2020-05-28 15:24:23:96		离开 htxsigknaquehsc1kzopplm4 /adnim/handler/GobalHandler.ashx?_op=userinfo

2020-05-28 15:25:04:765		进入 htxsigknaquehsc1kzopplm4 /adnim/handler/gobalhandler.ashx?_op=getmenu

2020-05-28 15:25:04:766		离开 htxsigknaquehsc1kzopplm4 /adnim/handler/gobalhandler.ashx?_op=getmenu

2020-05-28 15:25:05:269		进入 htxsigknaquehsc1kzopplm4 /adnim/handler/GobalHandler.ashx?_op=userinfo

2020-05-28 15:25:05:269		离开 htxsigknaquehsc1kzopplm4 /adnim/handler/GobalHandler.ashx?_op=userinfo

2020-05-28 15:25:45:251		进入 htxsigknaquehsc1kzopplm4 /adnim/handler/gobalhandler.ashx?_op=getmenu

2020-05-28 15:25:45:252		离开 htxsigknaquehsc1kzopplm4 /adnim/handler/gobalhandler.ashx?_op=getmenu

2020-05-28 15:25:45:754		进入 htxsigknaquehsc1kzopplm4 /adnim/handler/GobalHandler.ashx?_op=userinfo

2020-05-28 15:25:45:755		离开 htxsigknaquehsc1kzopplm4 /adnim/handler/GobalHandler.ashx?_op=userinfo

2020-05-28 15:27:47:390		进入 htxsigknaquehsc1kzopplm4 /adnim/handler/gobalhandler.ashx?_op=getmenu

2020-05-28 15:27:47:391		离开 htxsigknaquehsc1kzopplm4 /adnim/handler/gobalhandler.ashx?_op=getmenu

2020-05-28 15:27:47:394		进入 htxsigknaquehsc1kzopplm4 /adnim/handler/GobalHandler.ashx?_op=userinfo

2020-05-28 15:27:47:395		离开 htxsigknaquehsc1kzopplm4 /adnim/handler/GobalHandler.ashx?_op=userinfo

2020-05-28 15:28:50:900		进入 htxsigknaquehsc1kzopplm4 /adnim/handler/gobalhandler.ashx?_op=getmenu

2020-05-28 15:28:50:902		离开 htxsigknaquehsc1kzopplm4 /adnim/handler/gobalhandler.ashx?_op=getmenu

2020-05-28 15:28:51:404		进入 htxsigknaquehsc1kzopplm4 /adnim/handler/GobalHandler.ashx?_op=userinfo

2020-05-28 15:28:51:406		离开 htxsigknaquehsc1kzopplm4 /adnim/handler/GobalHandler.ashx?_op=userinfo

2020-05-28 15:29:39:242		进入 htxsigknaquehsc1kzopplm4 /adnim/handler/gobalhandler.ashx?_op=getmenu

2020-05-28 15:29:39:244		离开 htxsigknaquehsc1kzopplm4 /adnim/handler/gobalhandler.ashx?_op=getmenu

2020-05-28 15:29:39:246		进入 htxsigknaquehsc1kzopplm4 /adnim/handler/GobalHandler.ashx?_op=userinfo

2020-05-28 15:29:39:248		离开 htxsigknaquehsc1kzopplm4 /adnim/handler/GobalHandler.ashx?_op=userinfo

2020-05-28 15:30:25:691		进入 htxsigknaquehsc1kzopplm4 /adnim/handler/gobalhandler.ashx?_op=getmenu

2020-05-28 15:30:25:694		离开 htxsigknaquehsc1kzopplm4 /adnim/handler/gobalhandler.ashx?_op=getmenu

2020-05-28 15:30:25:698		进入 htxsigknaquehsc1kzopplm4 /adnim/handler/GobalHandler.ashx?_op=userinfo

2020-05-28 15:30:25:701		离开 htxsigknaquehsc1kzopplm4 /adnim/handler/GobalHandler.ashx?_op=userinfo

2020-05-28 15:31:44:474		进入 htxsigknaquehsc1kzopplm4 /adnim/handler/gobalhandler.ashx?_op=getmenu

2020-05-28 15:31:44:476		离开 htxsigknaquehsc1kzopplm4 /adnim/handler/gobalhandler.ashx?_op=getmenu

2020-05-28 15:31:44:984		进入 htxsigknaquehsc1kzopplm4 /adnim/handler/GobalHandler.ashx?_op=userinfo

2020-05-28 15:31:44:985		离开 htxsigknaquehsc1kzopplm4 /adnim/handler/GobalHandler.ashx?_op=userinfo

2020-05-28 15:33:13:552		进入 htxsigknaquehsc1kzopplm4 /adnim/handler/gobalhandler.ashx?_op=getmenu

2020-05-28 15:33:13:553		离开 htxsigknaquehsc1kzopplm4 /adnim/handler/gobalhandler.ashx?_op=getmenu

2020-05-28 15:33:14:57		进入 htxsigknaquehsc1kzopplm4 /adnim/handler/GobalHandler.ashx?_op=userinfo

2020-05-28 15:33:14:60		离开 htxsigknaquehsc1kzopplm4 /adnim/handler/GobalHandler.ashx?_op=userinfo

2020-05-28 15:33:36:135		进入 htxsigknaquehsc1kzopplm4 /adnim/handler/gobalhandler.ashx?_op=getmenu

2020-05-28 15:33:36:136		离开 htxsigknaquehsc1kzopplm4 /adnim/handler/gobalhandler.ashx?_op=getmenu

2020-05-28 15:33:36:139		进入 htxsigknaquehsc1kzopplm4 /adnim/handler/GobalHandler.ashx?_op=userinfo

2020-05-28 15:33:36:140		离开 htxsigknaquehsc1kzopplm4 /adnim/handler/GobalHandler.ashx?_op=userinfo

2020-05-28 15:35:02:522		进入 htxsigknaquehsc1kzopplm4 /adnim/handler/gobalhandler.ashx?_op=getmenu

2020-05-28 15:35:02:524		离开 htxsigknaquehsc1kzopplm4 /adnim/handler/gobalhandler.ashx?_op=getmenu

2020-05-28 15:35:03:26		进入 htxsigknaquehsc1kzopplm4 /adnim/handler/GobalHandler.ashx?_op=userinfo

2020-05-28 15:35:03:27		离开 htxsigknaquehsc1kzopplm4 /adnim/handler/GobalHandler.ashx?_op=userinfo

2020-05-28 15:35:28:0		进入 htxsigknaquehsc1kzopplm4 /adnim/handler/gobalhandler.ashx?_op=getmenu

2020-05-28 15:35:28:1		离开 htxsigknaquehsc1kzopplm4 /adnim/handler/gobalhandler.ashx?_op=getmenu

2020-05-28 15:35:28:502		进入 htxsigknaquehsc1kzopplm4 /adnim/handler/GobalHandler.ashx?_op=userinfo

2020-05-28 15:35:28:503		离开 htxsigknaquehsc1kzopplm4 /adnim/handler/GobalHandler.ashx?_op=userinfo

2020-05-28 15:36:18:350		进入 htxsigknaquehsc1kzopplm4 /adnim/handler/gobalhandler.ashx?_op=getmenu

2020-05-28 15:36:18:417		离开 htxsigknaquehsc1kzopplm4 /adnim/handler/gobalhandler.ashx?_op=getmenu

2020-05-28 15:36:18:845		进入 htxsigknaquehsc1kzopplm4 /adnim/handler/GobalHandler.ashx?_op=userinfo

2020-05-28 15:36:18:853		离开 htxsigknaquehsc1kzopplm4 /adnim/handler/GobalHandler.ashx?_op=userinfo

2020-05-28 15:37:00:942		进入 htxsigknaquehsc1kzopplm4 /adnim/handler/gobalhandler.ashx?_op=getmenu

2020-05-28 15:37:00:944		离开 htxsigknaquehsc1kzopplm4 /adnim/handler/gobalhandler.ashx?_op=getmenu

2020-05-28 15:37:00:951		进入 htxsigknaquehsc1kzopplm4 /adnim/handler/GobalHandler.ashx?_op=userinfo

2020-05-28 15:37:00:952		离开 htxsigknaquehsc1kzopplm4 /adnim/handler/GobalHandler.ashx?_op=userinfo

2020-05-28 15:37:15:105		进入 htxsigknaquehsc1kzopplm4 /adnim/handler/gobalhandler.ashx?_op=getmenu

2020-05-28 15:37:15:108		离开 htxsigknaquehsc1kzopplm4 /adnim/handler/gobalhandler.ashx?_op=getmenu

2020-05-28 15:37:15:610		进入 htxsigknaquehsc1kzopplm4 /adnim/handler/GobalHandler.ashx?_op=userinfo

2020-05-28 15:37:15:612		离开 htxsigknaquehsc1kzopplm4 /adnim/handler/GobalHandler.ashx?_op=userinfo

2020-05-28 15:37:58:581		进入 htxsigknaquehsc1kzopplm4 /adnim/handler/gobalhandler.ashx?_op=getmenu

2020-05-28 15:37:58:582		离开 htxsigknaquehsc1kzopplm4 /adnim/handler/gobalhandler.ashx?_op=getmenu

2020-05-28 15:37:59:84		进入 htxsigknaquehsc1kzopplm4 /adnim/handler/GobalHandler.ashx?_op=userinfo

2020-05-28 15:37:59:85		离开 htxsigknaquehsc1kzopplm4 /adnim/handler/GobalHandler.ashx?_op=userinfo

2020-05-28 15:38:26:183		进入 htxsigknaquehsc1kzopplm4 /adnim/handler/gobalhandler.ashx?_op=getmenu

2020-05-28 15:38:26:184		离开 htxsigknaquehsc1kzopplm4 /adnim/handler/gobalhandler.ashx?_op=getmenu

2020-05-28 15:38:26:189		进入 htxsigknaquehsc1kzopplm4 /adnim/handler/GobalHandler.ashx?_op=userinfo

2020-05-28 15:38:26:191		离开 htxsigknaquehsc1kzopplm4 /adnim/handler/GobalHandler.ashx?_op=userinfo

2020-05-28 15:38:42:726		进入 htxsigknaquehsc1kzopplm4 /adnim/handler/gobalhandler.ashx?_op=getmenu

2020-05-28 15:38:42:727		离开 htxsigknaquehsc1kzopplm4 /adnim/handler/gobalhandler.ashx?_op=getmenu

2020-05-28 15:38:43:236		进入 htxsigknaquehsc1kzopplm4 /adnim/handler/GobalHandler.ashx?_op=userinfo

2020-05-28 15:38:43:237		离开 htxsigknaquehsc1kzopplm4 /adnim/handler/GobalHandler.ashx?_op=userinfo

2020-05-28 15:39:17:975		进入 htxsigknaquehsc1kzopplm4 /adnim/handler/gobalhandler.ashx?_op=getmenu

2020-05-28 15:39:17:977		离开 htxsigknaquehsc1kzopplm4 /adnim/handler/gobalhandler.ashx?_op=getmenu

2020-05-28 15:39:18:481		进入 htxsigknaquehsc1kzopplm4 /adnim/handler/GobalHandler.ashx?_op=userinfo

2020-05-28 15:39:18:482		离开 htxsigknaquehsc1kzopplm4 /adnim/handler/GobalHandler.ashx?_op=userinfo

2020-05-28 15:44:25:133		进入 htxsigknaquehsc1kzopplm4 /adnim/handler/gobalhandler.ashx?_op=getmenu

2020-05-28 15:44:25:134		离开 htxsigknaquehsc1kzopplm4 /adnim/handler/gobalhandler.ashx?_op=getmenu

2020-05-28 15:44:25:137		进入 htxsigknaquehsc1kzopplm4 /adnim/handler/GobalHandler.ashx?_op=userinfo

2020-05-28 15:44:25:138		离开 htxsigknaquehsc1kzopplm4 /adnim/handler/GobalHandler.ashx?_op=userinfo

2020-05-28 15:45:19:511		进入 htxsigknaquehsc1kzopplm4 /adnim/handler/gobalhandler.ashx?_op=getmenu

2020-05-28 15:45:19:512		离开 htxsigknaquehsc1kzopplm4 /adnim/handler/gobalhandler.ashx?_op=getmenu

2020-05-28 15:45:20:15		进入 htxsigknaquehsc1kzopplm4 /adnim/handler/GobalHandler.ashx?_op=userinfo

2020-05-28 15:45:20:19		离开 htxsigknaquehsc1kzopplm4 /adnim/handler/GobalHandler.ashx?_op=userinfo

2020-05-28 15:47:18:418		进入 htxsigknaquehsc1kzopplm4 /adnim/handler/gobalhandler.ashx?_op=getmenu

2020-05-28 15:47:18:421		离开 htxsigknaquehsc1kzopplm4 /adnim/handler/gobalhandler.ashx?_op=getmenu

2020-05-28 15:47:18:922		进入 htxsigknaquehsc1kzopplm4 /adnim/handler/GobalHandler.ashx?_op=userinfo

2020-05-28 15:47:18:922		离开 htxsigknaquehsc1kzopplm4 /adnim/handler/GobalHandler.ashx?_op=userinfo

2020-05-28 15:47:47:904		进入 htxsigknaquehsc1kzopplm4 /adnim/handler/gobalhandler.ashx?_op=getmenu

2020-05-28 15:47:47:906		离开 htxsigknaquehsc1kzopplm4 /adnim/handler/gobalhandler.ashx?_op=getmenu

2020-05-28 15:47:47:909		进入 htxsigknaquehsc1kzopplm4 /adnim/handler/GobalHandler.ashx?_op=userinfo

2020-05-28 15:47:47:910		离开 htxsigknaquehsc1kzopplm4 /adnim/handler/GobalHandler.ashx?_op=userinfo

2020-05-28 15:48:31:869		进入 htxsigknaquehsc1kzopplm4 /adnim/handler/gobalhandler.ashx?_op=getmenu

2020-05-28 15:48:31:871		离开 htxsigknaquehsc1kzopplm4 /adnim/handler/gobalhandler.ashx?_op=getmenu

2020-05-28 15:48:32:374		进入 htxsigknaquehsc1kzopplm4 /adnim/handler/GobalHandler.ashx?_op=userinfo

2020-05-28 15:48:32:375		离开 htxsigknaquehsc1kzopplm4 /adnim/handler/GobalHandler.ashx?_op=userinfo

2020-05-28 15:51:47:292		进入 htxsigknaquehsc1kzopplm4 /adnim/handler/gobalhandler.ashx?_op=getmenu

2020-05-28 15:51:47:293		离开 htxsigknaquehsc1kzopplm4 /adnim/handler/gobalhandler.ashx?_op=getmenu

2020-05-28 15:51:47:296		进入 htxsigknaquehsc1kzopplm4 /adnim/handler/GobalHandler.ashx?_op=userinfo

2020-05-28 15:51:47:297		离开 htxsigknaquehsc1kzopplm4 /adnim/handler/GobalHandler.ashx?_op=userinfo

2020-05-28 15:52:07:111		进入 htxsigknaquehsc1kzopplm4 /adnim/handler/gobalhandler.ashx?_op=getmenu

2020-05-28 15:52:07:112		离开 htxsigknaquehsc1kzopplm4 /adnim/handler/gobalhandler.ashx?_op=getmenu

2020-05-28 15:52:07:614		进入 htxsigknaquehsc1kzopplm4 /adnim/handler/GobalHandler.ashx?_op=userinfo

2020-05-28 15:52:07:615		离开 htxsigknaquehsc1kzopplm4 /adnim/handler/GobalHandler.ashx?_op=userinfo

2020-05-28 15:55:18:158		进入 htxsigknaquehsc1kzopplm4 /adnim/handler/gobalhandler.ashx?_op=getmenu

2020-05-28 15:55:18:159		离开 htxsigknaquehsc1kzopplm4 /adnim/handler/gobalhandler.ashx?_op=getmenu

2020-05-28 15:55:18:662		进入 htxsigknaquehsc1kzopplm4 /adnim/handler/GobalHandler.ashx?_op=userinfo

2020-05-28 15:55:18:663		离开 htxsigknaquehsc1kzopplm4 /adnim/handler/GobalHandler.ashx?_op=userinfo

2020-05-28 15:58:22:980		进入 htxsigknaquehsc1kzopplm4 /adnim/handler/gobalhandler.ashx?_op=getmenu

2020-05-28 15:58:22:981		离开 htxsigknaquehsc1kzopplm4 /adnim/handler/gobalhandler.ashx?_op=getmenu

2020-05-28 15:58:23:482		进入 htxsigknaquehsc1kzopplm4 /adnim/handler/GobalHandler.ashx?_op=userinfo

2020-05-28 15:58:23:484		离开 htxsigknaquehsc1kzopplm4 /adnim/handler/GobalHandler.ashx?_op=userinfo

2020-05-28 15:58:49:75		进入 htxsigknaquehsc1kzopplm4 /adnim/handler/gobalhandler.ashx?_op=getmenu

2020-05-28 15:58:49:77		离开 htxsigknaquehsc1kzopplm4 /adnim/handler/gobalhandler.ashx?_op=getmenu

2020-05-28 15:58:49:582		进入 htxsigknaquehsc1kzopplm4 /adnim/handler/GobalHandler.ashx?_op=userinfo

2020-05-28 15:58:49:585		离开 htxsigknaquehsc1kzopplm4 /adnim/handler/GobalHandler.ashx?_op=userinfo

2020-05-28 16:01:05:930		进入 htxsigknaquehsc1kzopplm4 /adnim/handler/GobalHandler.ashx?_op=userinfo

2020-05-28 16:01:05:994		离开 htxsigknaquehsc1kzopplm4 /adnim/handler/GobalHandler.ashx?_op=userinfo

2020-05-28 16:01:06:423		进入 htxsigknaquehsc1kzopplm4 /adnim/handler/gobalhandler.ashx?_op=getmenu

2020-05-28 16:01:06:430		离开 htxsigknaquehsc1kzopplm4 /adnim/handler/gobalhandler.ashx?_op=getmenu

2020-05-28 16:01:32:199		进入 htxsigknaquehsc1kzopplm4 /adnim/handler/gobalhandler.ashx?_op=getmenu

2020-05-28 16:01:32:201		离开 htxsigknaquehsc1kzopplm4 /adnim/handler/gobalhandler.ashx?_op=getmenu

2020-05-28 16:01:32:206		进入 htxsigknaquehsc1kzopplm4 /adnim/handler/GobalHandler.ashx?_op=userinfo

2020-05-28 16:01:32:207		离开 htxsigknaquehsc1kzopplm4 /adnim/handler/GobalHandler.ashx?_op=userinfo

2020-05-28 16:02:04:16		进入 htxsigknaquehsc1kzopplm4 /adnim/handler/gobalhandler.ashx?_op=getmenu

2020-05-28 16:02:04:18		离开 htxsigknaquehsc1kzopplm4 /adnim/handler/gobalhandler.ashx?_op=getmenu

2020-05-28 16:02:04:19		进入 htxsigknaquehsc1kzopplm4 /adnim/handler/GobalHandler.ashx?_op=userinfo

2020-05-28 16:02:04:20		离开 htxsigknaquehsc1kzopplm4 /adnim/handler/GobalHandler.ashx?_op=userinfo

2020-05-28 16:08:17:668		进入 htxsigknaquehsc1kzopplm4 /adnim/handler/gobalhandler.ashx?_op=getmenu

2020-05-28 16:08:17:670		离开 htxsigknaquehsc1kzopplm4 /adnim/handler/gobalhandler.ashx?_op=getmenu

2020-05-28 16:08:17:681		进入 htxsigknaquehsc1kzopplm4 /adnim/handler/GobalHandler.ashx?_op=userinfo

2020-05-28 16:08:17:682		离开 htxsigknaquehsc1kzopplm4 /adnim/handler/GobalHandler.ashx?_op=userinfo

2020-05-28 16:09:37:207		进入 htxsigknaquehsc1kzopplm4 /adnim/handler/gobalhandler.ashx?_op=getmenu

2020-05-28 16:09:37:210		离开 htxsigknaquehsc1kzopplm4 /adnim/handler/gobalhandler.ashx?_op=getmenu

2020-05-28 16:09:37:222		进入 htxsigknaquehsc1kzopplm4 /adnim/handler/GobalHandler.ashx?_op=userinfo

2020-05-28 16:09:37:224		离开 htxsigknaquehsc1kzopplm4 /adnim/handler/GobalHandler.ashx?_op=userinfo

2020-05-28 16:12:56:275		进入 htxsigknaquehsc1kzopplm4 /adnim/handler/gobalhandler.ashx?_op=getmenu

2020-05-28 16:12:56:276		离开 htxsigknaquehsc1kzopplm4 /adnim/handler/gobalhandler.ashx?_op=getmenu

2020-05-28 16:12:56:787		进入 htxsigknaquehsc1kzopplm4 /adnim/handler/GobalHandler.ashx?_op=userinfo

2020-05-28 16:12:56:788		离开 htxsigknaquehsc1kzopplm4 /adnim/handler/GobalHandler.ashx?_op=userinfo

2020-05-28 16:13:01:424		进入 htxsigknaquehsc1kzopplm4 /adnim/handler/gobalhandler.ashx?_op=getmenu

2020-05-28 16:13:01:425		离开 htxsigknaquehsc1kzopplm4 /adnim/handler/gobalhandler.ashx?_op=getmenu

2020-05-28 16:13:01:930		进入 htxsigknaquehsc1kzopplm4 /adnim/handler/GobalHandler.ashx?_op=userinfo

2020-05-28 16:13:01:932		离开 htxsigknaquehsc1kzopplm4 /adnim/handler/GobalHandler.ashx?_op=userinfo

2020-05-28 16:13:25:252		进入 htxsigknaquehsc1kzopplm4 /adnim/handler/gobalhandler.ashx?_op=getmenu

2020-05-28 16:13:25:253		离开 htxsigknaquehsc1kzopplm4 /adnim/handler/gobalhandler.ashx?_op=getmenu

2020-05-28 16:13:25:256		进入 htxsigknaquehsc1kzopplm4 /adnim/handler/GobalHandler.ashx?_op=userinfo

2020-05-28 16:13:25:257		离开 htxsigknaquehsc1kzopplm4 /adnim/handler/GobalHandler.ashx?_op=userinfo

2020-05-28 16:14:26:57		进入 htxsigknaquehsc1kzopplm4 /adnim/handler/gobalhandler.ashx?_op=getmenu

2020-05-28 16:14:26:58		离开 htxsigknaquehsc1kzopplm4 /adnim/handler/gobalhandler.ashx?_op=getmenu

2020-05-28 16:14:26:561		进入 htxsigknaquehsc1kzopplm4 /adnim/handler/GobalHandler.ashx?_op=userinfo

2020-05-28 16:14:26:562		离开 htxsigknaquehsc1kzopplm4 /adnim/handler/GobalHandler.ashx?_op=userinfo

2020-05-28 16:15:40:7		进入 htxsigknaquehsc1kzopplm4 /adnim/handler/gobalhandler.ashx?_op=getmenu

2020-05-28 16:15:40:9		离开 htxsigknaquehsc1kzopplm4 /adnim/handler/gobalhandler.ashx?_op=getmenu

2020-05-28 16:15:40:12		进入 htxsigknaquehsc1kzopplm4 /adnim/handler/GobalHandler.ashx?_op=userinfo

2020-05-28 16:15:40:14		离开 htxsigknaquehsc1kzopplm4 /adnim/handler/GobalHandler.ashx?_op=userinfo

2020-05-28 16:15:46:778		进入 htxsigknaquehsc1kzopplm4 /adnim/handler/gobalhandler.ashx?_op=getmenu

2020-05-28 16:15:46:779		离开 htxsigknaquehsc1kzopplm4 /adnim/handler/gobalhandler.ashx?_op=getmenu

2020-05-28 16:15:47:281		进入 htxsigknaquehsc1kzopplm4 /adnim/handler/GobalHandler.ashx?_op=userinfo

2020-05-28 16:15:47:282		离开 htxsigknaquehsc1kzopplm4 /adnim/handler/GobalHandler.ashx?_op=userinfo

2020-05-28 16:15:53:97		进入 htxsigknaquehsc1kzopplm4 /adnim/handler/gobalhandler.ashx?_op=getmenu

2020-05-28 16:15:53:100		离开 htxsigknaquehsc1kzopplm4 /adnim/handler/gobalhandler.ashx?_op=getmenu

2020-05-28 16:15:53:601		进入 htxsigknaquehsc1kzopplm4 /adnim/handler/GobalHandler.ashx?_op=userinfo

2020-05-28 16:15:53:603		离开 htxsigknaquehsc1kzopplm4 /adnim/handler/GobalHandler.ashx?_op=userinfo

2020-05-28 16:35:01:374		进入 htxsigknaquehsc1kzopplm4 /adnim/handler/gobalhandler.ashx?_op=getmenu

2020-05-28 16:35:01:376		离开 htxsigknaquehsc1kzopplm4 /adnim/handler/gobalhandler.ashx?_op=getmenu

2020-05-28 16:35:01:889		进入 htxsigknaquehsc1kzopplm4 /adnim/handler/GobalHandler.ashx?_op=userinfo

2020-05-28 16:35:01:889		离开 htxsigknaquehsc1kzopplm4 /adnim/handler/GobalHandler.ashx?_op=userinfo

2020-05-28 16:36:47:501		进入 htxsigknaquehsc1kzopplm4 /adnim/handler/gobalhandler.ashx?_op=getmenu

2020-05-28 16:36:47:503		离开 htxsigknaquehsc1kzopplm4 /adnim/handler/gobalhandler.ashx?_op=getmenu

2020-05-28 16:36:48:4		进入 htxsigknaquehsc1kzopplm4 /adnim/handler/GobalHandler.ashx?_op=userinfo

2020-05-28 16:36:48:5		离开 htxsigknaquehsc1kzopplm4 /adnim/handler/GobalHandler.ashx?_op=userinfo

2020-05-28 16:44:46:707		进入 htxsigknaquehsc1kzopplm4 /adnim/handler/gobalhandler.ashx?_op=getmenu

2020-05-28 16:44:46:709		离开 htxsigknaquehsc1kzopplm4 /adnim/handler/gobalhandler.ashx?_op=getmenu

2020-05-28 16:44:47:209		进入 htxsigknaquehsc1kzopplm4 /adnim/handler/GobalHandler.ashx?_op=userinfo

2020-05-28 16:44:47:210		离开 htxsigknaquehsc1kzopplm4 /adnim/handler/GobalHandler.ashx?_op=userinfo

2020-05-28 16:44:53:929		进入 htxsigknaquehsc1kzopplm4 /adnim/handler/gobalhandler.ashx?_op=getmenu

2020-05-28 16:44:53:930		离开 htxsigknaquehsc1kzopplm4 /adnim/handler/gobalhandler.ashx?_op=getmenu

2020-05-28 16:44:53:936		进入 htxsigknaquehsc1kzopplm4 /adnim/handler/GobalHandler.ashx?_op=userinfo

2020-05-28 16:44:53:937		离开 htxsigknaquehsc1kzopplm4 /adnim/handler/GobalHandler.ashx?_op=userinfo

2020-05-28 16:45:01:312		进入 htxsigknaquehsc1kzopplm4 /adnim/handler/gobalhandler.ashx?_op=getmenu

2020-05-28 16:45:01:313		离开 htxsigknaquehsc1kzopplm4 /adnim/handler/gobalhandler.ashx?_op=getmenu

2020-05-28 16:45:01:829		进入 htxsigknaquehsc1kzopplm4 /adnim/handler/GobalHandler.ashx?_op=userinfo

2020-05-28 16:45:01:830		离开 htxsigknaquehsc1kzopplm4 /adnim/handler/GobalHandler.ashx?_op=userinfo

2020-05-28 17:27:35:402		进入 htxsigknaquehsc1kzopplm4 /adnim/handler/gobalhandler.ashx?_op=getmenu

2020-05-28 17:27:35:409		离开 htxsigknaquehsc1kzopplm4 /adnim/handler/gobalhandler.ashx?_op=getmenu

2020-05-28 17:27:35:904		进入 htxsigknaquehsc1kzopplm4 /adnim/handler/GobalHandler.ashx?_op=userinfo

2020-05-28 17:27:35:906		离开 htxsigknaquehsc1kzopplm4 /adnim/handler/GobalHandler.ashx?_op=userinfo

2020-05-28 17:27:39:184		进入 htxsigknaquehsc1kzopplm4 /adnim/handler/gobalhandler.ashx?_op=getmenu

2020-05-28 17:27:39:186		离开 htxsigknaquehsc1kzopplm4 /adnim/handler/gobalhandler.ashx?_op=getmenu

2020-05-28 17:27:39:693		进入 htxsigknaquehsc1kzopplm4 /adnim/handler/GobalHandler.ashx?_op=userinfo

2020-05-28 17:27:39:693		离开 htxsigknaquehsc1kzopplm4 /adnim/handler/GobalHandler.ashx?_op=userinfo

2020-05-28 17:30:06:136		进入 htxsigknaquehsc1kzopplm4 /adnim/handler/gobalhandler.ashx?_op=getmenu

2020-05-28 17:30:06:137		离开 htxsigknaquehsc1kzopplm4 /adnim/handler/gobalhandler.ashx?_op=getmenu

2020-05-28 17:30:06:657		进入 htxsigknaquehsc1kzopplm4 /adnim/handler/GobalHandler.ashx?_op=userinfo

2020-05-28 17:30:06:659		离开 htxsigknaquehsc1kzopplm4 /adnim/handler/GobalHandler.ashx?_op=userinfo

2020-05-28 17:30:20:687		进入 htxsigknaquehsc1kzopplm4 /adnim/handler/gobalhandler.ashx?_op=getmenu

2020-05-28 17:30:20:688		离开 htxsigknaquehsc1kzopplm4 /adnim/handler/gobalhandler.ashx?_op=getmenu

2020-05-28 17:30:21:192		进入 htxsigknaquehsc1kzopplm4 /adnim/handler/GobalHandler.ashx?_op=userinfo

2020-05-28 17:30:21:195		离开 htxsigknaquehsc1kzopplm4 /adnim/handler/GobalHandler.ashx?_op=userinfo

2020-05-28 17:30:37:939		进入 htxsigknaquehsc1kzopplm4 /adnim/handler/gobalhandler.ashx?_op=getmenu

2020-05-28 17:30:38:12		离开 htxsigknaquehsc1kzopplm4 /adnim/handler/gobalhandler.ashx?_op=getmenu

2020-05-28 17:30:38:425		进入 htxsigknaquehsc1kzopplm4 /adnim/handler/GobalHandler.ashx?_op=userinfo

2020-05-28 17:30:38:434		离开 htxsigknaquehsc1kzopplm4 /adnim/handler/GobalHandler.ashx?_op=userinfo

2020-05-28 17:31:03:495		进入 htxsigknaquehsc1kzopplm4 /adnim/handler/gobalhandler.ashx?_op=getmenu

2020-05-28 17:31:03:497		离开 htxsigknaquehsc1kzopplm4 /adnim/handler/gobalhandler.ashx?_op=getmenu

2020-05-28 17:31:04:5		进入 htxsigknaquehsc1kzopplm4 /adnim/handler/GobalHandler.ashx?_op=userinfo

2020-05-28 17:31:04:6		离开 htxsigknaquehsc1kzopplm4 /adnim/handler/GobalHandler.ashx?_op=userinfo

2020-05-28 18:18:12:275		进入 htxsigknaquehsc1kzopplm4 /adnim/handler/gobalhandler.ashx?_op=getmenu

2020-05-28 18:18:12:277		离开 htxsigknaquehsc1kzopplm4 /adnim/handler/gobalhandler.ashx?_op=getmenu

2020-05-28 18:18:12:777		进入 htxsigknaquehsc1kzopplm4 /adnim/handler/GobalHandler.ashx?_op=userinfo

2020-05-28 18:18:12:778		离开 htxsigknaquehsc1kzopplm4 /adnim/handler/GobalHandler.ashx?_op=userinfo

2020-05-28 18:18:20:818		进入 htxsigknaquehsc1kzopplm4 /adnim/handler/gobalhandler.ashx?_op=getmenu

2020-05-28 18:18:20:821		离开 htxsigknaquehsc1kzopplm4 /adnim/handler/gobalhandler.ashx?_op=getmenu

2020-05-28 18:18:21:333		进入 htxsigknaquehsc1kzopplm4 /adnim/handler/GobalHandler.ashx?_op=userinfo

2020-05-28 18:18:21:334		离开 htxsigknaquehsc1kzopplm4 /adnim/handler/GobalHandler.ashx?_op=userinfo

2020-05-28 18:18:25:339		进入 htxsigknaquehsc1kzopplm4 /adnim/handler/gobalhandler.ashx?_op=getmenu

2020-05-28 18:18:25:340		离开 htxsigknaquehsc1kzopplm4 /adnim/handler/gobalhandler.ashx?_op=getmenu

2020-05-28 18:18:25:854		进入 htxsigknaquehsc1kzopplm4 /adnim/handler/GobalHandler.ashx?_op=userinfo

2020-05-28 18:18:25:855		离开 htxsigknaquehsc1kzopplm4 /adnim/handler/GobalHandler.ashx?_op=userinfo

